mode: set
github.com/echovault/echovault/pkg/echovault/api_acl.go:58.72,60.23 2 0
github.com/echovault/echovault/pkg/echovault/api_acl.go:60.23,62.3 1 0
github.com/echovault/echovault/pkg/echovault/api_acl.go:63.2,64.16 2 0
github.com/echovault/echovault/pkg/echovault/api_acl.go:64.16,66.3 1 0
github.com/echovault/echovault/pkg/echovault/api_acl.go:67.2,67.45 1 0
github.com/echovault/echovault/pkg/echovault/api_acl.go:70.56,72.16 2 0
github.com/echovault/echovault/pkg/echovault/api_acl.go:72.16,74.3 1 0
github.com/echovault/echovault/pkg/echovault/api_acl.go:75.2,75.45 1 0
github.com/echovault/echovault/pkg/echovault/api_acl.go:78.78,81.21 2 0
github.com/echovault/echovault/pkg/echovault/api_acl.go:81.21,83.3 1 0
github.com/echovault/echovault/pkg/echovault/api_acl.go:83.8,85.3 1 0
github.com/echovault/echovault/pkg/echovault/api_acl.go:87.2,87.24 1 0
github.com/echovault/echovault/pkg/echovault/api_acl.go:87.24,89.3 1 0
github.com/echovault/echovault/pkg/echovault/api_acl.go:91.2,91.20 1 0
github.com/echovault/echovault/pkg/echovault/api_acl.go:91.20,93.3 1 0
github.com/echovault/echovault/pkg/echovault/api_acl.go:95.2,95.24 1 0
github.com/echovault/echovault/pkg/echovault/api_acl.go:95.24,97.3 1 0
github.com/echovault/echovault/pkg/echovault/api_acl.go:99.2,99.23 1 0
github.com/echovault/echovault/pkg/echovault/api_acl.go:99.23,101.3 1 0
github.com/echovault/echovault/pkg/echovault/api_acl.go:103.2,103.23 1 0
github.com/echovault/echovault/pkg/echovault/api_acl.go:103.23,105.3 1 0
github.com/echovault/echovault/pkg/echovault/api_acl.go:107.2,107.27 1 0
github.com/echovault/echovault/pkg/echovault/api_acl.go:107.27,109.3 1 0
github.com/echovault/echovault/pkg/echovault/api_acl.go:111.2,111.53 1 0
github.com/echovault/echovault/pkg/echovault/api_acl.go:111.53,113.3 1 0
github.com/echovault/echovault/pkg/echovault/api_acl.go:115.2,115.56 1 0
github.com/echovault/echovault/pkg/echovault/api_acl.go:115.56,117.3 1 0
github.com/echovault/echovault/pkg/echovault/api_acl.go:119.2,119.52 1 0
github.com/echovault/echovault/pkg/echovault/api_acl.go:119.52,121.3 1 0
github.com/echovault/echovault/pkg/echovault/api_acl.go:123.2,123.55 1 0
github.com/echovault/echovault/pkg/echovault/api_acl.go:123.55,125.3 1 0
github.com/echovault/echovault/pkg/echovault/api_acl.go:127.2,127.53 1 0
github.com/echovault/echovault/pkg/echovault/api_acl.go:127.53,129.3 1 0
github.com/echovault/echovault/pkg/echovault/api_acl.go:131.2,131.53 1 0
github.com/echovault/echovault/pkg/echovault/api_acl.go:131.53,133.3 1 0
github.com/echovault/echovault/pkg/echovault/api_acl.go:135.2,135.50 1 0
github.com/echovault/echovault/pkg/echovault/api_acl.go:135.50,137.3 1 0
github.com/echovault/echovault/pkg/echovault/api_acl.go:139.2,139.50 1 0
github.com/echovault/echovault/pkg/echovault/api_acl.go:139.50,141.3 1 0
github.com/echovault/echovault/pkg/echovault/api_acl.go:143.2,143.51 1 0
github.com/echovault/echovault/pkg/echovault/api_acl.go:143.51,145.3 1 0
github.com/echovault/echovault/pkg/echovault/api_acl.go:147.2,147.46 1 0
github.com/echovault/echovault/pkg/echovault/api_acl.go:147.46,149.3 1 0
github.com/echovault/echovault/pkg/echovault/api_acl.go:151.2,151.47 1 0
github.com/echovault/echovault/pkg/echovault/api_acl.go:151.47,153.3 1 0
github.com/echovault/echovault/pkg/echovault/api_acl.go:155.2,155.50 1 0
github.com/echovault/echovault/pkg/echovault/api_acl.go:155.50,157.3 1 0
github.com/echovault/echovault/pkg/echovault/api_acl.go:159.2,159.50 1 0
github.com/echovault/echovault/pkg/echovault/api_acl.go:159.50,161.3 1 0
github.com/echovault/echovault/pkg/echovault/api_acl.go:163.2,164.16 2 0
github.com/echovault/echovault/pkg/echovault/api_acl.go:164.16,166.3 1 0
github.com/echovault/echovault/pkg/echovault/api_acl.go:168.2,168.40 1 0
github.com/echovault/echovault/pkg/echovault/api_acl.go:171.84,173.16 2 0
github.com/echovault/echovault/pkg/echovault/api_acl.go:173.16,175.3 1 0
github.com/echovault/echovault/pkg/echovault/api_acl.go:177.2,179.16 3 0
github.com/echovault/echovault/pkg/echovault/api_acl.go:179.16,181.3 1 0
github.com/echovault/echovault/pkg/echovault/api_acl.go:183.2,186.35 3 0
github.com/echovault/echovault/pkg/echovault/api_acl.go:186.35,192.35 4 0
github.com/echovault/echovault/pkg/echovault/api_acl.go:192.35,194.4 1 0
github.com/echovault/echovault/pkg/echovault/api_acl.go:197.2,197.20 1 0
github.com/echovault/echovault/pkg/echovault/api_acl.go:200.75,203.16 3 0
github.com/echovault/echovault/pkg/echovault/api_acl.go:203.16,205.3 1 0
github.com/echovault/echovault/pkg/echovault/api_acl.go:206.2,206.40 1 0
github.com/echovault/echovault/pkg/echovault/api_acl.go:209.55,211.16 2 0
github.com/echovault/echovault/pkg/echovault/api_acl.go:211.16,213.3 1 0
github.com/echovault/echovault/pkg/echovault/api_acl.go:214.2,214.45 1 0
github.com/echovault/echovault/pkg/echovault/api_acl.go:217.75,219.9 2 0
github.com/echovault/echovault/pkg/echovault/api_acl.go:220.21,221.29 1 0
github.com/echovault/echovault/pkg/echovault/api_acl.go:222.23,223.31 1 0
github.com/echovault/echovault/pkg/echovault/api_acl.go:224.10,225.31 1 0
github.com/echovault/echovault/pkg/echovault/api_acl.go:228.2,229.16 2 0
github.com/echovault/echovault/pkg/echovault/api_acl.go:229.16,231.3 1 0
github.com/echovault/echovault/pkg/echovault/api_acl.go:233.2,233.40 1 0
github.com/echovault/echovault/pkg/echovault/api_acl.go:236.53,238.16 2 0
github.com/echovault/echovault/pkg/echovault/api_acl.go:238.16,240.3 1 0
github.com/echovault/echovault/pkg/echovault/api_acl.go:241.2,241.40 1 0
github.com/echovault/echovault/pkg/echovault/api_admin.go:25.85,28.9 2 0
github.com/echovault/echovault/pkg/echovault/api_admin.go:29.28,30.71 1 0
github.com/echovault/echovault/pkg/echovault/api_admin.go:31.29,32.73 1 0
github.com/echovault/echovault/pkg/echovault/api_admin.go:33.28,34.71 1 0
github.com/echovault/echovault/pkg/echovault/api_admin.go:37.2,38.16 2 0
github.com/echovault/echovault/pkg/echovault/api_admin.go:38.16,40.3 1 0
github.com/echovault/echovault/pkg/echovault/api_admin.go:42.2,42.45 1 0
github.com/echovault/echovault/pkg/echovault/api_admin.go:45.55,47.16 2 0
github.com/echovault/echovault/pkg/echovault/api_admin.go:47.16,49.3 1 0
github.com/echovault/echovault/pkg/echovault/api_admin.go:50.2,50.41 1 0
github.com/echovault/echovault/pkg/echovault/api_admin.go:53.49,55.16 2 0
github.com/echovault/echovault/pkg/echovault/api_admin.go:55.16,57.3 1 0
github.com/echovault/echovault/pkg/echovault/api_admin.go:58.2,58.40 1 0
github.com/echovault/echovault/pkg/echovault/api_admin.go:61.50,63.16 2 0
github.com/echovault/echovault/pkg/echovault/api_admin.go:63.16,65.3 1 0
github.com/echovault/echovault/pkg/echovault/api_admin.go:66.2,66.41 1 0
github.com/echovault/echovault/pkg/echovault/api_admin.go:69.55,71.16 2 0
github.com/echovault/echovault/pkg/echovault/api_admin.go:71.16,73.3 1 0
github.com/echovault/echovault/pkg/echovault/api_admin.go:74.2,74.40 1 0
github.com/echovault/echovault/pkg/echovault/api_generic.go:47.85,50.9 2 0
github.com/echovault/echovault/pkg/echovault/api_generic.go:51.18,52.26 1 0
github.com/echovault/echovault/pkg/echovault/api_generic.go:53.18,54.26 1 0
github.com/echovault/echovault/pkg/echovault/api_generic.go:57.2,57.9 1 0
github.com/echovault/echovault/pkg/echovault/api_generic.go:58.23,59.65 1 0
github.com/echovault/echovault/pkg/echovault/api_generic.go:60.23,61.65 1 0
github.com/echovault/echovault/pkg/echovault/api_generic.go:62.25,63.69 1 0
github.com/echovault/echovault/pkg/echovault/api_generic.go:64.25,65.69 1 0
github.com/echovault/echovault/pkg/echovault/api_generic.go:68.2,68.17 1 0
github.com/echovault/echovault/pkg/echovault/api_generic.go:68.17,70.3 1 0
github.com/echovault/echovault/pkg/echovault/api_generic.go:72.2,73.16 2 0
github.com/echovault/echovault/pkg/echovault/api_generic.go:73.16,75.3 1 0
github.com/echovault/echovault/pkg/echovault/api_generic.go:77.2,77.40 1 0
github.com/echovault/echovault/pkg/echovault/api_generic.go:80.74,83.28 2 0
github.com/echovault/echovault/pkg/echovault/api_generic.go:83.28,85.3 1 0
github.com/echovault/echovault/pkg/echovault/api_generic.go:87.2,88.16 2 0
github.com/echovault/echovault/pkg/echovault/api_generic.go:88.16,90.3 1 0
github.com/echovault/echovault/pkg/echovault/api_generic.go:92.2,92.40 1 0
github.com/echovault/echovault/pkg/echovault/api_generic.go:95.58,97.16 2 0
github.com/echovault/echovault/pkg/echovault/api_generic.go:97.16,99.3 1 0
github.com/echovault/echovault/pkg/echovault/api_generic.go:100.2,100.40 1 0
github.com/echovault/echovault/pkg/echovault/api_generic.go:103.65,105.16 2 0
github.com/echovault/echovault/pkg/echovault/api_generic.go:105.16,107.3 1 0
github.com/echovault/echovault/pkg/echovault/api_generic.go:108.2,108.45 1 0
github.com/echovault/echovault/pkg/echovault/api_generic.go:111.59,113.16 2 0
github.com/echovault/echovault/pkg/echovault/api_generic.go:113.16,115.3 1 0
github.com/echovault/echovault/pkg/echovault/api_generic.go:116.2,116.41 1 0
github.com/echovault/echovault/pkg/echovault/api_generic.go:119.59,121.16 2 0
github.com/echovault/echovault/pkg/echovault/api_generic.go:121.16,123.3 1 0
github.com/echovault/echovault/pkg/echovault/api_generic.go:124.2,124.41 1 0
github.com/echovault/echovault/pkg/echovault/api_generic.go:127.62,129.16 2 0
github.com/echovault/echovault/pkg/echovault/api_generic.go:129.16,131.3 1 0
github.com/echovault/echovault/pkg/echovault/api_generic.go:132.2,132.41 1 0
github.com/echovault/echovault/pkg/echovault/api_generic.go:135.63,137.16 2 0
github.com/echovault/echovault/pkg/echovault/api_generic.go:137.16,139.3 1 0
github.com/echovault/echovault/pkg/echovault/api_generic.go:140.2,140.41 1 0
github.com/echovault/echovault/pkg/echovault/api_generic.go:143.55,145.16 2 0
github.com/echovault/echovault/pkg/echovault/api_generic.go:145.16,147.3 1 0
github.com/echovault/echovault/pkg/echovault/api_generic.go:148.2,148.41 1 0
github.com/echovault/echovault/pkg/echovault/api_generic.go:151.56,153.16 2 0
github.com/echovault/echovault/pkg/echovault/api_generic.go:153.16,155.3 1 0
github.com/echovault/echovault/pkg/echovault/api_generic.go:156.2,156.41 1 0
github.com/echovault/echovault/pkg/echovault/api_generic.go:159.94,162.9 2 0
github.com/echovault/echovault/pkg/echovault/api_generic.go:163.18,164.26 1 0
github.com/echovault/echovault/pkg/echovault/api_generic.go:165.18,166.26 1 0
github.com/echovault/echovault/pkg/echovault/api_generic.go:167.18,168.26 1 0
github.com/echovault/echovault/pkg/echovault/api_generic.go:169.18,170.26 1 0
github.com/echovault/echovault/pkg/echovault/api_generic.go:173.2,174.16 2 0
github.com/echovault/echovault/pkg/echovault/api_generic.go:174.16,176.3 1 0
github.com/echovault/echovault/pkg/echovault/api_generic.go:178.2,178.41 1 0
github.com/echovault/echovault/pkg/echovault/api_generic.go:181.101,184.9 2 0
github.com/echovault/echovault/pkg/echovault/api_generic.go:185.18,186.26 1 0
github.com/echovault/echovault/pkg/echovault/api_generic.go:187.18,188.26 1 0
github.com/echovault/echovault/pkg/echovault/api_generic.go:189.18,190.26 1 0
github.com/echovault/echovault/pkg/echovault/api_generic.go:191.18,192.26 1 0
github.com/echovault/echovault/pkg/echovault/api_generic.go:195.2,196.16 2 0
github.com/echovault/echovault/pkg/echovault/api_generic.go:196.16,198.3 1 0
github.com/echovault/echovault/pkg/echovault/api_generic.go:200.2,200.41 1 0
github.com/echovault/echovault/pkg/echovault/api_generic.go:203.102,206.9 2 0
github.com/echovault/echovault/pkg/echovault/api_generic.go:207.18,208.26 1 0
github.com/echovault/echovault/pkg/echovault/api_generic.go:209.18,210.26 1 0
github.com/echovault/echovault/pkg/echovault/api_generic.go:211.18,212.26 1 0
github.com/echovault/echovault/pkg/echovault/api_generic.go:213.18,214.26 1 0
github.com/echovault/echovault/pkg/echovault/api_generic.go:217.2,218.16 2 0
github.com/echovault/echovault/pkg/echovault/api_generic.go:218.16,220.3 1 0
github.com/echovault/echovault/pkg/echovault/api_generic.go:222.2,222.41 1 0
github.com/echovault/echovault/pkg/echovault/api_generic.go:225.109,228.9 2 0
github.com/echovault/echovault/pkg/echovault/api_generic.go:229.18,230.26 1 0
github.com/echovault/echovault/pkg/echovault/api_generic.go:231.18,232.26 1 0
github.com/echovault/echovault/pkg/echovault/api_generic.go:233.18,234.26 1 0
github.com/echovault/echovault/pkg/echovault/api_generic.go:235.18,236.26 1 0
github.com/echovault/echovault/pkg/echovault/api_generic.go:239.2,240.16 2 0
github.com/echovault/echovault/pkg/echovault/api_generic.go:240.16,242.3 1 0
github.com/echovault/echovault/pkg/echovault/api_generic.go:244.2,244.41 1 0
github.com/echovault/echovault/pkg/echovault/api_hash.go:27.91,30.36 2 1
github.com/echovault/echovault/pkg/echovault/api_hash.go:30.36,32.3 1 1
github.com/echovault/echovault/pkg/echovault/api_hash.go:34.2,35.16 2 1
github.com/echovault/echovault/pkg/echovault/api_hash.go:35.16,37.3 1 1
github.com/echovault/echovault/pkg/echovault/api_hash.go:39.2,39.41 1 1
github.com/echovault/echovault/pkg/echovault/api_hash.go:42.93,45.36 2 1
github.com/echovault/echovault/pkg/echovault/api_hash.go:45.36,47.3 1 1
github.com/echovault/echovault/pkg/echovault/api_hash.go:49.2,50.16 2 1
github.com/echovault/echovault/pkg/echovault/api_hash.go:50.16,52.3 1 0
github.com/echovault/echovault/pkg/echovault/api_hash.go:54.2,54.41 1 1
github.com/echovault/echovault/pkg/echovault/api_hash.go:57.79,61.16 3 1
github.com/echovault/echovault/pkg/echovault/api_hash.go:61.16,63.3 1 1
github.com/echovault/echovault/pkg/echovault/api_hash.go:65.2,65.46 1 1
github.com/echovault/echovault/pkg/echovault/api_hash.go:68.62,70.16 2 1
github.com/echovault/echovault/pkg/echovault/api_hash.go:70.16,72.3 1 1
github.com/echovault/echovault/pkg/echovault/api_hash.go:73.2,73.45 1 1
github.com/echovault/echovault/pkg/echovault/api_hash.go:76.94,79.24 2 1
github.com/echovault/echovault/pkg/echovault/api_hash.go:79.24,81.3 1 1
github.com/echovault/echovault/pkg/echovault/api_hash.go:81.8,83.3 1 1
github.com/echovault/echovault/pkg/echovault/api_hash.go:85.2,85.24 1 1
github.com/echovault/echovault/pkg/echovault/api_hash.go:85.24,87.3 1 1
github.com/echovault/echovault/pkg/echovault/api_hash.go:89.2,90.16 2 1
github.com/echovault/echovault/pkg/echovault/api_hash.go:90.16,92.3 1 1
github.com/echovault/echovault/pkg/echovault/api_hash.go:94.2,94.45 1 1
github.com/echovault/echovault/pkg/echovault/api_hash.go:97.56,99.16 2 1
github.com/echovault/echovault/pkg/echovault/api_hash.go:99.16,101.3 1 1
github.com/echovault/echovault/pkg/echovault/api_hash.go:102.2,102.41 1 1
github.com/echovault/echovault/pkg/echovault/api_hash.go:105.62,107.16 2 1
github.com/echovault/echovault/pkg/echovault/api_hash.go:107.16,109.3 1 1
github.com/echovault/echovault/pkg/echovault/api_hash.go:110.2,110.45 1 1
github.com/echovault/echovault/pkg/echovault/api_hash.go:113.85,120.16 2 1
github.com/echovault/echovault/pkg/echovault/api_hash.go:120.16,122.3 1 1
github.com/echovault/echovault/pkg/echovault/api_hash.go:123.2,123.39 1 1
github.com/echovault/echovault/pkg/echovault/api_hash.go:126.94,133.16 2 1
github.com/echovault/echovault/pkg/echovault/api_hash.go:133.16,135.3 1 0
github.com/echovault/echovault/pkg/echovault/api_hash.go:136.2,136.39 1 1
github.com/echovault/echovault/pkg/echovault/api_hash.go:139.64,141.16 2 1
github.com/echovault/echovault/pkg/echovault/api_hash.go:141.16,143.3 1 1
github.com/echovault/echovault/pkg/echovault/api_hash.go:144.2,144.45 1 1
github.com/echovault/echovault/pkg/echovault/api_hash.go:147.67,149.16 2 1
github.com/echovault/echovault/pkg/echovault/api_hash.go:149.16,151.3 1 1
github.com/echovault/echovault/pkg/echovault/api_hash.go:152.2,152.41 1 1
github.com/echovault/echovault/pkg/echovault/api_hash.go:155.74,158.16 3 1
github.com/echovault/echovault/pkg/echovault/api_hash.go:158.16,160.3 1 1
github.com/echovault/echovault/pkg/echovault/api_hash.go:161.2,161.41 1 1
github.com/echovault/echovault/pkg/echovault/api_list.go:23.56,26.16 3 1
github.com/echovault/echovault/pkg/echovault/api_list.go:26.16,28.3 1 1
github.com/echovault/echovault/pkg/echovault/api_list.go:29.2,29.41 1 1
github.com/echovault/echovault/pkg/echovault/api_list.go:32.79,39.16 2 1
github.com/echovault/echovault/pkg/echovault/api_list.go:39.16,41.3 1 1
github.com/echovault/echovault/pkg/echovault/api_list.go:42.2,42.45 1 1
github.com/echovault/echovault/pkg/echovault/api_list.go:45.72,48.16 2 1
github.com/echovault/echovault/pkg/echovault/api_list.go:48.16,50.3 1 1
github.com/echovault/echovault/pkg/echovault/api_list.go:51.2,51.40 1 1
github.com/echovault/echovault/pkg/echovault/api_list.go:54.84,57.16 2 1
github.com/echovault/echovault/pkg/echovault/api_list.go:57.16,59.3 1 1
github.com/echovault/echovault/pkg/echovault/api_list.go:60.2,60.40 1 1
github.com/echovault/echovault/pkg/echovault/api_list.go:63.80,69.16 2 1
github.com/echovault/echovault/pkg/echovault/api_list.go:69.16,71.3 1 1
github.com/echovault/echovault/pkg/echovault/api_list.go:72.2,72.40 1 1
github.com/echovault/echovault/pkg/echovault/api_list.go:75.84,81.16 2 1
github.com/echovault/echovault/pkg/echovault/api_list.go:81.16,83.3 1 1
github.com/echovault/echovault/pkg/echovault/api_list.go:84.2,84.40 1 1
github.com/echovault/echovault/pkg/echovault/api_list.go:87.96,93.16 2 1
github.com/echovault/echovault/pkg/echovault/api_list.go:93.16,95.3 1 1
github.com/echovault/echovault/pkg/echovault/api_list.go:96.2,96.40 1 1
github.com/echovault/echovault/pkg/echovault/api_list.go:99.59,101.16 2 1
github.com/echovault/echovault/pkg/echovault/api_list.go:101.16,103.3 1 1
github.com/echovault/echovault/pkg/echovault/api_list.go:104.2,104.40 1 1
github.com/echovault/echovault/pkg/echovault/api_list.go:107.59,109.16 2 1
github.com/echovault/echovault/pkg/echovault/api_list.go:109.16,111.3 1 1
github.com/echovault/echovault/pkg/echovault/api_list.go:112.2,112.40 1 1
github.com/echovault/echovault/pkg/echovault/api_list.go:115.78,118.16 3 1
github.com/echovault/echovault/pkg/echovault/api_list.go:118.16,120.3 1 0
github.com/echovault/echovault/pkg/echovault/api_list.go:121.2,121.40 1 1
github.com/echovault/echovault/pkg/echovault/api_list.go:124.79,127.16 3 1
github.com/echovault/echovault/pkg/echovault/api_list.go:127.16,129.3 1 1
github.com/echovault/echovault/pkg/echovault/api_list.go:130.2,130.40 1 1
github.com/echovault/echovault/pkg/echovault/api_list.go:133.78,136.16 3 1
github.com/echovault/echovault/pkg/echovault/api_list.go:136.16,138.3 1 0
github.com/echovault/echovault/pkg/echovault/api_list.go:139.2,139.40 1 1
github.com/echovault/echovault/pkg/echovault/api_list.go:142.79,145.16 3 1
github.com/echovault/echovault/pkg/echovault/api_list.go:145.16,147.3 1 1
github.com/echovault/echovault/pkg/echovault/api_list.go:148.2,148.40 1 0
github.com/echovault/echovault/pkg/echovault/api_pubsub.go:33.87,35.18 1 0
github.com/echovault/echovault/pkg/echovault/api_pubsub.go:35.18,37.3 1 0
github.com/echovault/echovault/pkg/echovault/api_pubsub.go:40.2,42.31 3 0
github.com/echovault/echovault/pkg/echovault/api_pubsub.go:42.31,48.3 2 0
github.com/echovault/echovault/pkg/echovault/api_pubsub.go:51.2,52.12 2 0
github.com/echovault/echovault/pkg/echovault/api_pubsub.go:52.12,54.3 1 0
github.com/echovault/echovault/pkg/echovault/api_pubsub.go:56.2,56.25 1 0
github.com/echovault/echovault/pkg/echovault/api_pubsub.go:56.25,61.33 4 0
github.com/echovault/echovault/pkg/echovault/api_pubsub.go:61.33,63.4 1 0
github.com/echovault/echovault/pkg/echovault/api_pubsub.go:65.3,65.13 1 0
github.com/echovault/echovault/pkg/echovault/api_pubsub.go:69.71,70.18 1 0
github.com/echovault/echovault/pkg/echovault/api_pubsub.go:70.18,72.3 1 0
github.com/echovault/echovault/pkg/echovault/api_pubsub.go:74.2,74.31 1 0
github.com/echovault/echovault/pkg/echovault/api_pubsub.go:74.31,76.3 1 0
github.com/echovault/echovault/pkg/echovault/api_pubsub.go:78.2,79.104 2 0
github.com/echovault/echovault/pkg/echovault/api_pubsub.go:82.88,84.18 1 0
github.com/echovault/echovault/pkg/echovault/api_pubsub.go:84.18,86.3 1 0
github.com/echovault/echovault/pkg/echovault/api_pubsub.go:89.2,91.31 3 0
github.com/echovault/echovault/pkg/echovault/api_pubsub.go:91.31,97.3 2 0
github.com/echovault/echovault/pkg/echovault/api_pubsub.go:100.2,101.12 2 0
github.com/echovault/echovault/pkg/echovault/api_pubsub.go:101.12,103.3 1 0
github.com/echovault/echovault/pkg/echovault/api_pubsub.go:105.2,105.25 1 0
github.com/echovault/echovault/pkg/echovault/api_pubsub.go:105.25,110.33 4 0
github.com/echovault/echovault/pkg/echovault/api_pubsub.go:110.33,112.4 1 0
github.com/echovault/echovault/pkg/echovault/api_pubsub.go:114.3,114.13 1 0
github.com/echovault/echovault/pkg/echovault/api_pubsub.go:118.72,119.18 1 0
github.com/echovault/echovault/pkg/echovault/api_pubsub.go:119.18,121.3 1 0
github.com/echovault/echovault/pkg/echovault/api_pubsub.go:123.2,123.31 1 0
github.com/echovault/echovault/pkg/echovault/api_pubsub.go:123.31,125.3 1 0
github.com/echovault/echovault/pkg/echovault/api_pubsub.go:127.2,128.104 2 0
github.com/echovault/echovault/pkg/echovault/api_pubsub.go:131.75,133.16 2 0
github.com/echovault/echovault/pkg/echovault/api_pubsub.go:133.16,135.3 1 0
github.com/echovault/echovault/pkg/echovault/api_pubsub.go:136.2,136.40 1 0
github.com/echovault/echovault/pkg/echovault/api_pubsub.go:139.76,141.19 2 0
github.com/echovault/echovault/pkg/echovault/api_pubsub.go:141.19,143.3 1 0
github.com/echovault/echovault/pkg/echovault/api_pubsub.go:144.2,145.16 2 0
github.com/echovault/echovault/pkg/echovault/api_pubsub.go:145.16,147.3 1 0
github.com/echovault/echovault/pkg/echovault/api_pubsub.go:148.2,148.45 1 0
github.com/echovault/echovault/pkg/echovault/api_pubsub.go:151.55,153.16 2 0
github.com/echovault/echovault/pkg/echovault/api_pubsub.go:153.16,155.3 1 0
github.com/echovault/echovault/pkg/echovault/api_pubsub.go:156.2,156.41 1 0
github.com/echovault/echovault/pkg/echovault/api_pubsub.go:159.84,163.16 3 0
github.com/echovault/echovault/pkg/echovault/api_pubsub.go:163.16,165.3 1 0
github.com/echovault/echovault/pkg/echovault/api_pubsub.go:167.2,169.16 3 0
github.com/echovault/echovault/pkg/echovault/api_pubsub.go:169.16,171.3 1 0
github.com/echovault/echovault/pkg/echovault/api_pubsub.go:173.2,176.28 3 0
github.com/echovault/echovault/pkg/echovault/api_pubsub.go:176.28,179.3 2 0
github.com/echovault/echovault/pkg/echovault/api_pubsub.go:181.2,181.20 1 0
github.com/echovault/echovault/pkg/echovault/api_set.go:22.75,25.16 3 1
github.com/echovault/echovault/pkg/echovault/api_set.go:25.16,27.3 1 1
github.com/echovault/echovault/pkg/echovault/api_set.go:28.2,28.41 1 1
github.com/echovault/echovault/pkg/echovault/api_set.go:31.57,33.16 2 1
github.com/echovault/echovault/pkg/echovault/api_set.go:33.16,35.3 1 1
github.com/echovault/echovault/pkg/echovault/api_set.go:36.2,36.41 1 1
github.com/echovault/echovault/pkg/echovault/api_set.go:39.66,42.16 3 1
github.com/echovault/echovault/pkg/echovault/api_set.go:42.16,44.3 1 1
github.com/echovault/echovault/pkg/echovault/api_set.go:45.2,45.45 1 1
github.com/echovault/echovault/pkg/echovault/api_set.go:48.86,51.16 3 1
github.com/echovault/echovault/pkg/echovault/api_set.go:51.16,53.3 1 1
github.com/echovault/echovault/pkg/echovault/api_set.go:54.2,54.41 1 1
github.com/echovault/echovault/pkg/echovault/api_set.go:57.67,60.16 3 1
github.com/echovault/echovault/pkg/echovault/api_set.go:60.16,62.3 1 1
github.com/echovault/echovault/pkg/echovault/api_set.go:63.2,63.45 1 1
github.com/echovault/echovault/pkg/echovault/api_set.go:66.76,68.15 2 1
github.com/echovault/echovault/pkg/echovault/api_set.go:68.15,70.3 1 1
github.com/echovault/echovault/pkg/echovault/api_set.go:71.2,72.16 2 1
github.com/echovault/echovault/pkg/echovault/api_set.go:72.16,74.3 1 1
github.com/echovault/echovault/pkg/echovault/api_set.go:75.2,75.41 1 1
github.com/echovault/echovault/pkg/echovault/api_set.go:78.87,81.16 3 1
github.com/echovault/echovault/pkg/echovault/api_set.go:81.16,83.3 1 1
github.com/echovault/echovault/pkg/echovault/api_set.go:84.2,84.41 1 1
github.com/echovault/echovault/pkg/echovault/api_set.go:87.70,89.16 2 1
github.com/echovault/echovault/pkg/echovault/api_set.go:89.16,91.3 1 1
github.com/echovault/echovault/pkg/echovault/api_set.go:92.2,92.41 1 1
github.com/echovault/echovault/pkg/echovault/api_set.go:95.65,97.16 2 1
github.com/echovault/echovault/pkg/echovault/api_set.go:97.16,99.3 1 1
github.com/echovault/echovault/pkg/echovault/api_set.go:100.2,100.45 1 1
github.com/echovault/echovault/pkg/echovault/api_set.go:103.84,106.16 3 1
github.com/echovault/echovault/pkg/echovault/api_set.go:106.16,108.3 1 1
github.com/echovault/echovault/pkg/echovault/api_set.go:109.2,109.46 1 1
github.com/echovault/echovault/pkg/echovault/api_set.go:112.82,119.16 2 1
github.com/echovault/echovault/pkg/echovault/api_set.go:119.16,121.3 1 1
github.com/echovault/echovault/pkg/echovault/api_set.go:122.2,122.41 1 1
github.com/echovault/echovault/pkg/echovault/api_set.go:125.72,132.16 2 1
github.com/echovault/echovault/pkg/echovault/api_set.go:132.16,134.3 1 1
github.com/echovault/echovault/pkg/echovault/api_set.go:135.2,135.45 1 1
github.com/echovault/echovault/pkg/echovault/api_set.go:138.79,145.16 2 1
github.com/echovault/echovault/pkg/echovault/api_set.go:145.16,147.3 1 1
github.com/echovault/echovault/pkg/echovault/api_set.go:148.2,148.45 1 1
github.com/echovault/echovault/pkg/echovault/api_set.go:151.75,154.16 3 1
github.com/echovault/echovault/pkg/echovault/api_set.go:154.16,156.3 1 1
github.com/echovault/echovault/pkg/echovault/api_set.go:157.2,157.41 1 1
github.com/echovault/echovault/pkg/echovault/api_set.go:160.67,163.16 3 1
github.com/echovault/echovault/pkg/echovault/api_set.go:163.16,165.3 1 1
github.com/echovault/echovault/pkg/echovault/api_set.go:166.2,166.45 1 1
github.com/echovault/echovault/pkg/echovault/api_set.go:169.87,172.16 3 1
github.com/echovault/echovault/pkg/echovault/api_set.go:172.16,174.3 1 1
github.com/echovault/echovault/pkg/echovault/api_set.go:175.2,175.41 1 1
github.com/echovault/echovault/pkg/echovault/api_sorted_set.go:55.87,57.28 2 1
github.com/echovault/echovault/pkg/echovault/api_sorted_set.go:57.28,58.17 1 1
github.com/echovault/echovault/pkg/echovault/api_sorted_set.go:58.17,60.18 2 1
github.com/echovault/echovault/pkg/echovault/api_sorted_set.go:60.18,62.5 1 0
github.com/echovault/echovault/pkg/echovault/api_sorted_set.go:63.4,64.12 2 1
github.com/echovault/echovault/pkg/echovault/api_sorted_set.go:66.3,66.23 1 1
github.com/echovault/echovault/pkg/echovault/api_sorted_set.go:68.2,68.20 1 1
github.com/echovault/echovault/pkg/echovault/api_sorted_set.go:71.85,73.28 2 0
github.com/echovault/echovault/pkg/echovault/api_sorted_set.go:73.28,75.17 2 0
github.com/echovault/echovault/pkg/echovault/api_sorted_set.go:75.17,77.4 1 0
github.com/echovault/echovault/pkg/echovault/api_sorted_set.go:78.3,79.17 2 0
github.com/echovault/echovault/pkg/echovault/api_sorted_set.go:79.17,81.18 2 0
github.com/echovault/echovault/pkg/echovault/api_sorted_set.go:81.18,83.5 1 0
github.com/echovault/echovault/pkg/echovault/api_sorted_set.go:84.4,84.24 1 0
github.com/echovault/echovault/pkg/echovault/api_sorted_set.go:87.2,87.20 1 0
github.com/echovault/echovault/pkg/echovault/api_sorted_set.go:90.105,93.9 2 1
github.com/echovault/echovault/pkg/echovault/api_sorted_set.go:94.18,95.26 1 1
github.com/echovault/echovault/pkg/echovault/api_sorted_set.go:96.18,97.26 1 1
github.com/echovault/echovault/pkg/echovault/api_sorted_set.go:100.2,100.9 1 1
github.com/echovault/echovault/pkg/echovault/api_sorted_set.go:101.18,102.26 1 1
github.com/echovault/echovault/pkg/echovault/api_sorted_set.go:103.18,104.26 1 1
github.com/echovault/echovault/pkg/echovault/api_sorted_set.go:107.2,107.16 1 1
github.com/echovault/echovault/pkg/echovault/api_sorted_set.go:107.16,109.3 1 1
github.com/echovault/echovault/pkg/echovault/api_sorted_set.go:111.2,111.18 1 1
github.com/echovault/echovault/pkg/echovault/api_sorted_set.go:111.18,113.3 1 1
github.com/echovault/echovault/pkg/echovault/api_sorted_set.go:115.2,115.37 1 1
github.com/echovault/echovault/pkg/echovault/api_sorted_set.go:115.37,117.3 1 1
github.com/echovault/echovault/pkg/echovault/api_sorted_set.go:119.2,120.16 2 1
github.com/echovault/echovault/pkg/echovault/api_sorted_set.go:120.16,122.3 1 1
github.com/echovault/echovault/pkg/echovault/api_sorted_set.go:124.2,124.41 1 1
github.com/echovault/echovault/pkg/echovault/api_sorted_set.go:127.57,129.16 2 1
github.com/echovault/echovault/pkg/echovault/api_sorted_set.go:129.16,131.3 1 1
github.com/echovault/echovault/pkg/echovault/api_sorted_set.go:132.2,132.41 1 1
github.com/echovault/echovault/pkg/echovault/api_sorted_set.go:135.76,143.16 3 1
github.com/echovault/echovault/pkg/echovault/api_sorted_set.go:143.16,145.3 1 1
github.com/echovault/echovault/pkg/echovault/api_sorted_set.go:146.2,146.41 1 1
github.com/echovault/echovault/pkg/echovault/api_sorted_set.go:149.93,151.16 2 1
github.com/echovault/echovault/pkg/echovault/api_sorted_set.go:151.16,153.3 1 1
github.com/echovault/echovault/pkg/echovault/api_sorted_set.go:154.2,155.16 2 1
github.com/echovault/echovault/pkg/echovault/api_sorted_set.go:155.16,157.3 1 1
github.com/echovault/echovault/pkg/echovault/api_sorted_set.go:159.2,160.16 2 1
github.com/echovault/echovault/pkg/echovault/api_sorted_set.go:160.16,162.3 1 0
github.com/echovault/echovault/pkg/echovault/api_sorted_set.go:164.2,164.45 1 1
github.com/echovault/echovault/pkg/echovault/api_sorted_set.go:167.86,170.16 3 1
github.com/echovault/echovault/pkg/echovault/api_sorted_set.go:170.16,172.3 1 1
github.com/echovault/echovault/pkg/echovault/api_sorted_set.go:173.2,173.41 1 1
github.com/echovault/echovault/pkg/echovault/api_sorted_set.go:176.97,179.16 3 1
github.com/echovault/echovault/pkg/echovault/api_sorted_set.go:179.16,181.3 1 1
github.com/echovault/echovault/pkg/echovault/api_sorted_set.go:182.2,183.16 2 1
github.com/echovault/echovault/pkg/echovault/api_sorted_set.go:183.16,185.3 1 0
github.com/echovault/echovault/pkg/echovault/api_sorted_set.go:186.2,186.15 1 1
github.com/echovault/echovault/pkg/echovault/api_sorted_set.go:189.99,192.30 2 1
github.com/echovault/echovault/pkg/echovault/api_sorted_set.go:192.30,194.45 2 1
github.com/echovault/echovault/pkg/echovault/api_sorted_set.go:194.45,196.4 1 1
github.com/echovault/echovault/pkg/echovault/api_sorted_set.go:199.2,199.29 1 1
github.com/echovault/echovault/pkg/echovault/api_sorted_set.go:199.29,201.3 1 1
github.com/echovault/echovault/pkg/echovault/api_sorted_set.go:203.2,203.24 1 1
github.com/echovault/echovault/pkg/echovault/api_sorted_set.go:203.24,205.3 1 1
github.com/echovault/echovault/pkg/echovault/api_sorted_set.go:207.2,208.16 2 1
github.com/echovault/echovault/pkg/echovault/api_sorted_set.go:208.16,210.3 1 1
github.com/echovault/echovault/pkg/echovault/api_sorted_set.go:212.2,213.16 2 1
github.com/echovault/echovault/pkg/echovault/api_sorted_set.go:213.16,215.3 1 0
github.com/echovault/echovault/pkg/echovault/api_sorted_set.go:217.2,217.53 1 1
github.com/echovault/echovault/pkg/echovault/api_sorted_set.go:220.114,223.30 2 1
github.com/echovault/echovault/pkg/echovault/api_sorted_set.go:223.30,225.42 2 1
github.com/echovault/echovault/pkg/echovault/api_sorted_set.go:225.42,227.4 1 1
github.com/echovault/echovault/pkg/echovault/api_sorted_set.go:230.2,230.29 1 1
github.com/echovault/echovault/pkg/echovault/api_sorted_set.go:230.29,232.3 1 1
github.com/echovault/echovault/pkg/echovault/api_sorted_set.go:234.2,234.24 1 1
github.com/echovault/echovault/pkg/echovault/api_sorted_set.go:234.24,236.3 1 1
github.com/echovault/echovault/pkg/echovault/api_sorted_set.go:238.2,239.16 2 1
github.com/echovault/echovault/pkg/echovault/api_sorted_set.go:239.16,241.3 1 1
github.com/echovault/echovault/pkg/echovault/api_sorted_set.go:243.2,243.41 1 1
github.com/echovault/echovault/pkg/echovault/api_sorted_set.go:246.99,249.30 2 1
github.com/echovault/echovault/pkg/echovault/api_sorted_set.go:249.30,251.42 2 1
github.com/echovault/echovault/pkg/echovault/api_sorted_set.go:251.42,253.4 1 1
github.com/echovault/echovault/pkg/echovault/api_sorted_set.go:256.2,256.29 1 1
github.com/echovault/echovault/pkg/echovault/api_sorted_set.go:256.29,258.3 1 1
github.com/echovault/echovault/pkg/echovault/api_sorted_set.go:260.2,260.24 1 1
github.com/echovault/echovault/pkg/echovault/api_sorted_set.go:260.24,262.3 1 1
github.com/echovault/echovault/pkg/echovault/api_sorted_set.go:264.2,265.16 2 1
github.com/echovault/echovault/pkg/echovault/api_sorted_set.go:265.16,267.3 1 1
github.com/echovault/echovault/pkg/echovault/api_sorted_set.go:269.2,270.16 2 1
github.com/echovault/echovault/pkg/echovault/api_sorted_set.go:270.16,272.3 1 0
github.com/echovault/echovault/pkg/echovault/api_sorted_set.go:274.2,274.53 1 1
github.com/echovault/echovault/pkg/echovault/api_sorted_set.go:277.114,280.30 2 1
github.com/echovault/echovault/pkg/echovault/api_sorted_set.go:280.30,282.42 2 1
github.com/echovault/echovault/pkg/echovault/api_sorted_set.go:282.42,284.4 1 1
github.com/echovault/echovault/pkg/echovault/api_sorted_set.go:287.2,287.29 1 1
github.com/echovault/echovault/pkg/echovault/api_sorted_set.go:287.29,289.3 1 1
github.com/echovault/echovault/pkg/echovault/api_sorted_set.go:291.2,291.24 1 1
github.com/echovault/echovault/pkg/echovault/api_sorted_set.go:291.24,293.3 1 1
github.com/echovault/echovault/pkg/echovault/api_sorted_set.go:295.2,296.16 2 1
github.com/echovault/echovault/pkg/echovault/api_sorted_set.go:296.16,298.3 1 1
github.com/echovault/echovault/pkg/echovault/api_sorted_set.go:300.2,300.41 1 1
github.com/echovault/echovault/pkg/echovault/api_sorted_set.go:303.89,306.9 2 1
github.com/echovault/echovault/pkg/echovault/api_sorted_set.go:307.19,308.27 1 1
github.com/echovault/echovault/pkg/echovault/api_sorted_set.go:309.19,310.27 1 1
github.com/echovault/echovault/pkg/echovault/api_sorted_set.go:311.10,312.27 1 1
github.com/echovault/echovault/pkg/echovault/api_sorted_set.go:315.2,315.9 1 1
github.com/echovault/echovault/pkg/echovault/api_sorted_set.go:316.26,317.76 1 1
github.com/echovault/echovault/pkg/echovault/api_sorted_set.go:318.10,319.59 1 1
github.com/echovault/echovault/pkg/echovault/api_sorted_set.go:322.2,323.16 2 1
github.com/echovault/echovault/pkg/echovault/api_sorted_set.go:323.16,325.3 1 0
github.com/echovault/echovault/pkg/echovault/api_sorted_set.go:327.2,327.51 1 1
github.com/echovault/echovault/pkg/echovault/api_sorted_set.go:330.88,332.33 2 1
github.com/echovault/echovault/pkg/echovault/api_sorted_set.go:332.33,334.3 1 1
github.com/echovault/echovault/pkg/echovault/api_sorted_set.go:336.2,337.16 2 1
github.com/echovault/echovault/pkg/echovault/api_sorted_set.go:337.16,339.3 1 1
github.com/echovault/echovault/pkg/echovault/api_sorted_set.go:341.2,342.16 2 1
github.com/echovault/echovault/pkg/echovault/api_sorted_set.go:342.16,344.3 1 0
github.com/echovault/echovault/pkg/echovault/api_sorted_set.go:346.2,347.24 2 1
github.com/echovault/echovault/pkg/echovault/api_sorted_set.go:347.24,348.14 1 1
github.com/echovault/echovault/pkg/echovault/api_sorted_set.go:348.14,350.12 2 1
github.com/echovault/echovault/pkg/echovault/api_sorted_set.go:352.3,353.17 2 1
github.com/echovault/echovault/pkg/echovault/api_sorted_set.go:353.17,355.4 1 0
github.com/echovault/echovault/pkg/echovault/api_sorted_set.go:356.3,356.20 1 1
github.com/echovault/echovault/pkg/echovault/api_sorted_set.go:359.2,359.20 1 1
github.com/echovault/echovault/pkg/echovault/api_sorted_set.go:362.77,369.16 2 1
github.com/echovault/echovault/pkg/echovault/api_sorted_set.go:369.16,371.3 1 0
github.com/echovault/echovault/pkg/echovault/api_sorted_set.go:372.2,372.51 1 1
github.com/echovault/echovault/pkg/echovault/api_sorted_set.go:375.77,382.16 2 1
github.com/echovault/echovault/pkg/echovault/api_sorted_set.go:382.16,384.3 1 1
github.com/echovault/echovault/pkg/echovault/api_sorted_set.go:385.2,385.51 1 1
github.com/echovault/echovault/pkg/echovault/api_sorted_set.go:388.98,390.16 2 1
github.com/echovault/echovault/pkg/echovault/api_sorted_set.go:390.16,392.3 1 1
github.com/echovault/echovault/pkg/echovault/api_sorted_set.go:393.2,393.16 1 1
github.com/echovault/echovault/pkg/echovault/api_sorted_set.go:393.16,395.3 1 1
github.com/echovault/echovault/pkg/echovault/api_sorted_set.go:397.2,398.16 2 1
github.com/echovault/echovault/pkg/echovault/api_sorted_set.go:398.16,400.3 1 1
github.com/echovault/echovault/pkg/echovault/api_sorted_set.go:402.2,402.51 1 1
github.com/echovault/echovault/pkg/echovault/api_sorted_set.go:405.101,407.16 2 1
github.com/echovault/echovault/pkg/echovault/api_sorted_set.go:407.16,409.3 1 1
github.com/echovault/echovault/pkg/echovault/api_sorted_set.go:411.2,412.16 2 1
github.com/echovault/echovault/pkg/echovault/api_sorted_set.go:412.16,414.3 1 1
github.com/echovault/echovault/pkg/echovault/api_sorted_set.go:416.2,418.19 2 1
github.com/echovault/echovault/pkg/echovault/api_sorted_set.go:418.19,420.3 1 1
github.com/echovault/echovault/pkg/echovault/api_sorted_set.go:422.2,423.16 2 1
github.com/echovault/echovault/pkg/echovault/api_sorted_set.go:423.16,425.3 1 0
github.com/echovault/echovault/pkg/echovault/api_sorted_set.go:427.2,429.16 2 1
github.com/echovault/echovault/pkg/echovault/api_sorted_set.go:429.16,431.17 2 1
github.com/echovault/echovault/pkg/echovault/api_sorted_set.go:431.17,433.4 1 0
github.com/echovault/echovault/pkg/echovault/api_sorted_set.go:434.3,434.13 1 1
github.com/echovault/echovault/pkg/echovault/api_sorted_set.go:437.2,437.17 1 1
github.com/echovault/echovault/pkg/echovault/api_sorted_set.go:440.104,442.16 2 0
github.com/echovault/echovault/pkg/echovault/api_sorted_set.go:442.16,444.3 1 0
github.com/echovault/echovault/pkg/echovault/api_sorted_set.go:446.2,447.16 2 0
github.com/echovault/echovault/pkg/echovault/api_sorted_set.go:447.16,449.3 1 0
github.com/echovault/echovault/pkg/echovault/api_sorted_set.go:451.2,453.46 2 0
github.com/echovault/echovault/pkg/echovault/api_sorted_set.go:456.75,458.33 2 1
github.com/echovault/echovault/pkg/echovault/api_sorted_set.go:458.33,460.3 1 1
github.com/echovault/echovault/pkg/echovault/api_sorted_set.go:461.2,462.16 2 1
github.com/echovault/echovault/pkg/echovault/api_sorted_set.go:462.16,464.3 1 1
github.com/echovault/echovault/pkg/echovault/api_sorted_set.go:465.2,465.41 1 1
github.com/echovault/echovault/pkg/echovault/api_sorted_set.go:468.81,471.16 3 1
github.com/echovault/echovault/pkg/echovault/api_sorted_set.go:471.16,473.3 1 1
github.com/echovault/echovault/pkg/echovault/api_sorted_set.go:475.2,476.16 2 1
github.com/echovault/echovault/pkg/echovault/api_sorted_set.go:476.16,478.3 1 0
github.com/echovault/echovault/pkg/echovault/api_sorted_set.go:480.2,480.11 1 1
github.com/echovault/echovault/pkg/echovault/api_sorted_set.go:480.11,482.3 1 1
github.com/echovault/echovault/pkg/echovault/api_sorted_set.go:484.2,485.16 2 1
github.com/echovault/echovault/pkg/echovault/api_sorted_set.go:485.16,487.3 1 0
github.com/echovault/echovault/pkg/echovault/api_sorted_set.go:489.2,489.19 1 1
github.com/echovault/echovault/pkg/echovault/api_sorted_set.go:492.94,501.16 3 1
github.com/echovault/echovault/pkg/echovault/api_sorted_set.go:501.16,503.3 1 1
github.com/echovault/echovault/pkg/echovault/api_sorted_set.go:505.2,505.41 1 1
github.com/echovault/echovault/pkg/echovault/api_sorted_set.go:508.71,511.16 3 1
github.com/echovault/echovault/pkg/echovault/api_sorted_set.go:511.16,513.3 1 1
github.com/echovault/echovault/pkg/echovault/api_sorted_set.go:514.2,514.41 1 1
github.com/echovault/echovault/pkg/echovault/api_sorted_set.go:517.109,520.9 2 1
github.com/echovault/echovault/pkg/echovault/api_sorted_set.go:521.23,522.31 1 1
github.com/echovault/echovault/pkg/echovault/api_sorted_set.go:523.21,524.29 1 1
github.com/echovault/echovault/pkg/echovault/api_sorted_set.go:525.10,526.31 1 0
github.com/echovault/echovault/pkg/echovault/api_sorted_set.go:529.2,529.24 1 1
github.com/echovault/echovault/pkg/echovault/api_sorted_set.go:529.24,531.3 1 1
github.com/echovault/echovault/pkg/echovault/api_sorted_set.go:533.2,533.47 1 1
github.com/echovault/echovault/pkg/echovault/api_sorted_set.go:533.47,535.3 1 1
github.com/echovault/echovault/pkg/echovault/api_sorted_set.go:537.2,538.16 2 1
github.com/echovault/echovault/pkg/echovault/api_sorted_set.go:538.16,540.3 1 1
github.com/echovault/echovault/pkg/echovault/api_sorted_set.go:542.2,543.16 2 1
github.com/echovault/echovault/pkg/echovault/api_sorted_set.go:543.16,545.3 1 0
github.com/echovault/echovault/pkg/echovault/api_sorted_set.go:547.2,547.53 1 1
github.com/echovault/echovault/pkg/echovault/api_sorted_set.go:550.120,553.9 2 1
github.com/echovault/echovault/pkg/echovault/api_sorted_set.go:554.23,555.31 1 1
github.com/echovault/echovault/pkg/echovault/api_sorted_set.go:556.21,557.29 1 1
github.com/echovault/echovault/pkg/echovault/api_sorted_set.go:558.10,559.31 1 0
github.com/echovault/echovault/pkg/echovault/api_sorted_set.go:562.2,562.47 1 1
github.com/echovault/echovault/pkg/echovault/api_sorted_set.go:562.47,564.3 1 1
github.com/echovault/echovault/pkg/echovault/api_sorted_set.go:566.2,567.16 2 1
github.com/echovault/echovault/pkg/echovault/api_sorted_set.go:567.16,569.3 1 1
github.com/echovault/echovault/pkg/echovault/api_sorted_set.go:571.2,571.41 1 1
github.com/echovault/echovault/pkg/echovault/api_string.go:22.84,29.16 2 1
github.com/echovault/echovault/pkg/echovault/api_string.go:29.16,31.3 1 0
github.com/echovault/echovault/pkg/echovault/api_string.go:32.2,32.41 1 1
github.com/echovault/echovault/pkg/echovault/api_string.go:35.58,37.16 2 1
github.com/echovault/echovault/pkg/echovault/api_string.go:37.16,39.3 1 0
github.com/echovault/echovault/pkg/echovault/api_string.go:40.2,40.41 1 1
github.com/echovault/echovault/pkg/echovault/api_string.go:43.77,50.16 2 1
github.com/echovault/echovault/pkg/echovault/api_string.go:50.16,52.3 1 0
github.com/echovault/echovault/pkg/echovault/api_string.go:53.2,53.40 1 1
github.com/echovault/echovault/pkg/echovault/api_string.go:56.79,63.16 2 1
github.com/echovault/echovault/pkg/echovault/api_string.go:63.16,65.3 1 0
github.com/echovault/echovault/pkg/echovault/api_string.go:66.2,66.40 1 1
github.com/echovault/echovault/pkg/echovault/cluster.go:25.45,27.2 1 1
github.com/echovault/echovault/pkg/echovault/cluster.go:29.84,40.16 4 0
github.com/echovault/echovault/pkg/echovault/cluster.go:40.16,42.3 1 0
github.com/echovault/echovault/pkg/echovault/cluster.go:44.2,46.43 2 0
github.com/echovault/echovault/pkg/echovault/cluster.go:46.43,48.3 1 0
github.com/echovault/echovault/pkg/echovault/cluster.go:50.2,52.9 2 0
github.com/echovault/echovault/pkg/echovault/cluster.go:52.9,54.3 1 0
github.com/echovault/echovault/pkg/echovault/cluster.go:56.2,56.20 1 0
github.com/echovault/echovault/pkg/echovault/cluster.go:56.20,58.3 1 0
github.com/echovault/echovault/pkg/echovault/cluster.go:60.2,60.12 1 0
github.com/echovault/echovault/pkg/echovault/cluster.go:63.94,75.16 5 0
github.com/echovault/echovault/pkg/echovault/cluster.go:75.16,77.3 1 0
github.com/echovault/echovault/pkg/echovault/cluster.go:79.2,81.43 2 0
github.com/echovault/echovault/pkg/echovault/cluster.go:81.43,83.3 1 0
github.com/echovault/echovault/pkg/echovault/cluster.go:85.2,87.9 2 0
github.com/echovault/echovault/pkg/echovault/cluster.go:87.9,89.3 1 0
github.com/echovault/echovault/pkg/echovault/cluster.go:91.2,91.20 1 0
github.com/echovault/echovault/pkg/echovault/cluster.go:91.20,93.3 1 0
github.com/echovault/echovault/pkg/echovault/cluster.go:95.2,95.24 1 0
github.com/echovault/echovault/pkg/echovault/echovault.go:92.66,93.36 1 0
github.com/echovault/echovault/pkg/echovault/echovault.go:93.36,95.3 1 0
github.com/echovault/echovault/pkg/echovault/echovault.go:98.66,99.36 1 1
github.com/echovault/echovault/pkg/echovault/echovault.go:99.36,101.3 1 1
github.com/echovault/echovault/pkg/echovault/echovault.go:104.72,105.36 1 1
github.com/echovault/echovault/pkg/echovault/echovault.go:105.36,107.3 1 1
github.com/echovault/echovault/pkg/echovault/echovault.go:110.69,120.33 2 1
github.com/echovault/echovault/pkg/echovault/echovault.go:120.33,122.3 1 1
github.com/echovault/echovault/pkg/echovault/echovault.go:124.2,132.29 4 1
github.com/echovault/echovault/pkg/echovault/echovault.go:132.29,138.49 1 0
github.com/echovault/echovault/pkg/echovault/echovault.go:138.49,140.44 2 0
github.com/echovault/echovault/pkg/echovault/echovault.go:140.44,141.46 1 0
github.com/echovault/echovault/pkg/echovault/echovault.go:141.46,143.7 1 0
github.com/echovault/echovault/pkg/echovault/echovault.go:145.5,145.17 1 0
github.com/echovault/echovault/pkg/echovault/echovault.go:148.3,156.5 1 0
github.com/echovault/echovault/pkg/echovault/echovault.go:157.8,167.65 1 1
github.com/echovault/echovault/pkg/echovault/echovault.go:167.65,169.44 2 0
github.com/echovault/echovault/pkg/echovault/echovault.go:169.44,170.46 1 0
github.com/echovault/echovault/pkg/echovault/echovault.go:170.46,172.7 1 0
github.com/echovault/echovault/pkg/echovault/echovault.go:174.5,174.17 1 0
github.com/echovault/echovault/pkg/echovault/echovault.go:176.72,178.67 2 0
github.com/echovault/echovault/pkg/echovault/echovault.go:178.67,180.6 1 0
github.com/echovault/echovault/pkg/echovault/echovault.go:181.5,181.68 1 0
github.com/echovault/echovault/pkg/echovault/echovault.go:181.68,183.6 1 0
github.com/echovault/echovault/pkg/echovault/echovault.go:184.5,185.34 2 0
github.com/echovault/echovault/pkg/echovault/echovault.go:189.3,194.60 1 1
github.com/echovault/echovault/pkg/echovault/echovault.go:194.60,196.44 2 0
github.com/echovault/echovault/pkg/echovault/echovault.go:196.44,197.46 1 0
github.com/echovault/echovault/pkg/echovault/echovault.go:197.46,199.7 1 0
github.com/echovault/echovault/pkg/echovault/echovault.go:201.5,201.17 1 0
github.com/echovault/echovault/pkg/echovault/echovault.go:203.68,205.67 2 0
github.com/echovault/echovault/pkg/echovault/echovault.go:205.67,207.6 1 0
github.com/echovault/echovault/pkg/echovault/echovault.go:208.5,208.69 1 0
github.com/echovault/echovault/pkg/echovault/echovault.go:208.69,210.6 1 0
github.com/echovault/echovault/pkg/echovault/echovault.go:211.5,212.34 2 0
github.com/echovault/echovault/pkg/echovault/echovault.go:214.51,216.19 2 0
github.com/echovault/echovault/pkg/echovault/echovault.go:216.19,218.6 1 0
github.com/echovault/echovault/pkg/echovault/echovault.go:224.2,224.61 1 1
github.com/echovault/echovault/pkg/echovault/echovault.go:224.61,225.13 1 0
github.com/echovault/echovault/pkg/echovault/echovault.go:225.13,226.8 1 0
github.com/echovault/echovault/pkg/echovault/echovault.go:226.8,228.83 2 0
github.com/echovault/echovault/pkg/echovault/echovault.go:228.83,230.6 1 0
github.com/echovault/echovault/pkg/echovault/echovault.go:235.2,235.18 1 1
github.com/echovault/echovault/pkg/echovault/echovault.go:238.37,247.16 4 0
github.com/echovault/echovault/pkg/echovault/echovault.go:247.16,249.3 1 0
github.com/echovault/echovault/pkg/echovault/echovault.go:251.2,251.15 1 0
github.com/echovault/echovault/pkg/echovault/echovault.go:251.15,254.3 1 0
github.com/echovault/echovault/pkg/echovault/echovault.go:256.2,256.27 1 0
github.com/echovault/echovault/pkg/echovault/echovault.go:256.27,258.15 1 0
github.com/echovault/echovault/pkg/echovault/echovault.go:258.15,260.4 1 0
github.com/echovault/echovault/pkg/echovault/echovault.go:260.9,262.4 1 0
github.com/echovault/echovault/pkg/echovault/echovault.go:264.3,265.49 2 0
github.com/echovault/echovault/pkg/echovault/echovault.go:265.49,267.18 2 0
github.com/echovault/echovault/pkg/echovault/echovault.go:267.18,269.5 1 0
github.com/echovault/echovault/pkg/echovault/echovault.go:270.4,270.42 1 0
github.com/echovault/echovault/pkg/echovault/echovault.go:273.3,276.16 3 0
github.com/echovault/echovault/pkg/echovault/echovault.go:276.16,278.37 2 0
github.com/echovault/echovault/pkg/echovault/echovault.go:278.37,280.19 2 0
github.com/echovault/echovault/pkg/echovault/echovault.go:280.19,282.6 1 0
github.com/echovault/echovault/pkg/echovault/echovault.go:283.5,284.19 2 0
github.com/echovault/echovault/pkg/echovault/echovault.go:284.19,286.6 1 0
github.com/echovault/echovault/pkg/echovault/echovault.go:287.5,287.61 1 0
github.com/echovault/echovault/pkg/echovault/echovault.go:287.61,289.6 1 0
github.com/echovault/echovault/pkg/echovault/echovault.go:293.3,297.5 1 0
github.com/echovault/echovault/pkg/echovault/echovault.go:301.2,301.6 1 0
github.com/echovault/echovault/pkg/echovault/echovault.go:301.6,303.17 2 0
github.com/echovault/echovault/pkg/echovault/echovault.go:303.17,305.12 2 0
github.com/echovault/echovault/pkg/echovault/echovault.go:308.3,308.35 1 0
github.com/echovault/echovault/pkg/echovault/echovault.go:312.58,314.23 1 0
github.com/echovault/echovault/pkg/echovault/echovault.go:314.23,316.3 1 0
github.com/echovault/echovault/pkg/echovault/echovault.go:318.2,324.6 4 0
github.com/echovault/echovault/pkg/echovault/echovault.go:324.6,327.43 2 0
github.com/echovault/echovault/pkg/echovault/echovault.go:327.43,330.9 2 0
github.com/echovault/echovault/pkg/echovault/echovault.go:333.3,333.17 1 0
github.com/echovault/echovault/pkg/echovault/echovault.go:333.17,335.9 2 0
github.com/echovault/echovault/pkg/echovault/echovault.go:338.3,340.43 2 0
github.com/echovault/echovault/pkg/echovault/echovault.go:340.43,341.9 1 0
github.com/echovault/echovault/pkg/echovault/echovault.go:344.3,344.17 1 0
github.com/echovault/echovault/pkg/echovault/echovault.go:344.17,345.87 1 0
github.com/echovault/echovault/pkg/echovault/echovault.go:345.87,347.5 1 0
github.com/echovault/echovault/pkg/echovault/echovault.go:348.4,348.12 1 0
github.com/echovault/echovault/pkg/echovault/echovault.go:351.3,354.20 2 0
github.com/echovault/echovault/pkg/echovault/echovault.go:354.20,355.12 1 0
github.com/echovault/echovault/pkg/echovault/echovault.go:358.3,358.28 1 0
github.com/echovault/echovault/pkg/echovault/echovault.go:358.28,360.12 2 0
github.com/echovault/echovault/pkg/echovault/echovault.go:364.3,365.7 2 0
github.com/echovault/echovault/pkg/echovault/echovault.go:365.7,367.41 1 0
github.com/echovault/echovault/pkg/echovault/echovault.go:367.41,369.19 2 0
github.com/echovault/echovault/pkg/echovault/echovault.go:369.19,371.6 1 0
github.com/echovault/echovault/pkg/echovault/echovault.go:372.5,372.10 1 0
github.com/echovault/echovault/pkg/echovault/echovault.go:374.4,375.21 2 0
github.com/echovault/echovault/pkg/echovault/echovault.go:375.21,376.10 1 0
github.com/echovault/echovault/pkg/echovault/echovault.go:378.4,378.27 1 0
github.com/echovault/echovault/pkg/echovault/echovault.go:382.2,382.37 1 0
github.com/echovault/echovault/pkg/echovault/echovault.go:382.37,384.3 1 0
github.com/echovault/echovault/pkg/echovault/echovault.go:387.34,390.45 2 0
github.com/echovault/echovault/pkg/echovault/echovault.go:390.45,393.3 2 0
github.com/echovault/echovault/pkg/echovault/echovault.go:395.2,395.26 1 0
github.com/echovault/echovault/pkg/echovault/echovault.go:395.26,399.33 3 0
github.com/echovault/echovault/pkg/echovault/echovault.go:399.33,401.4 1 0
github.com/echovault/echovault/pkg/echovault/echovault.go:404.2,404.27 1 0
github.com/echovault/echovault/pkg/echovault/echovault.go:404.27,407.22 2 0
github.com/echovault/echovault/pkg/echovault/echovault.go:407.22,409.18 2 0
github.com/echovault/echovault/pkg/echovault/echovault.go:409.18,411.5 1 0
github.com/echovault/echovault/pkg/echovault/echovault.go:415.3,415.47 1 0
github.com/echovault/echovault/pkg/echovault/echovault.go:415.47,417.18 2 0
github.com/echovault/echovault/pkg/echovault/echovault.go:417.18,419.5 1 0
github.com/echovault/echovault/pkg/echovault/echovault.go:423.2,423.19 1 0
github.com/echovault/echovault/pkg/echovault/echovault.go:426.47,427.38 1 0
github.com/echovault/echovault/pkg/echovault/echovault.go:427.38,429.3 1 0
github.com/echovault/echovault/pkg/echovault/echovault.go:431.2,431.12 1 0
github.com/echovault/echovault/pkg/echovault/echovault.go:431.12,432.27 1 0
github.com/echovault/echovault/pkg/echovault/echovault.go:432.27,434.53 1 0
github.com/echovault/echovault/pkg/echovault/echovault.go:434.53,436.5 1 0
github.com/echovault/echovault/pkg/echovault/echovault.go:437.4,437.10 1 0
github.com/echovault/echovault/pkg/echovault/echovault.go:440.3,440.62 1 0
github.com/echovault/echovault/pkg/echovault/echovault.go:440.62,442.4 1 0
github.com/echovault/echovault/pkg/echovault/echovault.go:445.2,445.12 1 0
github.com/echovault/echovault/pkg/echovault/echovault.go:448.42,450.2 1 0
github.com/echovault/echovault/pkg/echovault/echovault.go:452.43,454.2 1 0
github.com/echovault/echovault/pkg/echovault/echovault.go:456.56,458.2 1 0
github.com/echovault/echovault/pkg/echovault/echovault.go:460.52,462.2 1 0
github.com/echovault/echovault/pkg/echovault/echovault.go:464.44,466.2 1 0
github.com/echovault/echovault/pkg/echovault/echovault.go:468.45,470.2 1 0
github.com/echovault/echovault/pkg/echovault/echovault.go:472.45,473.40 1 0
github.com/echovault/echovault/pkg/echovault/echovault.go:473.40,475.3 1 0
github.com/echovault/echovault/pkg/echovault/echovault.go:476.2,476.12 1 0
github.com/echovault/echovault/pkg/echovault/echovault.go:476.12,477.55 1 0
github.com/echovault/echovault/pkg/echovault/echovault.go:477.55,479.4 1 0
github.com/echovault/echovault/pkg/echovault/echovault.go:481.2,481.12 1 0
github.com/echovault/echovault/pkg/echovault/echovault.go:484.37,485.26 1 0
github.com/echovault/echovault/pkg/echovault/echovault.go:485.26,488.3 2 0
github.com/echovault/echovault/pkg/echovault/echovault.go:491.45,508.2 2 0
github.com/echovault/echovault/pkg/echovault/keyspace.go:34.81,37.34 2 1
github.com/echovault/echovault/pkg/echovault/keyspace.go:37.34,40.3 2 1
github.com/echovault/echovault/pkg/echovault/keyspace.go:42.2,42.6 1 1
github.com/echovault/echovault/pkg/echovault/keyspace.go:42.6,43.10 1 1
github.com/echovault/echovault/pkg/echovault/keyspace.go:44.11,45.35 1 1
github.com/echovault/echovault/pkg/echovault/keyspace.go:45.35,47.5 1 0
github.com/echovault/echovault/pkg/echovault/keyspace.go:48.4,49.10 2 1
github.com/echovault/echovault/pkg/echovault/keyspace.go:49.10,51.5 1 1
github.com/echovault/echovault/pkg/echovault/keyspace.go:52.21,53.36 1 0
github.com/echovault/echovault/pkg/echovault/keyspace.go:58.67,59.39 1 1
github.com/echovault/echovault/pkg/echovault/keyspace.go:59.39,61.3 1 1
github.com/echovault/echovault/pkg/echovault/keyspace.go:66.82,69.34 2 1
github.com/echovault/echovault/pkg/echovault/keyspace.go:69.34,72.3 2 1
github.com/echovault/echovault/pkg/echovault/keyspace.go:74.2,74.6 1 1
github.com/echovault/echovault/pkg/echovault/keyspace.go:74.6,75.10 1 1
github.com/echovault/echovault/pkg/echovault/keyspace.go:76.11,77.35 1 1
github.com/echovault/echovault/pkg/echovault/keyspace.go:77.35,79.5 1 0
github.com/echovault/echovault/pkg/echovault/keyspace.go:80.4,81.10 2 1
github.com/echovault/echovault/pkg/echovault/keyspace.go:81.10,83.5 1 1
github.com/echovault/echovault/pkg/echovault/keyspace.go:84.21,85.36 1 0
github.com/echovault/echovault/pkg/echovault/keyspace.go:90.68,91.39 1 1
github.com/echovault/echovault/pkg/echovault/keyspace.go:91.39,93.3 1 1
github.com/echovault/echovault/pkg/echovault/keyspace.go:96.74,98.9 2 1
github.com/echovault/echovault/pkg/echovault/keyspace.go:98.9,100.3 1 1
github.com/echovault/echovault/pkg/echovault/keyspace.go:102.2,102.74 1 1
github.com/echovault/echovault/pkg/echovault/keyspace.go:102.74,103.28 1 0
github.com/echovault/echovault/pkg/echovault/keyspace.go:103.28,106.18 2 0
github.com/echovault/echovault/pkg/echovault/keyspace.go:106.18,108.5 1 0
github.com/echovault/echovault/pkg/echovault/keyspace.go:109.9,109.64 1 0
github.com/echovault/echovault/pkg/echovault/keyspace.go:109.64,112.18 2 0
github.com/echovault/echovault/pkg/echovault/keyspace.go:112.18,114.5 1 0
github.com/echovault/echovault/pkg/echovault/keyspace.go:115.9,115.65 1 0
github.com/echovault/echovault/pkg/echovault/keyspace.go:115.65,120.4 1 0
github.com/echovault/echovault/pkg/echovault/keyspace.go:122.3,122.15 1 0
github.com/echovault/echovault/pkg/echovault/keyspace.go:125.2,125.13 1 1
github.com/echovault/echovault/pkg/echovault/keyspace.go:130.90,131.115 1 1
github.com/echovault/echovault/pkg/echovault/keyspace.go:131.115,133.3 1 0
github.com/echovault/echovault/pkg/echovault/keyspace.go:135.2,138.33 3 1
github.com/echovault/echovault/pkg/echovault/keyspace.go:138.33,149.3 5 1
github.com/echovault/echovault/pkg/echovault/keyspace.go:151.2,151.33 1 1
github.com/echovault/echovault/pkg/echovault/keyspace.go:156.80,157.58 1 1
github.com/echovault/echovault/pkg/echovault/keyspace.go:157.58,159.3 1 0
github.com/echovault/echovault/pkg/echovault/keyspace.go:160.2,160.32 1 1
github.com/echovault/echovault/pkg/echovault/keyspace.go:168.93,169.115 1 1
github.com/echovault/echovault/pkg/echovault/keyspace.go:169.115,171.3 1 0
github.com/echovault/echovault/pkg/echovault/keyspace.go:173.2,179.16 3 1
github.com/echovault/echovault/pkg/echovault/keyspace.go:179.16,181.3 1 0
github.com/echovault/echovault/pkg/echovault/keyspace.go:183.2,183.27 1 1
github.com/echovault/echovault/pkg/echovault/keyspace.go:183.27,185.3 1 1
github.com/echovault/echovault/pkg/echovault/keyspace.go:187.2,187.12 1 1
github.com/echovault/echovault/pkg/echovault/keyspace.go:192.79,193.58 1 0
github.com/echovault/echovault/pkg/echovault/keyspace.go:193.58,195.3 1 0
github.com/echovault/echovault/pkg/echovault/keyspace.go:196.2,196.35 1 0
github.com/echovault/echovault/pkg/echovault/keyspace.go:205.101,213.55 3 0
github.com/echovault/echovault/pkg/echovault/keyspace.go:213.55,215.3 1 0
github.com/echovault/echovault/pkg/echovault/keyspace.go:216.2,219.11 2 0
github.com/echovault/echovault/pkg/echovault/keyspace.go:219.11,221.17 2 0
github.com/echovault/echovault/pkg/echovault/keyspace.go:221.17,223.4 1 0
github.com/echovault/echovault/pkg/echovault/keyspace.go:229.51,238.97 4 0
github.com/echovault/echovault/pkg/echovault/keyspace.go:238.97,240.3 1 0
github.com/echovault/echovault/pkg/echovault/keyspace.go:248.60,250.6 1 0
github.com/echovault/echovault/pkg/echovault/keyspace.go:250.6,251.83 1 0
github.com/echovault/echovault/pkg/echovault/keyspace.go:251.83,253.9 2 0
github.com/echovault/echovault/pkg/echovault/keyspace.go:256.2,257.33 2 0
github.com/echovault/echovault/pkg/echovault/keyspace.go:257.33,259.3 1 0
github.com/echovault/echovault/pkg/echovault/keyspace.go:260.2,261.13 2 0
github.com/echovault/echovault/pkg/echovault/keyspace.go:265.75,266.52 1 0
github.com/echovault/echovault/pkg/echovault/keyspace.go:266.52,268.3 1 0
github.com/echovault/echovault/pkg/echovault/keyspace.go:271.2,278.9 4 0
github.com/echovault/echovault/pkg/echovault/keyspace.go:279.108,280.36 1 0
github.com/echovault/echovault/pkg/echovault/keyspace.go:281.108,282.36 1 0
github.com/echovault/echovault/pkg/echovault/keyspace.go:285.2,287.12 2 0
github.com/echovault/echovault/pkg/echovault/keyspace.go:292.82,294.83 1 1
github.com/echovault/echovault/pkg/echovault/keyspace.go:294.83,296.3 1 0
github.com/echovault/echovault/pkg/echovault/keyspace.go:298.2,298.34 1 1
github.com/echovault/echovault/pkg/echovault/keyspace.go:298.34,300.3 1 1
github.com/echovault/echovault/pkg/echovault/keyspace.go:301.2,301.55 1 0
github.com/echovault/echovault/pkg/echovault/keyspace.go:302.28,305.36 3 0
github.com/echovault/echovault/pkg/echovault/keyspace.go:306.28,309.36 3 0
github.com/echovault/echovault/pkg/echovault/keyspace.go:310.29,313.50 3 0
github.com/echovault/echovault/pkg/echovault/keyspace.go:313.50,315.4 1 0
github.com/echovault/echovault/pkg/echovault/keyspace.go:316.29,319.50 3 0
github.com/echovault/echovault/pkg/echovault/keyspace.go:319.50,321.4 1 0
github.com/echovault/echovault/pkg/echovault/keyspace.go:323.2,323.54 1 0
github.com/echovault/echovault/pkg/echovault/keyspace.go:323.54,325.3 1 0
github.com/echovault/echovault/pkg/echovault/keyspace.go:326.2,326.12 1 0
github.com/echovault/echovault/pkg/echovault/keyspace.go:330.71,332.34 1 0
github.com/echovault/echovault/pkg/echovault/keyspace.go:332.34,334.3 1 0
github.com/echovault/echovault/pkg/echovault/keyspace.go:337.2,340.50 3 0
github.com/echovault/echovault/pkg/echovault/keyspace.go:340.50,342.3 1 0
github.com/echovault/echovault/pkg/echovault/keyspace.go:344.2,346.50 3 0
github.com/echovault/echovault/pkg/echovault/keyspace.go:346.50,348.3 1 0
github.com/echovault/echovault/pkg/echovault/keyspace.go:352.2,352.9 1 0
github.com/echovault/echovault/pkg/echovault/keyspace.go:353.125,358.7 3 0
github.com/echovault/echovault/pkg/echovault/keyspace.go:358.7,360.40 1 0
github.com/echovault/echovault/pkg/echovault/keyspace.go:360.40,362.5 1 0
github.com/echovault/echovault/pkg/echovault/keyspace.go:364.4,365.29 2 0
github.com/echovault/echovault/pkg/echovault/keyspace.go:365.29,367.54 1 0
github.com/echovault/echovault/pkg/echovault/keyspace.go:367.54,369.6 1 0
github.com/echovault/echovault/pkg/echovault/keyspace.go:370.10,370.65 1 0
github.com/echovault/echovault/pkg/echovault/keyspace.go:370.65,372.63 1 0
github.com/echovault/echovault/pkg/echovault/keyspace.go:372.63,374.6 1 0
github.com/echovault/echovault/pkg/echovault/keyspace.go:378.4,381.52 3 0
github.com/echovault/echovault/pkg/echovault/keyspace.go:381.52,383.5 1 0
github.com/echovault/echovault/pkg/echovault/keyspace.go:385.125,390.7 3 0
github.com/echovault/echovault/pkg/echovault/keyspace.go:390.7,392.40 1 0
github.com/echovault/echovault/pkg/echovault/keyspace.go:392.40,394.5 1 0
github.com/echovault/echovault/pkg/echovault/keyspace.go:396.4,397.29 2 0
github.com/echovault/echovault/pkg/echovault/keyspace.go:397.29,399.54 1 0
github.com/echovault/echovault/pkg/echovault/keyspace.go:399.54,401.6 1 0
github.com/echovault/echovault/pkg/echovault/keyspace.go:402.10,402.65 1 0
github.com/echovault/echovault/pkg/echovault/keyspace.go:402.65,405.63 1 0
github.com/echovault/echovault/pkg/echovault/keyspace.go:405.63,407.6 1 0
github.com/echovault/echovault/pkg/echovault/keyspace.go:411.4,414.52 3 0
github.com/echovault/echovault/pkg/echovault/keyspace.go:414.52,416.5 1 0
github.com/echovault/echovault/pkg/echovault/keyspace.go:418.105,421.7 1 0
github.com/echovault/echovault/pkg/echovault/keyspace.go:421.7,423.33 1 0
github.com/echovault/echovault/pkg/echovault/keyspace.go:423.33,426.5 2 0
github.com/echovault/echovault/pkg/echovault/keyspace.go:428.4,429.40 2 0
github.com/echovault/echovault/pkg/echovault/keyspace.go:429.40,430.17 1 0
github.com/echovault/echovault/pkg/echovault/keyspace.go:430.17,431.31 1 0
github.com/echovault/echovault/pkg/echovault/keyspace.go:431.31,433.56 1 0
github.com/echovault/echovault/pkg/echovault/keyspace.go:433.56,435.8 1 0
github.com/echovault/echovault/pkg/echovault/keyspace.go:436.12,436.67 1 0
github.com/echovault/echovault/pkg/echovault/keyspace.go:436.67,437.65 1 0
github.com/echovault/echovault/pkg/echovault/keyspace.go:437.65,439.8 1 0
github.com/echovault/echovault/pkg/echovault/keyspace.go:442.6,445.54 3 0
github.com/echovault/echovault/pkg/echovault/keyspace.go:445.54,447.7 1 0
github.com/echovault/echovault/pkg/echovault/keyspace.go:449.5,449.10 1 0
github.com/echovault/echovault/pkg/echovault/keyspace.go:452.106,455.7 1 0
github.com/echovault/echovault/pkg/echovault/keyspace.go:455.7,462.29 5 0
github.com/echovault/echovault/pkg/echovault/keyspace.go:462.29,464.54 1 0
github.com/echovault/echovault/pkg/echovault/keyspace.go:464.54,466.6 1 0
github.com/echovault/echovault/pkg/echovault/keyspace.go:467.10,467.65 1 0
github.com/echovault/echovault/pkg/echovault/keyspace.go:467.65,468.63 1 0
github.com/echovault/echovault/pkg/echovault/keyspace.go:468.63,470.6 1 0
github.com/echovault/echovault/pkg/echovault/keyspace.go:474.4,477.52 3 0
github.com/echovault/echovault/pkg/echovault/keyspace.go:477.52,479.5 1 0
github.com/echovault/echovault/pkg/echovault/keyspace.go:481.10,482.13 1 0
github.com/echovault/echovault/pkg/echovault/keyspace.go:491.77,493.57 1 0
github.com/echovault/echovault/pkg/echovault/keyspace.go:493.57,495.3 1 0
github.com/echovault/echovault/pkg/echovault/keyspace.go:497.2,502.50 3 0
github.com/echovault/echovault/pkg/echovault/keyspace.go:502.50,504.3 1 0
github.com/echovault/echovault/pkg/echovault/keyspace.go:505.2,512.33 6 0
github.com/echovault/echovault/pkg/echovault/keyspace.go:512.33,513.7 1 0
github.com/echovault/echovault/pkg/echovault/keyspace.go:513.7,517.35 3 0
github.com/echovault/echovault/pkg/echovault/keyspace.go:517.35,519.10 2 0
github.com/echovault/echovault/pkg/echovault/keyspace.go:523.2,526.25 2 0
github.com/echovault/echovault/pkg/echovault/keyspace.go:526.25,527.52 1 0
github.com/echovault/echovault/pkg/echovault/keyspace.go:527.52,528.12 1 0
github.com/echovault/echovault/pkg/echovault/keyspace.go:532.3,532.49 1 0
github.com/echovault/echovault/pkg/echovault/keyspace.go:532.49,534.12 2 0
github.com/echovault/echovault/pkg/echovault/keyspace.go:538.3,540.28 3 0
github.com/echovault/echovault/pkg/echovault/keyspace.go:540.28,541.51 1 0
github.com/echovault/echovault/pkg/echovault/keyspace.go:541.51,543.5 1 0
github.com/echovault/echovault/pkg/echovault/keyspace.go:544.9,544.64 1 0
github.com/echovault/echovault/pkg/echovault/keyspace.go:544.64,545.60 1 0
github.com/echovault/echovault/pkg/echovault/keyspace.go:545.60,547.5 1 0
github.com/echovault/echovault/pkg/echovault/keyspace.go:552.2,552.21 1 0
github.com/echovault/echovault/pkg/echovault/keyspace.go:552.21,555.3 2 0
github.com/echovault/echovault/pkg/echovault/keyspace.go:557.2,560.58 2 0
github.com/echovault/echovault/pkg/echovault/keyspace.go:560.58,564.3 2 0
github.com/echovault/echovault/pkg/echovault/keyspace.go:566.2,566.12 1 0
github.com/echovault/echovault/pkg/echovault/keyspace.go:569.68,573.2 3 1
github.com/echovault/echovault/pkg/echovault/modules.go:28.59,30.2 1 0
github.com/echovault/echovault/pkg/echovault/modules.go:32.47,34.2 1 0
github.com/echovault/echovault/pkg/echovault/modules.go:36.50,38.2 1 0
github.com/echovault/echovault/pkg/echovault/modules.go:40.72,41.42 1 1
github.com/echovault/echovault/pkg/echovault/modules.go:41.42,42.46 1 1
github.com/echovault/echovault/pkg/echovault/modules.go:42.46,44.4 1 1
github.com/echovault/echovault/pkg/echovault/modules.go:46.2,46.69 1 0
github.com/echovault/echovault/pkg/echovault/modules.go:49.122,51.16 2 1
github.com/echovault/echovault/pkg/echovault/modules.go:51.16,53.3 1 0
github.com/echovault/echovault/pkg/echovault/modules.go:55.2,56.16 2 1
github.com/echovault/echovault/pkg/echovault/modules.go:56.16,58.3 1 0
github.com/echovault/echovault/pkg/echovault/modules.go:60.2,64.8 4 1
github.com/echovault/echovault/pkg/echovault/modules.go:64.8,67.3 2 0
github.com/echovault/echovault/pkg/echovault/modules.go:69.2,69.38 1 1
github.com/echovault/echovault/pkg/echovault/modules.go:69.38,71.87 1 0
github.com/echovault/echovault/pkg/echovault/modules.go:71.87,73.4 1 0
github.com/echovault/echovault/pkg/echovault/modules.go:77.2,77.50 1 1
github.com/echovault/echovault/pkg/echovault/modules.go:77.50,78.7 1 1
github.com/echovault/echovault/pkg/echovault/modules.go:78.7,79.42 1 1
github.com/echovault/echovault/pkg/echovault/modules.go:79.42,81.10 2 1
github.com/echovault/echovault/pkg/echovault/modules.go:86.2,86.43 1 1
github.com/echovault/echovault/pkg/echovault/modules.go:86.43,88.17 2 1
github.com/echovault/echovault/pkg/echovault/modules.go:88.17,90.4 1 1
github.com/echovault/echovault/pkg/echovault/modules.go:92.3,92.62 1 1
github.com/echovault/echovault/pkg/echovault/modules.go:92.62,94.4 1 1
github.com/echovault/echovault/pkg/echovault/modules.go:96.3,98.18 2 1
github.com/echovault/echovault/pkg/echovault/modules.go:102.2,102.32 1 0
github.com/echovault/echovault/pkg/echovault/modules.go:102.32,105.17 3 0
github.com/echovault/echovault/pkg/echovault/modules.go:105.17,107.4 1 0
github.com/echovault/echovault/pkg/echovault/modules.go:108.3,108.18 1 0
github.com/echovault/echovault/pkg/echovault/modules.go:112.2,112.34 1 0
github.com/echovault/echovault/pkg/echovault/modules.go:112.34,115.3 2 0
github.com/echovault/echovault/pkg/echovault/modules.go:117.2,117.72 1 0
github.com/echovault/echovault/pkg/modules/acl/commands.go:34.108,35.34 1 1
github.com/echovault/echovault/pkg/modules/acl/commands.go:35.34,37.3 1 1
github.com/echovault/echovault/pkg/modules/acl/commands.go:38.2,39.9 2 1
github.com/echovault/echovault/pkg/modules/acl/commands.go:39.9,41.3 1 0
github.com/echovault/echovault/pkg/modules/acl/commands.go:42.2,42.67 1 1
github.com/echovault/echovault/pkg/modules/acl/commands.go:42.67,44.3 1 1
github.com/echovault/echovault/pkg/modules/acl/commands.go:45.2,45.42 1 1
github.com/echovault/echovault/pkg/modules/acl/commands.go:48.106,49.19 1 1
github.com/echovault/echovault/pkg/modules/acl/commands.go:49.19,51.3 1 0
github.com/echovault/echovault/pkg/modules/acl/commands.go:53.2,54.9 2 1
github.com/echovault/echovault/pkg/modules/acl/commands.go:54.9,56.3 1 0
github.com/echovault/echovault/pkg/modules/acl/commands.go:58.2,60.30 3 1
github.com/echovault/echovault/pkg/modules/acl/commands.go:60.30,61.27 1 1
github.com/echovault/echovault/pkg/modules/acl/commands.go:61.27,64.9 3 1
github.com/echovault/echovault/pkg/modules/acl/commands.go:68.2,68.16 1 1
github.com/echovault/echovault/pkg/modules/acl/commands.go:68.16,70.3 1 1
github.com/echovault/echovault/pkg/modules/acl/commands.go:73.2,77.18 3 1
github.com/echovault/echovault/pkg/modules/acl/commands.go:77.18,79.3 1 1
github.com/echovault/echovault/pkg/modules/acl/commands.go:79.8,81.3 1 0
github.com/echovault/echovault/pkg/modules/acl/commands.go:82.2,82.21 1 1
github.com/echovault/echovault/pkg/modules/acl/commands.go:82.21,84.3 1 0
github.com/echovault/echovault/pkg/modules/acl/commands.go:85.2,85.17 1 1
github.com/echovault/echovault/pkg/modules/acl/commands.go:85.17,87.3 1 0
github.com/echovault/echovault/pkg/modules/acl/commands.go:89.2,90.29 2 1
github.com/echovault/echovault/pkg/modules/acl/commands.go:90.29,92.3 1 1
github.com/echovault/echovault/pkg/modules/acl/commands.go:95.2,96.51 2 1
github.com/echovault/echovault/pkg/modules/acl/commands.go:96.51,97.22 1 1
github.com/echovault/echovault/pkg/modules/acl/commands.go:97.22,99.12 2 0
github.com/echovault/echovault/pkg/modules/acl/commands.go:101.3,101.49 1 1
github.com/echovault/echovault/pkg/modules/acl/commands.go:103.2,103.51 1 1
github.com/echovault/echovault/pkg/modules/acl/commands.go:103.51,104.22 1 1
github.com/echovault/echovault/pkg/modules/acl/commands.go:104.22,106.12 2 0
github.com/echovault/echovault/pkg/modules/acl/commands.go:108.3,108.49 1 1
github.com/echovault/echovault/pkg/modules/acl/commands.go:112.2,113.48 2 1
github.com/echovault/echovault/pkg/modules/acl/commands.go:113.48,114.21 1 1
github.com/echovault/echovault/pkg/modules/acl/commands.go:114.21,116.12 2 0
github.com/echovault/echovault/pkg/modules/acl/commands.go:118.3,118.47 1 1
github.com/echovault/echovault/pkg/modules/acl/commands.go:120.2,120.48 1 1
github.com/echovault/echovault/pkg/modules/acl/commands.go:120.48,121.21 1 1
github.com/echovault/echovault/pkg/modules/acl/commands.go:121.21,123.12 2 0
github.com/echovault/echovault/pkg/modules/acl/commands.go:125.3,125.47 1 1
github.com/echovault/echovault/pkg/modules/acl/commands.go:129.2,130.79 2 1
github.com/echovault/echovault/pkg/modules/acl/commands.go:130.79,131.37 1 1
github.com/echovault/echovault/pkg/modules/acl/commands.go:131.37,133.4 1 1
github.com/echovault/echovault/pkg/modules/acl/commands.go:135.2,136.30 2 1
github.com/echovault/echovault/pkg/modules/acl/commands.go:136.30,137.10 1 1
github.com/echovault/echovault/pkg/modules/acl/commands.go:138.100,140.53 1 1
github.com/echovault/echovault/pkg/modules/acl/commands.go:141.53,143.52 1 1
github.com/echovault/echovault/pkg/modules/acl/commands.go:144.52,146.52 1 1
github.com/echovault/echovault/pkg/modules/acl/commands.go:151.2,153.54 2 1
github.com/echovault/echovault/pkg/modules/acl/commands.go:153.54,155.3 1 1
github.com/echovault/echovault/pkg/modules/acl/commands.go:156.2,156.54 1 1
github.com/echovault/echovault/pkg/modules/acl/commands.go:156.54,158.3 1 1
github.com/echovault/echovault/pkg/modules/acl/commands.go:160.2,162.25 2 1
github.com/echovault/echovault/pkg/modules/acl/commands.go:165.102,166.18 1 1
github.com/echovault/echovault/pkg/modules/acl/commands.go:166.18,168.3 1 1
github.com/echovault/echovault/pkg/modules/acl/commands.go:170.2,174.35 3 1
github.com/echovault/echovault/pkg/modules/acl/commands.go:174.35,175.36 1 1
github.com/echovault/echovault/pkg/modules/acl/commands.go:175.36,176.48 1 1
github.com/echovault/echovault/pkg/modules/acl/commands.go:176.48,178.5 1 1
github.com/echovault/echovault/pkg/modules/acl/commands.go:179.4,179.12 1 1
github.com/echovault/echovault/pkg/modules/acl/commands.go:181.3,181.50 1 1
github.com/echovault/echovault/pkg/modules/acl/commands.go:181.50,182.51 1 1
github.com/echovault/echovault/pkg/modules/acl/commands.go:182.51,185.5 1 1
github.com/echovault/echovault/pkg/modules/acl/commands.go:189.2,189.19 1 1
github.com/echovault/echovault/pkg/modules/acl/commands.go:189.19,192.34 3 1
github.com/echovault/echovault/pkg/modules/acl/commands.go:192.34,195.4 2 1
github.com/echovault/echovault/pkg/modules/acl/commands.go:196.3,197.28 2 1
github.com/echovault/echovault/pkg/modules/acl/commands.go:197.28,199.24 2 1
github.com/echovault/echovault/pkg/modules/acl/commands.go:199.24,201.5 1 1
github.com/echovault/echovault/pkg/modules/acl/commands.go:203.3,203.26 1 1
github.com/echovault/echovault/pkg/modules/acl/commands.go:206.2,206.19 1 1
github.com/echovault/echovault/pkg/modules/acl/commands.go:206.19,208.46 2 1
github.com/echovault/echovault/pkg/modules/acl/commands.go:208.46,209.43 1 1
github.com/echovault/echovault/pkg/modules/acl/commands.go:209.43,211.38 2 1
github.com/echovault/echovault/pkg/modules/acl/commands.go:211.38,213.30 2 1
github.com/echovault/echovault/pkg/modules/acl/commands.go:213.30,215.7 1 1
github.com/echovault/echovault/pkg/modules/acl/commands.go:217.5,217.28 1 1
github.com/echovault/echovault/pkg/modules/acl/commands.go:222.2,222.74 1 1
github.com/echovault/echovault/pkg/modules/acl/commands.go:225.102,227.9 2 1
github.com/echovault/echovault/pkg/modules/acl/commands.go:227.9,229.3 1 0
github.com/echovault/echovault/pkg/modules/acl/commands.go:230.2,231.33 2 1
github.com/echovault/echovault/pkg/modules/acl/commands.go:231.33,233.3 1 1
github.com/echovault/echovault/pkg/modules/acl/commands.go:234.2,235.25 2 1
github.com/echovault/echovault/pkg/modules/acl/commands.go:238.106,240.9 2 1
github.com/echovault/echovault/pkg/modules/acl/commands.go:240.9,242.3 1 0
github.com/echovault/echovault/pkg/modules/acl/commands.go:243.2,243.45 1 1
github.com/echovault/echovault/pkg/modules/acl/commands.go:243.45,245.3 1 0
github.com/echovault/echovault/pkg/modules/acl/commands.go:246.2,246.42 1 1
github.com/echovault/echovault/pkg/modules/acl/commands.go:249.108,250.18 1 1
github.com/echovault/echovault/pkg/modules/acl/commands.go:250.18,252.3 1 1
github.com/echovault/echovault/pkg/modules/acl/commands.go:253.2,254.9 2 1
github.com/echovault/echovault/pkg/modules/acl/commands.go:254.9,256.3 1 0
github.com/echovault/echovault/pkg/modules/acl/commands.go:257.2,257.53 1 1
github.com/echovault/echovault/pkg/modules/acl/commands.go:257.53,259.3 1 0
github.com/echovault/echovault/pkg/modules/acl/commands.go:260.2,260.42 1 1
github.com/echovault/echovault/pkg/modules/acl/commands.go:263.106,265.9 2 1
github.com/echovault/echovault/pkg/modules/acl/commands.go:265.9,267.3 1 0
github.com/echovault/echovault/pkg/modules/acl/commands.go:268.2,269.74 2 1
github.com/echovault/echovault/pkg/modules/acl/commands.go:272.103,273.18 1 1
github.com/echovault/echovault/pkg/modules/acl/commands.go:273.18,275.3 1 0
github.com/echovault/echovault/pkg/modules/acl/commands.go:276.2,277.9 2 1
github.com/echovault/echovault/pkg/modules/acl/commands.go:277.9,279.3 1 0
github.com/echovault/echovault/pkg/modules/acl/commands.go:280.2,282.33 3 1
github.com/echovault/echovault/pkg/modules/acl/commands.go:282.33,285.19 2 1
github.com/echovault/echovault/pkg/modules/acl/commands.go:285.19,287.4 1 1
github.com/echovault/echovault/pkg/modules/acl/commands.go:287.9,289.4 1 1
github.com/echovault/echovault/pkg/modules/acl/commands.go:291.3,291.22 1 1
github.com/echovault/echovault/pkg/modules/acl/commands.go:291.22,293.4 1 1
github.com/echovault/echovault/pkg/modules/acl/commands.go:295.3,295.18 1 1
github.com/echovault/echovault/pkg/modules/acl/commands.go:295.18,297.4 1 1
github.com/echovault/echovault/pkg/modules/acl/commands.go:299.3,299.43 1 1
github.com/echovault/echovault/pkg/modules/acl/commands.go:299.43,300.61 1 1
github.com/echovault/echovault/pkg/modules/acl/commands.go:300.61,302.5 1 1
github.com/echovault/echovault/pkg/modules/acl/commands.go:303.4,303.58 1 1
github.com/echovault/echovault/pkg/modules/acl/commands.go:303.58,305.5 1 1
github.com/echovault/echovault/pkg/modules/acl/commands.go:308.3,308.52 1 1
github.com/echovault/echovault/pkg/modules/acl/commands.go:308.52,309.23 1 1
github.com/echovault/echovault/pkg/modules/acl/commands.go:309.23,311.13 2 1
github.com/echovault/echovault/pkg/modules/acl/commands.go:313.4,313.39 1 1
github.com/echovault/echovault/pkg/modules/acl/commands.go:316.3,316.52 1 1
github.com/echovault/echovault/pkg/modules/acl/commands.go:316.52,317.23 1 1
github.com/echovault/echovault/pkg/modules/acl/commands.go:317.23,319.13 2 0
github.com/echovault/echovault/pkg/modules/acl/commands.go:321.4,321.39 1 1
github.com/echovault/echovault/pkg/modules/acl/commands.go:324.3,324.49 1 1
github.com/echovault/echovault/pkg/modules/acl/commands.go:324.49,325.22 1 1
github.com/echovault/echovault/pkg/modules/acl/commands.go:325.22,327.13 2 1
github.com/echovault/echovault/pkg/modules/acl/commands.go:329.4,329.37 1 1
github.com/echovault/echovault/pkg/modules/acl/commands.go:332.3,332.49 1 1
github.com/echovault/echovault/pkg/modules/acl/commands.go:332.49,333.22 1 1
github.com/echovault/echovault/pkg/modules/acl/commands.go:333.22,335.13 2 0
github.com/echovault/echovault/pkg/modules/acl/commands.go:337.4,337.37 1 1
github.com/echovault/echovault/pkg/modules/acl/commands.go:340.3,340.45 1 1
github.com/echovault/echovault/pkg/modules/acl/commands.go:340.45,341.52 1 1
github.com/echovault/echovault/pkg/modules/acl/commands.go:341.52,343.13 2 1
github.com/echovault/echovault/pkg/modules/acl/commands.go:345.4,345.41 1 1
github.com/echovault/echovault/pkg/modules/acl/commands.go:348.3,348.45 1 1
github.com/echovault/echovault/pkg/modules/acl/commands.go:348.45,349.52 1 1
github.com/echovault/echovault/pkg/modules/acl/commands.go:349.52,351.5 1 0
github.com/echovault/echovault/pkg/modules/acl/commands.go:354.3,354.55 1 1
github.com/echovault/echovault/pkg/modules/acl/commands.go:354.55,356.4 1 1
github.com/echovault/echovault/pkg/modules/acl/commands.go:358.3,358.55 1 1
github.com/echovault/echovault/pkg/modules/acl/commands.go:358.55,360.4 1 1
github.com/echovault/echovault/pkg/modules/acl/commands.go:361.3,361.54 1 1
github.com/echovault/echovault/pkg/modules/acl/commands.go:364.2,365.25 2 1
github.com/echovault/echovault/pkg/modules/acl/commands.go:368.103,369.19 1 0
github.com/echovault/echovault/pkg/modules/acl/commands.go:369.19,371.3 1 0
github.com/echovault/echovault/pkg/modules/acl/commands.go:373.2,374.9 2 0
github.com/echovault/echovault/pkg/modules/acl/commands.go:374.9,376.3 1 0
github.com/echovault/echovault/pkg/modules/acl/commands.go:378.2,382.16 4 0
github.com/echovault/echovault/pkg/modules/acl/commands.go:382.16,384.3 1 0
github.com/echovault/echovault/pkg/modules/acl/commands.go:386.2,386.15 1 0
github.com/echovault/echovault/pkg/modules/acl/commands.go:386.15,387.35 1 0
github.com/echovault/echovault/pkg/modules/acl/commands.go:387.35,389.4 1 0
github.com/echovault/echovault/pkg/modules/acl/commands.go:392.2,396.20 3 0
github.com/echovault/echovault/pkg/modules/acl/commands.go:396.20,397.59 1 0
github.com/echovault/echovault/pkg/modules/acl/commands.go:397.59,399.4 1 0
[...]
github.com/echovault/echovault/pkg/modules/sorted_set/commands.go:1492.51,1494.3 1 1
github.com/echovault/echovault/pkg/modules/sorted_set/commands.go:1496.2,1497.16 2 1
github.com/echovault/echovault/pkg/modules/sorted_set/commands.go:1497.16,1499.3 1 1
github.com/echovault/echovault/pkg/modules/sorted_set/commands.go:1501.2,1502.15 2 1
github.com/echovault/echovault/pkg/modules/sorted_set/commands.go:1502.15,1503.34 1 1
github.com/echovault/echovault/pkg/modules/sorted_set/commands.go:1503.34,1504.14 1 1
github.com/echovault/echovault/pkg/modules/sorted_set/commands.go:1504.14,1506.5 1 1
github.com/echovault/echovault/pkg/modules/sorted_set/commands.go:1510.2,1512.33 2 1
github.com/echovault/echovault/pkg/modules/sorted_set/commands.go:1512.33,1513.37 1 1
github.com/echovault/echovault/pkg/modules/sorted_set/commands.go:1513.37,1514.58 1 1
github.com/echovault/echovault/pkg/modules/sorted_set/commands.go:1514.58,1516.5 1 0
github.com/echovault/echovault/pkg/modules/sorted_set/commands.go:1517.4,1519.11 3 1
github.com/echovault/echovault/pkg/modules/sorted_set/commands.go:1519.11,1521.5 1 1
github.com/echovault/echovault/pkg/modules/sorted_set/commands.go:1522.4,1525.6 1 1
github.com/echovault/echovault/pkg/modules/sorted_set/commands.go:1529.2,1531.40 2 1
github.com/echovault/echovault/pkg/modules/sorted_set/commands.go:1531.40,1532.60 1 0
github.com/echovault/echovault/pkg/modules/sorted_set/commands.go:1532.60,1534.4 1 0
github.com/echovault/echovault/pkg/modules/sorted_set/commands.go:1535.8,1536.69 1 1
github.com/echovault/echovault/pkg/modules/sorted_set/commands.go:1536.69,1538.4 1 0
github.com/echovault/echovault/pkg/modules/sorted_set/commands.go:1540.2,1542.64 2 1
github.com/echovault/echovault/pkg/modules/sorted_set/commands.go:1542.64,1544.3 1 0
github.com/echovault/echovault/pkg/modules/sorted_set/commands.go:1546.2,1546.65 1 1
github.com/echovault/echovault/pkg/modules/sorted_set/commands.go:1549.33,1821.2 1 0
github.com/echovault/echovault/pkg/modules/sorted_set/key_funcs.go:24.50,25.18 1 1
github.com/echovault/echovault/pkg/modules/sorted_set/key_funcs.go:25.18,27.3 1 1
github.com/echovault/echovault/pkg/modules/sorted_set/key_funcs.go:28.2,28.22 1 1
github.com/echovault/echovault/pkg/modules/sorted_set/key_funcs.go:31.51,32.19 1 1
github.com/echovault/echovault/pkg/modules/sorted_set/key_funcs.go:32.19,34.3 1 1
github.com/echovault/echovault/pkg/modules/sorted_set/key_funcs.go:35.2,35.21 1 1
github.com/echovault/echovault/pkg/modules/sorted_set/key_funcs.go:38.52,39.19 1 1
github.com/echovault/echovault/pkg/modules/sorted_set/key_funcs.go:39.19,41.3 1 1
github.com/echovault/echovault/pkg/modules/sorted_set/key_funcs.go:42.2,42.22 1 1
github.com/echovault/echovault/pkg/modules/sorted_set/key_funcs.go:45.51,46.18 1 1
github.com/echovault/echovault/pkg/modules/sorted_set/key_funcs.go:46.18,48.3 1 1
github.com/echovault/echovault/pkg/modules/sorted_set/key_funcs.go:50.2,50.63 1 1
github.com/echovault/echovault/pkg/modules/sorted_set/key_funcs.go:50.63,52.3 1 1
github.com/echovault/echovault/pkg/modules/sorted_set/key_funcs.go:54.2,54.27 1 1
github.com/echovault/echovault/pkg/modules/sorted_set/key_funcs.go:54.27,56.3 1 1
github.com/echovault/echovault/pkg/modules/sorted_set/key_funcs.go:58.2,58.36 1 1
github.com/echovault/echovault/pkg/modules/sorted_set/key_funcs.go:61.56,62.18 1 1
github.com/echovault/echovault/pkg/modules/sorted_set/key_funcs.go:62.18,64.3 1 1
github.com/echovault/echovault/pkg/modules/sorted_set/key_funcs.go:65.2,65.21 1 1
github.com/echovault/echovault/pkg/modules/sorted_set/key_funcs.go:68.53,69.19 1 1
github.com/echovault/echovault/pkg/modules/sorted_set/key_funcs.go:69.19,71.3 1 1
github.com/echovault/echovault/pkg/modules/sorted_set/key_funcs.go:72.2,72.22 1 1
github.com/echovault/echovault/pkg/modules/sorted_set/key_funcs.go:75.52,76.18 1 1
github.com/echovault/echovault/pkg/modules/sorted_set/key_funcs.go:76.18,78.3 1 1
github.com/echovault/echovault/pkg/modules/sorted_set/key_funcs.go:79.2,79.58 1 1
github.com/echovault/echovault/pkg/modules/sorted_set/key_funcs.go:79.58,82.39 1 1
github.com/echovault/echovault/pkg/modules/sorted_set/key_funcs.go:82.39,84.4 1 1
github.com/echovault/echovault/pkg/modules/sorted_set/key_funcs.go:85.3,85.15 1 1
github.com/echovault/echovault/pkg/modules/sorted_set/key_funcs.go:87.2,87.18 1 1
github.com/echovault/echovault/pkg/modules/sorted_set/key_funcs.go:87.18,89.3 1 1
github.com/echovault/echovault/pkg/modules/sorted_set/key_funcs.go:90.2,90.17 1 1
github.com/echovault/echovault/pkg/modules/sorted_set/key_funcs.go:90.17,92.3 1 1
github.com/echovault/echovault/pkg/modules/sorted_set/key_funcs.go:93.2,93.53 1 1
github.com/echovault/echovault/pkg/modules/sorted_set/key_funcs.go:96.57,97.18 1 1
github.com/echovault/echovault/pkg/modules/sorted_set/key_funcs.go:97.18,99.3 1 1
github.com/echovault/echovault/pkg/modules/sorted_set/key_funcs.go:100.2,100.58 1 1
github.com/echovault/echovault/pkg/modules/sorted_set/key_funcs.go:100.58,103.39 1 1
github.com/echovault/echovault/pkg/modules/sorted_set/key_funcs.go:103.39,105.4 1 1
github.com/echovault/echovault/pkg/modules/sorted_set/key_funcs.go:106.3,106.15 1 1
github.com/echovault/echovault/pkg/modules/sorted_set/key_funcs.go:108.2,108.18 1 1
github.com/echovault/echovault/pkg/modules/sorted_set/key_funcs.go:108.18,110.3 1 1
github.com/echovault/echovault/pkg/modules/sorted_set/key_funcs.go:111.2,111.17 1 1
github.com/echovault/echovault/pkg/modules/sorted_set/key_funcs.go:111.17,113.3 1 1
github.com/echovault/echovault/pkg/modules/sorted_set/key_funcs.go:114.2,114.53 1 1
github.com/echovault/echovault/pkg/modules/sorted_set/key_funcs.go:117.51,118.18 1 1
github.com/echovault/echovault/pkg/modules/sorted_set/key_funcs.go:118.18,120.3 1 1
github.com/echovault/echovault/pkg/modules/sorted_set/key_funcs.go:121.2,121.54 1 1
github.com/echovault/echovault/pkg/modules/sorted_set/key_funcs.go:121.54,123.3 1 1
github.com/echovault/echovault/pkg/modules/sorted_set/key_funcs.go:124.2,124.18 1 1
github.com/echovault/echovault/pkg/modules/sorted_set/key_funcs.go:124.18,126.3 1 1
github.com/echovault/echovault/pkg/modules/sorted_set/key_funcs.go:127.2,127.17 1 1
github.com/echovault/echovault/pkg/modules/sorted_set/key_funcs.go:127.17,129.3 1 1
github.com/echovault/echovault/pkg/modules/sorted_set/key_funcs.go:130.2,130.53 1 0
github.com/echovault/echovault/pkg/modules/sorted_set/key_funcs.go:133.53,134.18 1 1
github.com/echovault/echovault/pkg/modules/sorted_set/key_funcs.go:134.18,136.3 1 1
github.com/echovault/echovault/pkg/modules/sorted_set/key_funcs.go:137.2,137.22 1 1
github.com/echovault/echovault/pkg/modules/sorted_set/key_funcs.go:140.50,141.34 1 1
github.com/echovault/echovault/pkg/modules/sorted_set/key_funcs.go:141.34,143.3 1 1
github.com/echovault/echovault/pkg/modules/sorted_set/key_funcs.go:144.2,144.22 1 1
github.com/echovault/echovault/pkg/modules/sorted_set/key_funcs.go:147.57,148.34 1 1
github.com/echovault/echovault/pkg/modules/sorted_set/key_funcs.go:148.34,150.3 1 1
github.com/echovault/echovault/pkg/modules/sorted_set/key_funcs.go:151.2,151.22 1 1
github.com/echovault/echovault/pkg/modules/sorted_set/key_funcs.go:154.51,155.34 1 1
github.com/echovault/echovault/pkg/modules/sorted_set/key_funcs.go:155.34,157.3 1 1
github.com/echovault/echovault/pkg/modules/sorted_set/key_funcs.go:158.2,158.22 1 1
github.com/echovault/echovault/pkg/modules/sorted_set/key_funcs.go:161.50,162.18 1 1
github.com/echovault/echovault/pkg/modules/sorted_set/key_funcs.go:162.18,164.3 1 1
github.com/echovault/echovault/pkg/modules/sorted_set/key_funcs.go:165.2,165.22 1 1
github.com/echovault/echovault/pkg/modules/sorted_set/key_funcs.go:168.54,169.18 1 0
github.com/echovault/echovault/pkg/modules/sorted_set/key_funcs.go:169.18,171.3 1 0
github.com/echovault/echovault/pkg/modules/sorted_set/key_funcs.go:172.2,172.22 1 0
github.com/echovault/echovault/pkg/modules/sorted_set/key_funcs.go:175.52,176.19 1 1
github.com/echovault/echovault/pkg/modules/sorted_set/key_funcs.go:176.19,178.3 1 1
github.com/echovault/echovault/pkg/modules/sorted_set/key_funcs.go:179.2,179.22 1 1
github.com/echovault/echovault/pkg/modules/sorted_set/key_funcs.go:182.60,183.19 1 1
github.com/echovault/echovault/pkg/modules/sorted_set/key_funcs.go:183.19,185.3 1 1
github.com/echovault/echovault/pkg/modules/sorted_set/key_funcs.go:186.2,186.22 1 1
github.com/echovault/echovault/pkg/modules/sorted_set/key_funcs.go:189.61,190.19 1 1
github.com/echovault/echovault/pkg/modules/sorted_set/key_funcs.go:190.19,192.3 1 1
github.com/echovault/echovault/pkg/modules/sorted_set/key_funcs.go:193.2,193.22 1 1
github.com/echovault/echovault/pkg/modules/sorted_set/key_funcs.go:196.62,197.19 1 1
github.com/echovault/echovault/pkg/modules/sorted_set/key_funcs.go:197.19,199.3 1 1
github.com/echovault/echovault/pkg/modules/sorted_set/key_funcs.go:200.2,200.22 1 1
github.com/echovault/echovault/pkg/modules/sorted_set/key_funcs.go:203.55,204.19 1 1
github.com/echovault/echovault/pkg/modules/sorted_set/key_funcs.go:204.19,206.3 1 1
github.com/echovault/echovault/pkg/modules/sorted_set/key_funcs.go:207.2,207.22 1 1
github.com/echovault/echovault/pkg/modules/sorted_set/key_funcs.go:210.53,211.35 1 1
github.com/echovault/echovault/pkg/modules/sorted_set/key_funcs.go:211.35,213.3 1 1
github.com/echovault/echovault/pkg/modules/sorted_set/key_funcs.go:214.2,214.22 1 1
github.com/echovault/echovault/pkg/modules/sorted_set/key_funcs.go:217.57,218.35 1 1
github.com/echovault/echovault/pkg/modules/sorted_set/key_funcs.go:218.35,220.3 1 1
github.com/echovault/echovault/pkg/modules/sorted_set/key_funcs.go:221.2,221.22 1 1
github.com/echovault/echovault/pkg/modules/sorted_set/key_funcs.go:224.52,225.18 1 1
github.com/echovault/echovault/pkg/modules/sorted_set/key_funcs.go:225.18,227.3 1 1
github.com/echovault/echovault/pkg/modules/sorted_set/key_funcs.go:228.2,228.58 1 1
github.com/echovault/echovault/pkg/modules/sorted_set/key_funcs.go:228.58,231.39 1 1
github.com/echovault/echovault/pkg/modules/sorted_set/key_funcs.go:231.39,233.4 1 1
github.com/echovault/echovault/pkg/modules/sorted_set/key_funcs.go:234.3,234.15 1 1
github.com/echovault/echovault/pkg/modules/sorted_set/key_funcs.go:236.2,236.18 1 1
github.com/echovault/echovault/pkg/modules/sorted_set/key_funcs.go:236.18,238.3 1 1
github.com/echovault/echovault/pkg/modules/sorted_set/key_funcs.go:239.2,239.17 1 1
github.com/echovault/echovault/pkg/modules/sorted_set/key_funcs.go:239.17,241.3 1 1
github.com/echovault/echovault/pkg/modules/sorted_set/key_funcs.go:242.2,242.53 1 1
github.com/echovault/echovault/pkg/modules/sorted_set/key_funcs.go:245.57,246.18 1 1
github.com/echovault/echovault/pkg/modules/sorted_set/key_funcs.go:246.18,248.3 1 1
github.com/echovault/echovault/pkg/modules/sorted_set/key_funcs.go:249.2,249.58 1 1
github.com/echovault/echovault/pkg/modules/sorted_set/key_funcs.go:249.58,252.39 1 1
github.com/echovault/echovault/pkg/modules/sorted_set/key_funcs.go:252.39,254.4 1 1
github.com/echovault/echovault/pkg/modules/sorted_set/key_funcs.go:255.3,255.15 1 1
github.com/echovault/echovault/pkg/modules/sorted_set/key_funcs.go:257.2,257.18 1 1
github.com/echovault/echovault/pkg/modules/sorted_set/key_funcs.go:257.18,259.3 1 1
github.com/echovault/echovault/pkg/modules/sorted_set/key_funcs.go:260.2,260.17 1 1
github.com/echovault/echovault/pkg/modules/sorted_set/key_funcs.go:260.17,262.3 1 1
github.com/echovault/echovault/pkg/modules/sorted_set/key_funcs.go:263.2,263.53 1 1
github.com/echovault/echovault/pkg/modules/sorted_set/utils.go:24.97,26.60 2 1
github.com/echovault/echovault/pkg/modules/sorted_set/utils.go:26.60,28.3 1 1
github.com/echovault/echovault/pkg/modules/sorted_set/utils.go:29.2,29.24 1 1
github.com/echovault/echovault/pkg/modules/sorted_set/utils.go:29.24,30.48 1 1
github.com/echovault/echovault/pkg/modules/sorted_set/utils.go:30.48,31.85 1 1
github.com/echovault/echovault/pkg/modules/sorted_set/utils.go:31.85,32.10 1 0
github.com/echovault/echovault/pkg/modules/sorted_set/utils.go:34.4,35.18 2 1
github.com/echovault/echovault/pkg/modules/sorted_set/utils.go:35.18,37.5 1 0
github.com/echovault/echovault/pkg/modules/sorted_set/utils.go:38.4,38.32 1 1
github.com/echovault/echovault/pkg/modules/sorted_set/utils.go:42.2,43.62 2 1
github.com/echovault/echovault/pkg/modules/sorted_set/utils.go:43.62,45.3 1 1
github.com/echovault/echovault/pkg/modules/sorted_set/utils.go:46.2,46.26 1 1
github.com/echovault/echovault/pkg/modules/sorted_set/utils.go:46.26,47.94 1 1
github.com/echovault/echovault/pkg/modules/sorted_set/utils.go:47.94,49.4 1 0
github.com/echovault/echovault/pkg/modules/sorted_set/utils.go:50.3,50.53 1 1
github.com/echovault/echovault/pkg/modules/sorted_set/utils.go:53.2,54.63 2 1
github.com/echovault/echovault/pkg/modules/sorted_set/utils.go:54.63,56.3 1 1
github.com/echovault/echovault/pkg/modules/sorted_set/utils.go:57.2,57.27 1 1
github.com/echovault/echovault/pkg/modules/sorted_set/utils.go:57.27,59.3 1 1
github.com/echovault/echovault/pkg/modules/sorted_set/utils.go:62.2,63.85 2 1
github.com/echovault/echovault/pkg/modules/sorted_set/utils.go:63.85,64.26 1 1
github.com/echovault/echovault/pkg/modules/sorted_set/utils.go:64.26,65.12 1 1
github.com/echovault/echovault/pkg/modules/sorted_set/utils.go:67.3,67.31 1 1
github.com/echovault/echovault/pkg/modules/sorted_set/utils.go:67.31,69.12 2 1
github.com/echovault/echovault/pkg/modules/sorted_set/utils.go:71.3,71.41 1 1
github.com/echovault/echovault/pkg/modules/sorted_set/utils.go:71.41,73.4 1 1
github.com/echovault/echovault/pkg/modules/sorted_set/utils.go:76.2,77.30 2 1
github.com/echovault/echovault/pkg/modules/sorted_set/utils.go:77.30,79.3 1 1
github.com/echovault/echovault/pkg/modules/sorted_set/utils.go:79.8,81.3 1 1
github.com/echovault/echovault/pkg/modules/sorted_set/utils.go:83.2,83.55 1 1
github.com/echovault/echovault/pkg/modules/sorted_set/utils.go:83.55,85.3 1 1
github.com/echovault/echovault/pkg/modules/sorted_set/utils.go:85.8,85.31 1 1
github.com/echovault/echovault/pkg/modules/sorted_set/utils.go:85.31,86.34 1 1
github.com/echovault/echovault/pkg/modules/sorted_set/utils.go:86.34,88.4 1 1
github.com/echovault/echovault/pkg/modules/sorted_set/utils.go:91.2,91.50 1 1
github.com/echovault/echovault/pkg/modules/string/commands.go:27.112,29.16 2 1
github.com/echovault/echovault/pkg/modules/string/commands.go:29.16,31.3 1 1
github.com/echovault/echovault/pkg/modules/string/commands.go:33.2,36.9 3 1
github.com/echovault/echovault/pkg/modules/string/commands.go:36.9,38.3 1 1
github.com/echovault/echovault/pkg/modules/string/commands.go:40.2,42.33 2 1
github.com/echovault/echovault/pkg/modules/string/commands.go:42.33,43.61 1 1
github.com/echovault/echovault/pkg/modules/string/commands.go:43.61,45.4 1 0
github.com/echovault/echovault/pkg/modules/string/commands.go:46.3,46.58 1 1
github.com/echovault/echovault/pkg/modules/string/commands.go:46.58,48.4 1 0
github.com/echovault/echovault/pkg/modules/string/commands.go:49.3,50.58 2 1
github.com/echovault/echovault/pkg/modules/string/commands.go:53.2,53.52 1 1
github.com/echovault/echovault/pkg/modules/string/commands.go:53.52,55.3 1 0
github.com/echovault/echovault/pkg/modules/string/commands.go:56.2,59.9 3 1
github.com/echovault/echovault/pkg/modules/string/commands.go:59.9,61.3 1 1
github.com/echovault/echovault/pkg/modules/string/commands.go:64.2,64.24 1 1
github.com/echovault/echovault/pkg/modules/string/commands.go:64.24,66.58 2 1
github.com/echovault/echovault/pkg/modules/string/commands.go:66.58,68.4 1 0
github.com/echovault/echovault/pkg/modules/string/commands.go:69.3,69.58 1 1
github.com/echovault/echovault/pkg/modules/string/commands.go:73.2,73.16 1 1
github.com/echovault/echovault/pkg/modules/string/commands.go:73.16,75.58 2 1
github.com/echovault/echovault/pkg/modules/string/commands.go:75.58,77.4 1 0
github.com/echovault/echovault/pkg/modules/string/commands.go:78.3,78.58 1 1
github.com/echovault/echovault/pkg/modules/string/commands.go:81.2,83.35 2 1
github.com/echovault/echovault/pkg/modules/string/commands.go:83.35,85.24 1 1
github.com/echovault/echovault/pkg/modules/string/commands.go:85.24,88.12 3 1
github.com/echovault/echovault/pkg/modules/string/commands.go:91.3,92.8 2 1
github.com/echovault/echovault/pkg/modules/string/commands.go:95.2,95.67 1 1
github.com/echovault/echovault/pkg/modules/string/commands.go:95.67,97.3 1 0
github.com/echovault/echovault/pkg/modules/string/commands.go:99.2,99.59 1 1
github.com/echovault/echovault/pkg/modules/string/commands.go:102.110,104.16 2 1
github.com/echovault/echovault/pkg/modules/string/commands.go:104.16,106.3 1 1
github.com/echovault/echovault/pkg/modules/string/commands.go:108.2,110.33 2 1
github.com/echovault/echovault/pkg/modules/string/commands.go:110.33,112.3 1 1
github.com/echovault/echovault/pkg/modules/string/commands.go:114.2,114.53 1 1
github.com/echovault/echovault/pkg/modules/string/commands.go:114.53,116.3 1 0
github.com/echovault/echovault/pkg/modules/string/commands.go:117.2,121.9 3 1
github.com/echovault/echovault/pkg/modules/string/commands.go:121.9,123.3 1 0
github.com/echovault/echovault/pkg/modules/string/commands.go:125.2,125.56 1 1
github.com/echovault/echovault/pkg/modules/string/commands.go:128.110,130.16 2 1
github.com/echovault/echovault/pkg/modules/string/commands.go:130.16,132.3 1 1
github.com/echovault/echovault/pkg/modules/string/commands.go:134.2,140.24 5 1
github.com/echovault/echovault/pkg/modules/string/commands.go:140.24,142.3 1 1
github.com/echovault/echovault/pkg/modules/string/commands.go:144.2,144.33 1 1
github.com/echovault/echovault/pkg/modules/string/commands.go:144.33,146.3 1 1
github.com/echovault/echovault/pkg/modules/string/commands.go:148.2,148.52 1 1
github.com/echovault/echovault/pkg/modules/string/commands.go:148.52,150.3 1 0
github.com/echovault/echovault/pkg/modules/string/commands.go:151.2,154.9 3 1
github.com/echovault/echovault/pkg/modules/string/commands.go:154.9,156.3 1 0
github.com/echovault/echovault/pkg/modules/string/commands.go:158.2,158.15 1 1
github.com/echovault/echovault/pkg/modules/string/commands.go:158.15,160.3 1 1
github.com/echovault/echovault/pkg/modules/string/commands.go:161.2,161.13 1 1
github.com/echovault/echovault/pkg/modules/string/commands.go:161.13,163.3 1 0
github.com/echovault/echovault/pkg/modules/string/commands.go:165.2,165.30 1 1
github.com/echovault/echovault/pkg/modules/string/commands.go:165.30,167.3 1 1
github.com/echovault/echovault/pkg/modules/string/commands.go:169.2,169.22 1 1
github.com/echovault/echovault/pkg/modules/string/commands.go:169.22,171.3 1 1
github.com/echovault/echovault/pkg/modules/string/commands.go:173.2,173.17 1 1
github.com/echovault/echovault/pkg/modules/string/commands.go:173.17,176.3 2 1
github.com/echovault/echovault/pkg/modules/string/commands.go:178.2,180.14 2 1
github.com/echovault/echovault/pkg/modules/string/commands.go:180.14,182.38 2 1
github.com/echovault/echovault/pkg/modules/string/commands.go:182.38,184.4 1 1
github.com/echovault/echovault/pkg/modules/string/commands.go:185.3,185.12 1 1
github.com/echovault/echovault/pkg/modules/string/commands.go:188.2,188.65 1 1
github.com/echovault/echovault/pkg/modules/string/commands.go:191.33,230.2 1 0
github.com/echovault/echovault/pkg/modules/string/key_funcs.go:22.54,23.19 1 1
github.com/echovault/echovault/pkg/modules/string/key_funcs.go:23.19,25.3 1 1
github.com/echovault/echovault/pkg/modules/string/key_funcs.go:26.2,26.30 1 1
github.com/echovault/echovault/pkg/modules/string/key_funcs.go:29.52,30.19 1 1
github.com/echovault/echovault/pkg/modules/string/key_funcs.go:30.19,32.3 1 1
github.com/echovault/echovault/pkg/modules/string/key_funcs.go:33.2,33.30 1 1
github.com/echovault/echovault/pkg/modules/string/key_funcs.go:36.52,37.19 1 1
github.com/echovault/echovault/pkg/modules/string/key_funcs.go:37.19,39.3 1 1
github.com/echovault/echovault/pkg/modules/string/key_funcs.go:40.2,40.30 1 1
