mode: set
github.com/echovault/echovault/internal/aof/log/store.go:46.60,47.34 1 1
github.com/echovault/echovault/internal/aof/log/store.go:47.34,49.3 1 1
github.com/echovault/echovault/internal/aof/log/store.go:52.61,53.34 1 1
github.com/echovault/echovault/internal/aof/log/store.go:53.34,55.3 1 1
github.com/echovault/echovault/internal/aof/log/store.go:58.67,59.34 1 1
github.com/echovault/echovault/internal/aof/log/store.go:59.34,61.3 1 1
github.com/echovault/echovault/internal/aof/log/store.go:64.63,65.34 1 1
github.com/echovault/echovault/internal/aof/log/store.go:65.34,67.3 1 1
github.com/echovault/echovault/internal/aof/log/store.go:70.77,71.34 1 1
github.com/echovault/echovault/internal/aof/log/store.go:71.34,73.3 1 1
github.com/echovault/echovault/internal/aof/log/store.go:76.80,83.39 1 1
github.com/echovault/echovault/internal/aof/log/store.go:83.40,83.41 0 0
github.com/echovault/echovault/internal/aof/log/store.go:86.2,86.33 1 1
github.com/echovault/echovault/internal/aof/log/store.go:86.33,88.3 1 1
github.com/echovault/echovault/internal/aof/log/store.go:91.2,91.46 1 1
github.com/echovault/echovault/internal/aof/log/store.go:91.46,94.17 2 1
github.com/echovault/echovault/internal/aof/log/store.go:94.17,96.4 1 0
github.com/echovault/echovault/internal/aof/log/store.go:97.3,98.17 2 1
github.com/echovault/echovault/internal/aof/log/store.go:98.17,100.4 1 0
github.com/echovault/echovault/internal/aof/log/store.go:101.3,101.15 1 1
github.com/echovault/echovault/internal/aof/log/store.go:106.2,106.51 1 1
github.com/echovault/echovault/internal/aof/log/store.go:106.51,107.13 1 1
github.com/echovault/echovault/internal/aof/log/store.go:107.13,108.8 1 1
github.com/echovault/echovault/internal/aof/log/store.go:108.8,110.40 2 1
github.com/echovault/echovault/internal/aof/log/store.go:110.40,113.11 3 1
github.com/echovault/echovault/internal/aof/log/store.go:115.5,116.41 2 0
github.com/echovault/echovault/internal/aof/log/store.go:121.2,121.19 1 1
github.com/echovault/echovault/internal/aof/log/store.go:124.55,126.21 1 1
github.com/echovault/echovault/internal/aof/log/store.go:126.21,128.3 1 0
github.com/echovault/echovault/internal/aof/log/store.go:130.2,135.47 4 1
github.com/echovault/echovault/internal/aof/log/store.go:135.47,137.3 1 0
github.com/echovault/echovault/internal/aof/log/store.go:139.2,139.49 1 1
github.com/echovault/echovault/internal/aof/log/store.go:139.49,140.38 1 1
github.com/echovault/echovault/internal/aof/log/store.go:140.38,142.4 1 0
github.com/echovault/echovault/internal/aof/log/store.go:145.2,145.12 1 1
github.com/echovault/echovault/internal/aof/log/store.go:148.40,149.21 1 1
github.com/echovault/echovault/internal/aof/log/store.go:149.21,151.3 1 1
github.com/echovault/echovault/internal/aof/log/store.go:152.2,152.12 1 0
github.com/echovault/echovault/internal/aof/log/store.go:155.43,160.47 3 1
github.com/echovault/echovault/internal/aof/log/store.go:160.47,162.3 1 0
github.com/echovault/echovault/internal/aof/log/store.go:164.2,165.6 2 1
github.com/echovault/echovault/internal/aof/log/store.go:165.6,167.34 2 1
github.com/echovault/echovault/internal/aof/log/store.go:167.34,169.4 1 0
github.com/echovault/echovault/internal/aof/log/store.go:170.3,170.13 1 1
github.com/echovault/echovault/internal/aof/log/store.go:170.13,172.9 1 1
github.com/echovault/echovault/internal/aof/log/store.go:174.3,175.17 2 1
github.com/echovault/echovault/internal/aof/log/store.go:175.17,177.4 1 0
github.com/echovault/echovault/internal/aof/log/store.go:178.3,178.31 1 1
github.com/echovault/echovault/internal/aof/log/store.go:181.2,181.12 1 1
github.com/echovault/echovault/internal/aof/log/store.go:184.44,187.45 3 0
github.com/echovault/echovault/internal/aof/log/store.go:187.45,189.3 1 0
github.com/echovault/echovault/internal/aof/log/store.go:191.2,191.47 1 0
github.com/echovault/echovault/internal/aof/log/store.go:191.47,193.3 1 0
github.com/echovault/echovault/internal/aof/log/store.go:194.2,194.12 1 0
github.com/echovault/echovault/internal/aof/log/store.go:197.41,201.2 3 1
github.com/echovault/echovault/internal/config/config.go:64.34,70.24 3 0
github.com/echovault/echovault/internal/config/config.go:70.24,72.35 2 0
github.com/echovault/echovault/internal/config/config.go:72.35,74.5 1 0
github.com/echovault/echovault/internal/config/config.go:75.4,75.22 1 0
github.com/echovault/echovault/internal/config/config.go:75.22,77.5 1 0
github.com/echovault/echovault/internal/config/config.go:78.4,79.14 2 0
github.com/echovault/echovault/internal/config/config.go:82.2,82.115 1 0
github.com/echovault/echovault/internal/config/config.go:82.115,85.3 2 0
github.com/echovault/echovault/internal/config/config.go:87.2,90.29 2 0
github.com/echovault/echovault/internal/config/config.go:90.29,91.86 1 0
github.com/echovault/echovault/internal/config/config.go:91.86,93.5 1 0
github.com/echovault/echovault/internal/config/config.go:93.7,95.5 1 0
github.com/echovault/echovault/internal/config/config.go:96.4,97.14 2 0
github.com/echovault/echovault/internal/config/config.go:100.2,103.59 2 0
github.com/echovault/echovault/internal/config/config.go:103.59,105.17 2 0
github.com/echovault/echovault/internal/config/config.go:105.17,107.4 1 0
github.com/echovault/echovault/internal/config/config.go:108.3,109.13 2 0
github.com/echovault/echovault/internal/config/config.go:112.2,121.88 2 0
github.com/echovault/echovault/internal/config/config.go:121.88,128.23 3 0
github.com/echovault/echovault/internal/config/config.go:128.23,130.5 1 0
github.com/echovault/echovault/internal/config/config.go:131.4,132.14 2 0
github.com/echovault/echovault/internal/config/config.go:135.2,139.24 2 0
github.com/echovault/echovault/internal/config/config.go:139.24,140.36 1 0
github.com/echovault/echovault/internal/config/config.go:140.36,142.5 1 0
github.com/echovault/echovault/internal/config/config.go:143.4,144.14 2 0
github.com/echovault/echovault/internal/config/config.go:147.2,219.22 25 0
github.com/echovault/echovault/internal/config/config.go:219.22,221.45 1 0
github.com/echovault/echovault/internal/config/config.go:221.45,222.14 1 0
github.com/echovault/echovault/internal/config/config.go:223.9,224.17 1 0
github.com/echovault/echovault/internal/config/config.go:224.17,225.36 1 0
github.com/echovault/echovault/internal/config/config.go:225.36,227.6 1 0
github.com/echovault/echovault/internal/config/config.go:230.4,232.22 2 0
github.com/echovault/echovault/internal/config/config.go:232.22,233.59 1 0
github.com/echovault/echovault/internal/config/config.go:233.59,235.6 1 0
github.com/echovault/echovault/internal/config/config.go:238.4,238.39 1 0
github.com/echovault/echovault/internal/config/config.go:238.39,239.59 1 0
github.com/echovault/echovault/internal/config/config.go:239.59,241.6 1 0
github.com/echovault/echovault/internal/config/config.go:247.2,249.45 2 0
github.com/echovault/echovault/internal/config/config.go:249.45,251.3 1 0
github.com/echovault/echovault/internal/config/config.go:253.2,253.18 1 0
github.com/echovault/echovault/internal/config/default.go:8.29,38.2 1 0
github.com/echovault/echovault/internal/clock/clock.go:14.23,16.43 1 0
github.com/echovault/echovault/internal/clock/clock.go:16.43,18.3 1 0
github.com/echovault/echovault/internal/clock/clock.go:19.2,19.20 1 0
github.com/echovault/echovault/internal/clock/clock.go:24.34,26.2 1 0
github.com/echovault/echovault/internal/clock/clock.go:28.58,30.2 1 0
github.com/echovault/echovault/internal/clock/clock.go:34.34,37.2 2 0
github.com/echovault/echovault/internal/clock/clock.go:39.58,41.2 1 0
github.com/echovault/echovault/internal/aof/preamble/store.go:45.62,46.36 1 1
github.com/echovault/echovault/internal/aof/preamble/store.go:46.36,48.3 1 1
github.com/echovault/echovault/internal/aof/preamble/store.go:51.71,52.36 1 0
github.com/echovault/echovault/internal/aof/preamble/store.go:52.36,54.3 1 0
github.com/echovault/echovault/internal/aof/preamble/store.go:57.88,58.36 1 1
github.com/echovault/echovault/internal/aof/preamble/store.go:58.36,60.3 1 1
github.com/echovault/echovault/internal/aof/preamble/store.go:63.95,64.36 1 1
github.com/echovault/echovault/internal/aof/preamble/store.go:64.36,66.3 1 1
github.com/echovault/echovault/internal/aof/preamble/store.go:69.65,70.36 1 1
github.com/echovault/echovault/internal/aof/preamble/store.go:70.36,72.3 1 1
github.com/echovault/echovault/internal/aof/preamble/store.go:75.86,81.52 1 1
github.com/echovault/echovault/internal/aof/preamble/store.go:81.52,84.4 1 0
github.com/echovault/echovault/internal/aof/preamble/store.go:85.60,85.61 0 0
github.com/echovault/echovault/internal/aof/preamble/store.go:88.2,88.33 1 1
github.com/echovault/echovault/internal/aof/preamble/store.go:88.33,90.3 1 1
github.com/echovault/echovault/internal/aof/preamble/store.go:93.2,93.46 1 1
github.com/echovault/echovault/internal/aof/preamble/store.go:93.46,95.17 2 1
github.com/echovault/echovault/internal/aof/preamble/store.go:95.17,97.4 1 0
github.com/echovault/echovault/internal/aof/preamble/store.go:98.3,99.17 2 1
github.com/echovault/echovault/internal/aof/preamble/store.go:99.17,101.4 1 0
github.com/echovault/echovault/internal/aof/preamble/store.go:102.3,102.15 1 1
github.com/echovault/echovault/internal/aof/preamble/store.go:105.2,105.19 1 1
github.com/echovault/echovault/internal/aof/preamble/store.go:108.52,115.16 5 1
github.com/echovault/echovault/internal/aof/preamble/store.go:115.16,117.3 1 0
github.com/echovault/echovault/internal/aof/preamble/store.go:120.2,120.44 1 1
github.com/echovault/echovault/internal/aof/preamble/store.go:120.44,122.3 1 0
github.com/echovault/echovault/internal/aof/preamble/store.go:124.2,124.46 1 1
github.com/echovault/echovault/internal/aof/preamble/store.go:124.46,126.3 1 0
github.com/echovault/echovault/internal/aof/preamble/store.go:128.2,128.44 1 1
github.com/echovault/echovault/internal/aof/preamble/store.go:128.44,130.3 1 0
github.com/echovault/echovault/internal/aof/preamble/store.go:133.2,133.39 1 1
github.com/echovault/echovault/internal/aof/preamble/store.go:133.39,135.3 1 0
github.com/echovault/echovault/internal/aof/preamble/store.go:137.2,137.12 1 1
github.com/echovault/echovault/internal/aof/preamble/store.go:140.45,141.21 1 1
github.com/echovault/echovault/internal/aof/preamble/store.go:141.21,143.3 1 0
github.com/echovault/echovault/internal/aof/preamble/store.go:146.2,146.47 1 1
github.com/echovault/echovault/internal/aof/preamble/store.go:146.47,148.3 1 0
github.com/echovault/echovault/internal/aof/preamble/store.go:150.2,151.16 2 1
github.com/echovault/echovault/internal/aof/preamble/store.go:151.16,153.3 1 0
github.com/echovault/echovault/internal/aof/preamble/store.go:155.2,155.17 1 1
github.com/echovault/echovault/internal/aof/preamble/store.go:155.17,157.3 1 0
github.com/echovault/echovault/internal/aof/preamble/store.go:159.2,161.49 2 1
github.com/echovault/echovault/internal/aof/preamble/store.go:161.49,163.3 1 0
github.com/echovault/echovault/internal/aof/preamble/store.go:165.2,165.56 1 1
github.com/echovault/echovault/internal/aof/preamble/store.go:165.56,167.3 1 1
github.com/echovault/echovault/internal/aof/preamble/store.go:169.2,169.12 1 1
github.com/echovault/echovault/internal/aof/preamble/store.go:172.43,176.2 3 0
github.com/echovault/echovault/internal/aof/preamble/store.go:179.110,181.26 2 1
github.com/echovault/echovault/internal/aof/preamble/store.go:181.26,182.36 1 1
github.com/echovault/echovault/internal/aof/preamble/store.go:182.36,183.12 1 0
github.com/echovault/echovault/internal/aof/preamble/store.go:185.3,185.43 1 1
github.com/echovault/echovault/internal/aof/preamble/store.go:185.43,187.4 1 1
github.com/echovault/echovault/internal/aof/preamble/store.go:189.2,189.35 1 1
github.com/echovault/echovault/internal/aof/preamble/store.go:189.35,191.3 1 1
github.com/echovault/echovault/internal/aof/preamble/store.go:192.2,192.14 1 1
github.com/echovault/echovault/internal/eviction/lfu.go:35.29,42.2 3 1
github.com/echovault/echovault/internal/eviction/lfu.go:44.34,46.2 1 1
github.com/echovault/echovault/internal/eviction/lfu.go:48.44,50.54 1 1
github.com/echovault/echovault/internal/eviction/lfu.go:50.54,52.3 1 1
github.com/echovault/echovault/internal/eviction/lfu.go:54.2,54.56 1 1
github.com/echovault/echovault/internal/eviction/lfu.go:57.39,61.2 3 1
github.com/echovault/echovault/internal/eviction/lfu.go:63.38,72.2 3 1
github.com/echovault/echovault/internal/eviction/lfu.go:74.34,83.2 8 1
github.com/echovault/echovault/internal/eviction/lfu.go:85.43,87.26 1 1
github.com/echovault/echovault/internal/eviction/lfu.go:87.26,90.3 2 1
github.com/echovault/echovault/internal/eviction/lfu.go:92.2,92.69 1 1
github.com/echovault/echovault/internal/eviction/lfu.go:92.69,94.3 1 1
github.com/echovault/echovault/internal/eviction/lfu.go:95.2,97.27 3 1
github.com/echovault/echovault/internal/eviction/lfu.go:100.43,101.73 1 0
github.com/echovault/echovault/internal/eviction/lfu.go:101.73,103.3 1 0
github.com/echovault/echovault/internal/eviction/lfu.go:104.2,104.19 1 0
github.com/echovault/echovault/internal/eviction/lfu.go:104.19,106.3 1 0
github.com/echovault/echovault/internal/eviction/lfu.go:109.50,112.2 2 1
github.com/echovault/echovault/internal/eviction/lru.go:34.29,41.2 3 1
github.com/echovault/echovault/internal/eviction/lru.go:43.34,45.2 1 1
github.com/echovault/echovault/internal/eviction/lru.go:47.44,49.2 1 1
github.com/echovault/echovault/internal/eviction/lru.go:51.39,55.2 3 1
github.com/echovault/echovault/internal/eviction/lru.go:57.38,64.2 2 1
github.com/echovault/echovault/internal/eviction/lru.go:66.34,75.2 8 1
github.com/echovault/echovault/internal/eviction/lru.go:77.43,79.26 1 1
github.com/echovault/echovault/internal/eviction/lru.go:79.26,81.3 1 1
github.com/echovault/echovault/internal/eviction/lru.go:83.2,83.69 1 1
github.com/echovault/echovault/internal/eviction/lru.go:83.69,85.3 1 1
github.com/echovault/echovault/internal/eviction/lru.go:86.2,88.27 3 1
github.com/echovault/echovault/internal/eviction/lru.go:91.43,92.73 1 0
github.com/echovault/echovault/internal/eviction/lru.go:92.73,94.3 1 0
github.com/echovault/echovault/internal/eviction/lru.go:95.2,95.19 1 0
github.com/echovault/echovault/internal/eviction/lru.go:95.19,97.3 1 0
github.com/echovault/echovault/internal/eviction/lru.go:100.50,103.2 2 1
github.com/echovault/echovault/internal/aof/engine.go:50.56,51.30 1 1
github.com/echovault/echovault/internal/aof/engine.go:51.30,53.3 1 1
github.com/echovault/echovault/internal/aof/engine.go:56.57,57.30 1 1
github.com/echovault/echovault/internal/aof/engine.go:57.30,59.3 1 1
github.com/echovault/echovault/internal/aof/engine.go:62.59,63.30 1 1
github.com/echovault/echovault/internal/aof/engine.go:63.30,65.3 1 1
github.com/echovault/echovault/internal/aof/engine.go:68.58,69.30 1 1
github.com/echovault/echovault/internal/aof/engine.go:69.30,71.3 1 1
github.com/echovault/echovault/internal/aof/engine.go:74.59,75.30 1 1
github.com/echovault/echovault/internal/aof/engine.go:75.30,77.3 1 1
github.com/echovault/echovault/internal/aof/engine.go:80.82,81.30 1 1
github.com/echovault/echovault/internal/aof/engine.go:81.30,83.3 1 1
github.com/echovault/echovault/internal/aof/engine.go:86.89,87.30 1 1
github.com/echovault/echovault/internal/aof/engine.go:87.30,89.3 1 1
github.com/echovault/echovault/internal/aof/engine.go:92.73,93.30 1 1
github.com/echovault/echovault/internal/aof/engine.go:93.30,95.3 1 1
github.com/echovault/echovault/internal/aof/engine.go:98.82,99.30 1 1
github.com/echovault/echovault/internal/aof/engine.go:99.30,101.3 1 1
github.com/echovault/echovault/internal/aof/engine.go:104.78,105.30 1 1
github.com/echovault/echovault/internal/aof/engine.go:105.30,107.3 1 1
github.com/echovault/echovault/internal/aof/engine.go:110.69,118.29 1 1
github.com/echovault/echovault/internal/aof/engine.go:118.30,118.31 0 0
github.com/echovault/echovault/internal/aof/engine.go:119.30,119.31 0 0
github.com/echovault/echovault/internal/aof/engine.go:120.57,120.71 1 0
github.com/echovault/echovault/internal/aof/engine.go:121.63,121.64 0 0
github.com/echovault/echovault/internal/aof/engine.go:122.44,122.45 0 0
github.com/echovault/echovault/internal/aof/engine.go:127.2,127.33 1 1
github.com/echovault/echovault/internal/aof/engine.go:127.33,129.3 1 1
github.com/echovault/echovault/internal/aof/engine.go:132.2,139.16 2 1
github.com/echovault/echovault/internal/aof/engine.go:139.16,141.3 1 0
github.com/echovault/echovault/internal/aof/engine.go:142.2,152.16 3 1
github.com/echovault/echovault/internal/aof/engine.go:152.16,154.3 1 0
github.com/echovault/echovault/internal/aof/engine.go:155.2,159.12 2 1
github.com/echovault/echovault/internal/aof/engine.go:159.12,160.7 1 1
github.com/echovault/echovault/internal/aof/engine.go:160.7,162.54 2 1
github.com/echovault/echovault/internal/aof/engine.go:162.54,164.5 1 0
github.com/echovault/echovault/internal/aof/engine.go:168.2,168.20 1 1
github.com/echovault/echovault/internal/aof/engine.go:171.52,173.2 1 1
github.com/echovault/echovault/internal/aof/engine.go:175.42,183.62 5 1
github.com/echovault/echovault/internal/aof/engine.go:183.62,185.3 1 0
github.com/echovault/echovault/internal/aof/engine.go:188.2,188.54 1 1
github.com/echovault/echovault/internal/aof/engine.go:188.54,190.3 1 0
github.com/echovault/echovault/internal/aof/engine.go:192.2,192.12 1 1
github.com/echovault/echovault/internal/aof/engine.go:195.39,196.55 1 1
github.com/echovault/echovault/internal/aof/engine.go:196.55,198.3 1 0
github.com/echovault/echovault/internal/aof/engine.go:199.2,199.53 1 1
github.com/echovault/echovault/internal/aof/engine.go:199.53,201.3 1 0
github.com/echovault/echovault/internal/aof/engine.go:202.2,202.12 1 1
github.com/echovault/echovault/internal/memberlist/broadcast.go:32.88,35.9 2 0
github.com/echovault/echovault/internal/memberlist/broadcast.go:35.9,37.3 1 0
github.com/echovault/echovault/internal/memberlist/broadcast.go:39.2,39.33 1 0
github.com/echovault/echovault/internal/memberlist/broadcast.go:40.18,42.56 1 0
github.com/echovault/echovault/internal/memberlist/broadcast.go:43.20,45.62 1 0
github.com/echovault/echovault/internal/memberlist/broadcast.go:46.10,47.15 1 0
github.com/echovault/echovault/internal/memberlist/broadcast.go:52.60,55.16 2 0
github.com/echovault/echovault/internal/memberlist/broadcast.go:55.16,58.3 2 0
github.com/echovault/echovault/internal/memberlist/broadcast.go:60.2,60.12 1 0
github.com/echovault/echovault/internal/memberlist/broadcast.go:64.55,66.2 0 0
github.com/echovault/echovault/internal/memberlist/delegate.go:42.47,46.2 1 0
github.com/echovault/echovault/internal/memberlist/delegate.go:49.54,59.16 3 0
github.com/echovault/echovault/internal/memberlist/delegate.go:59.16,61.3 1 0
github.com/echovault/echovault/internal/memberlist/delegate.go:63.2,63.10 1 0
github.com/echovault/echovault/internal/memberlist/delegate.go:67.54,70.55 2 0
github.com/echovault/echovault/internal/memberlist/delegate.go:70.55,73.3 2 0
github.com/echovault/echovault/internal/memberlist/delegate.go:75.2,75.20 1 0
github.com/echovault/echovault/internal/memberlist/delegate.go:76.18,78.39 1 0
github.com/echovault/echovault/internal/memberlist/delegate.go:78.39,81.4 2 0
github.com/echovault/echovault/internal/memberlist/delegate.go:82.3,83.17 2 0
github.com/echovault/echovault/internal/memberlist/delegate.go:83.17,85.4 1 0
github.com/echovault/echovault/internal/memberlist/delegate.go:87.19,89.39 1 0
github.com/echovault/echovault/internal/memberlist/delegate.go:89.39,92.4 2 0
github.com/echovault/echovault/internal/memberlist/delegate.go:94.3,100.67 3 0
github.com/echovault/echovault/internal/memberlist/delegate.go:100.67,102.4 1 0
github.com/echovault/echovault/internal/memberlist/delegate.go:104.20,106.39 1 0
github.com/echovault/echovault/internal/memberlist/delegate.go:106.39,109.4 2 0
github.com/echovault/echovault/internal/memberlist/delegate.go:111.3,116.17 3 0
github.com/echovault/echovault/internal/memberlist/delegate.go:116.17,119.4 2 0
github.com/echovault/echovault/internal/memberlist/delegate.go:121.3,121.67 1 0
github.com/echovault/echovault/internal/memberlist/delegate.go:121.67,123.4 1 0
github.com/echovault/echovault/internal/memberlist/delegate.go:128.71,130.2 1 0
github.com/echovault/echovault/internal/memberlist/delegate.go:133.56,136.2 1 0
github.com/echovault/echovault/internal/memberlist/delegate.go:139.68,141.2 0 0
github.com/echovault/echovault/internal/memberlist/event_delegate.go:33.62,37.2 1 0
github.com/echovault/echovault/internal/memberlist/event_delegate.go:40.71,42.2 1 0
github.com/echovault/echovault/internal/memberlist/event_delegate.go:45.72,52.16 4 0
github.com/echovault/echovault/internal/memberlist/event_delegate.go:52.16,55.3 2 0
github.com/echovault/echovault/internal/memberlist/event_delegate.go:57.2,59.16 2 0
github.com/echovault/echovault/internal/memberlist/event_delegate.go:59.16,61.3 1 0
github.com/echovault/echovault/internal/memberlist/event_delegate.go:65.74,67.2 0 0
github.com/echovault/echovault/internal/memberlist/memberlist.go:54.43,60.2 1 0
github.com/echovault/echovault/internal/memberlist/memberlist.go:62.58,77.28 7 0
github.com/echovault/echovault/internal/memberlist/memberlist.go:77.28,77.49 1 0
github.com/echovault/echovault/internal/memberlist/memberlist.go:78.28,78.49 1 0
github.com/echovault/echovault/internal/memberlist/memberlist.go:82.2,83.41 2 0
github.com/echovault/echovault/internal/memberlist/memberlist.go:83.41,85.3 1 0
github.com/echovault/echovault/internal/memberlist/memberlist.go:87.2,90.16 3 0
github.com/echovault/echovault/internal/memberlist/memberlist.go:90.16,92.3 1 0
github.com/echovault/echovault/internal/memberlist/memberlist.go:94.2,94.37 1 0
github.com/echovault/echovault/internal/memberlist/memberlist.go:94.37,97.70 2 0
github.com/echovault/echovault/internal/memberlist/memberlist.go:97.70,99.18 2 0
github.com/echovault/echovault/internal/memberlist/memberlist.go:99.18,101.5 1 0
github.com/echovault/echovault/internal/memberlist/memberlist.go:102.4,102.14 1 0
github.com/echovault/echovault/internal/memberlist/memberlist.go:105.3,105.17 1 0
github.com/echovault/echovault/internal/memberlist/memberlist.go:105.17,107.4 1 0
github.com/echovault/echovault/internal/memberlist/memberlist.go:109.3,109.27 1 0
github.com/echovault/echovault/internal/memberlist/memberlist.go:113.45,123.2 2 0
github.com/echovault/echovault/internal/memberlist/memberlist.go:127.72,140.2 2 0
github.com/echovault/echovault/internal/memberlist/memberlist.go:144.75,157.2 2 0
github.com/echovault/echovault/internal/memberlist/memberlist.go:159.43,162.16 2 0
github.com/echovault/echovault/internal/memberlist/memberlist.go:162.16,164.3 1 0
github.com/echovault/echovault/internal/memberlist/memberlist.go:166.2,167.16 2 0
github.com/echovault/echovault/internal/memberlist/memberlist.go:167.16,169.3 1 0
github.com/echovault/echovault/internal/memberlist/memberlist.go:171.2,171.49 1 0
github.com/echovault/echovault/internal/modules/acl/acl.go:52.40,57.24 3 1
github.com/echovault/echovault/internal/modules/acl/acl.go:57.24,65.3 2 1
github.com/echovault/echovault/internal/modules/acl/acl.go:68.2,68.28 1 1
github.com/echovault/echovault/internal/modules/acl/acl.go:68.28,70.54 1 0
github.com/echovault/echovault/internal/modules/acl/acl.go:70.54,71.14 1 0
github.com/echovault/echovault/internal/modules/acl/acl.go:72.9,73.17 1 0
github.com/echovault/echovault/internal/modules/acl/acl.go:73.17,74.37 1 0
github.com/echovault/echovault/internal/modules/acl/acl.go:74.37,76.6 1 0
github.com/echovault/echovault/internal/modules/acl/acl.go:79.4,81.22 2 0
github.com/echovault/echovault/internal/modules/acl/acl.go:81.22,82.61 1 0
github.com/echovault/echovault/internal/modules/acl/acl.go:82.61,84.6 1 0
github.com/echovault/echovault/internal/modules/acl/acl.go:87.4,87.39 1 0
github.com/echovault/echovault/internal/modules/acl/acl.go:87.39,88.61 1 0
github.com/echovault/echovault/internal/modules/acl/acl.go:88.61,90.6 1 0
github.com/echovault/echovault/internal/modules/acl/acl.go:96.2,97.29 2 1
github.com/echovault/echovault/internal/modules/acl/acl.go:97.29,98.33 1 0
github.com/echovault/echovault/internal/modules/acl/acl.go:98.33,100.9 2 0
github.com/echovault/echovault/internal/modules/acl/acl.go:103.2,103.20 1 1
github.com/echovault/echovault/internal/modules/acl/acl.go:103.20,105.3 1 1
github.com/echovault/echovault/internal/modules/acl/acl.go:108.2,108.29 1 1
github.com/echovault/echovault/internal/modules/acl/acl.go:108.29,110.3 1 1
github.com/echovault/echovault/internal/modules/acl/acl.go:112.2,122.13 3 1
github.com/echovault/echovault/internal/modules/acl/acl.go:125.52,130.70 3 1
github.com/echovault/echovault/internal/modules/acl/acl.go:130.70,132.3 1 1
github.com/echovault/echovault/internal/modules/acl/acl.go:133.2,137.3 2 1
github.com/echovault/echovault/internal/modules/acl/acl.go:140.45,146.33 3 1
github.com/echovault/echovault/internal/modules/acl/acl.go:146.33,147.30 1 1
github.com/echovault/echovault/internal/modules/acl/acl.go:147.30,148.47 1 1
github.com/echovault/echovault/internal/modules/acl/acl.go:148.47,150.5 1 0
github.com/echovault/echovault/internal/modules/acl/acl.go:150.10,153.5 2 1
github.com/echovault/echovault/internal/modules/acl/acl.go:157.2,158.45 2 1
github.com/echovault/echovault/internal/modules/acl/acl.go:158.45,160.3 1 0
github.com/echovault/echovault/internal/modules/acl/acl.go:162.2,169.12 4 1
github.com/echovault/echovault/internal/modules/acl/acl.go:172.41,177.2 3 1
github.com/echovault/echovault/internal/modules/acl/acl.go:179.73,184.37 4 1
github.com/echovault/echovault/internal/modules/acl/acl.go:184.37,185.28 1 1
github.com/echovault/echovault/internal/modules/acl/acl.go:185.28,187.12 1 1
github.com/echovault/echovault/internal/modules/acl/acl.go:190.3,190.31 1 1
github.com/echovault/echovault/internal/modules/acl/acl.go:190.31,191.30 1 1
github.com/echovault/echovault/internal/modules/acl/acl.go:191.30,193.5 1 1
github.com/echovault/echovault/internal/modules/acl/acl.go:196.3,196.18 1 1
github.com/echovault/echovault/internal/modules/acl/acl.go:196.18,197.12 1 0
github.com/echovault/echovault/internal/modules/acl/acl.go:200.3,200.52 1 1
github.com/echovault/echovault/internal/modules/acl/acl.go:200.52,201.49 1 1
github.com/echovault/echovault/internal/modules/acl/acl.go:201.49,203.5 1 0
github.com/echovault/echovault/internal/modules/acl/acl.go:206.3,206.63 1 1
github.com/echovault/echovault/internal/modules/acl/acl.go:206.63,208.4 1 1
github.com/echovault/echovault/internal/modules/acl/acl.go:210.2,210.12 1 1
github.com/echovault/echovault/internal/modules/acl/acl.go:213.95,222.19 6 1
github.com/echovault/echovault/internal/modules/acl/acl.go:222.19,230.60 3 1
github.com/echovault/echovault/internal/modules/acl/acl.go:230.60,232.4 1 1
github.com/echovault/echovault/internal/modules/acl/acl.go:233.3,233.24 1 1
github.com/echovault/echovault/internal/modules/acl/acl.go:236.2,236.19 1 1
github.com/echovault/echovault/internal/modules/acl/acl.go:236.19,245.31 4 1
github.com/echovault/echovault/internal/modules/acl/acl.go:245.31,246.28 1 1
github.com/echovault/echovault/internal/modules/acl/acl.go:246.28,249.10 3 1
github.com/echovault/echovault/internal/modules/acl/acl.go:252.3,252.17 1 1
github.com/echovault/echovault/internal/modules/acl/acl.go:252.17,254.4 1 1
github.com/echovault/echovault/internal/modules/acl/acl.go:258.2,258.19 1 1
github.com/echovault/echovault/internal/modules/acl/acl.go:258.19,260.3 1 1
github.com/echovault/echovault/internal/modules/acl/acl.go:263.2,263.21 1 1
github.com/echovault/echovault/internal/modules/acl/acl.go:263.21,269.3 2 1
github.com/echovault/echovault/internal/modules/acl/acl.go:271.2,271.46 1 1
github.com/echovault/echovault/internal/modules/acl/acl.go:271.46,272.38 1 1
github.com/echovault/echovault/internal/modules/acl/acl.go:272.38,275.18 1 1
github.com/echovault/echovault/internal/modules/acl/acl.go:275.18,282.5 2 1
github.com/echovault/echovault/internal/modules/acl/acl.go:286.2,286.50 1 0
github.com/echovault/echovault/internal/modules/acl/acl.go:289.131,298.16 6 1
github.com/echovault/echovault/internal/modules/acl/acl.go:298.16,300.3 1 0
github.com/echovault/echovault/internal/modules/acl/acl.go:302.2,306.59 4 1
github.com/echovault/echovault/internal/modules/acl/acl.go:306.59,310.17 4 1
github.com/echovault/echovault/internal/modules/acl/acl.go:310.17,312.4 1 0
github.com/echovault/echovault/internal/modules/acl/acl.go:316.2,316.36 1 1
github.com/echovault/echovault/internal/modules/acl/acl.go:316.36,318.3 1 0
github.com/echovault/echovault/internal/modules/acl/acl.go:321.2,321.43 1 1
github.com/echovault/echovault/internal/modules/acl/acl.go:321.43,323.3 1 0
github.com/echovault/echovault/internal/modules/acl/acl.go:326.2,326.37 1 1
github.com/echovault/echovault/internal/modules/acl/acl.go:326.37,328.3 1 1
github.com/echovault/echovault/internal/modules/acl/acl.go:331.2,334.29 2 1
github.com/echovault/echovault/internal/modules/acl/acl.go:334.29,336.3 1 1
github.com/echovault/echovault/internal/modules/acl/acl.go:339.2,339.57 1 1
github.com/echovault/echovault/internal/modules/acl/acl.go:339.57,341.3 1 0
github.com/echovault/echovault/internal/modules/acl/acl.go:344.2,345.65 2 1
github.com/echovault/echovault/internal/modules/acl/acl.go:345.65,346.101 1 1
github.com/echovault/echovault/internal/modules/acl/acl.go:346.101,347.63 1 1
github.com/echovault/echovault/internal/modules/acl/acl.go:347.63,349.5 1 1
github.com/echovault/echovault/internal/modules/acl/acl.go:350.4,351.16 2 0
github.com/echovault/echovault/internal/modules/acl/acl.go:353.5,354.27 1 0
github.com/echovault/echovault/internal/modules/acl/acl.go:354.27,356.4 1 0
github.com/echovault/echovault/internal/modules/acl/acl.go:357.3,357.88 1 0
github.com/echovault/echovault/internal/modules/acl/acl.go:361.2,361.64 1 1
github.com/echovault/echovault/internal/modules/acl/acl.go:361.64,362.101 1 1
github.com/echovault/echovault/internal/modules/acl/acl.go:362.101,363.63 1 0
github.com/echovault/echovault/internal/modules/acl/acl.go:363.63,366.5 2 0
github.com/echovault/echovault/internal/modules/acl/acl.go:367.4,367.16 1 0
github.com/echovault/echovault/internal/modules/acl/acl.go:369.5,371.3 1 0
github.com/echovault/echovault/internal/modules/acl/acl.go:374.2,374.94 1 1
github.com/echovault/echovault/internal/modules/acl/acl.go:374.94,376.3 1 1
github.com/echovault/echovault/internal/modules/acl/acl.go:376.5,378.3 1 0
github.com/echovault/echovault/internal/modules/acl/acl.go:381.2,381.93 1 1
github.com/echovault/echovault/internal/modules/acl/acl.go:381.93,383.3 1 0
github.com/echovault/echovault/internal/modules/acl/acl.go:383.5,385.3 1 0
github.com/echovault/echovault/internal/modules/acl/acl.go:388.2,388.59 1 1
github.com/echovault/echovault/internal/modules/acl/acl.go:388.59,390.36 1 0
github.com/echovault/echovault/internal/modules/acl/acl.go:390.36,392.106 1 0
github.com/echovault/echovault/internal/modules/acl/acl.go:392.106,394.5 1 0
github.com/echovault/echovault/internal/modules/acl/acl.go:394.7,396.5 1 0
github.com/echovault/echovault/internal/modules/acl/acl.go:398.4,398.105 1 0
github.com/echovault/echovault/internal/modules/acl/acl.go:398.105,400.5 1 0
github.com/echovault/echovault/internal/modules/acl/acl.go:400.7,402.5 1 0
github.com/echovault/echovault/internal/modules/acl/acl.go:404.3,404.13 1 0
github.com/echovault/echovault/internal/modules/acl/acl.go:407.2,407.45 1 1
github.com/echovault/echovault/internal/modules/acl/acl.go:407.45,409.29 1 0
github.com/echovault/echovault/internal/modules/acl/acl.go:409.29,411.4 1 0
github.com/echovault/echovault/internal/modules/acl/acl.go:414.3,414.59 1 0
github.com/echovault/echovault/internal/modules/acl/acl.go:414.59,415.95 1 0
github.com/echovault/echovault/internal/modules/acl/acl.go:415.95,416.49 1 0
github.com/echovault/echovault/internal/modules/acl/acl.go:416.49,418.6 1 0
github.com/echovault/echovault/internal/modules/acl/acl.go:419.5,420.17 2 0
github.com/echovault/echovault/internal/modules/acl/acl.go:422.6,424.4 1 0
github.com/echovault/echovault/internal/modules/acl/acl.go:427.3,427.60 1 0
github.com/echovault/echovault/internal/modules/acl/acl.go:427.60,428.97 1 0
github.com/echovault/echovault/internal/modules/acl/acl.go:428.97,429.50 1 0
github.com/echovault/echovault/internal/modules/acl/acl.go:429.50,431.6 1 0
github.com/echovault/echovault/internal/modules/acl/acl.go:432.5,433.17 2 0
github.com/echovault/echovault/internal/modules/acl/acl.go:435.6,437.4 1 0
github.com/echovault/echovault/internal/modules/acl/acl.go:440.2,440.12 1 1
github.com/echovault/echovault/internal/modules/acl/acl.go:443.32,447.33 3 1
github.com/echovault/echovault/internal/modules/acl/acl.go:447.33,452.31 5 1
github.com/echovault/echovault/internal/modules/acl/acl.go:452.31,453.37 1 1
github.com/echovault/echovault/internal/modules/acl/acl.go:453.37,455.5 1 1
github.com/echovault/echovault/internal/modules/acl/acl.go:457.3,457.25 1 1
github.com/echovault/echovault/internal/modules/acl/acl.go:460.2,460.29 1 1
github.com/echovault/echovault/internal/modules/acl/acl.go:460.29,461.33 1 1
github.com/echovault/echovault/internal/modules/acl/acl.go:461.33,463.4 1 1
github.com/echovault/echovault/internal/modules/acl/acl.go:467.29,469.2 1 1
github.com/echovault/echovault/internal/modules/acl/acl.go:471.31,473.2 1 1
github.com/echovault/echovault/internal/modules/acl/acl.go:475.30,477.2 1 1
github.com/echovault/echovault/internal/modules/acl/acl.go:479.32,481.2 1 1
github.com/echovault/echovault/internal/modules/acl/commands.go:31.68,32.56 1 1
github.com/echovault/echovault/internal/modules/acl/commands.go:32.56,34.3 1 1
github.com/echovault/echovault/internal/modules/acl/commands.go:35.2,36.9 2 1
github.com/echovault/echovault/internal/modules/acl/commands.go:36.9,38.3 1 0
github.com/echovault/echovault/internal/modules/acl/commands.go:39.2,39.102 1 1
github.com/echovault/echovault/internal/modules/acl/commands.go:39.102,41.3 1 1
github.com/echovault/echovault/internal/modules/acl/commands.go:42.2,42.42 1 1
github.com/echovault/echovault/internal/modules/acl/commands.go:45.71,46.30 1 1
github.com/echovault/echovault/internal/modules/acl/commands.go:46.30,48.3 1 0
github.com/echovault/echovault/internal/modules/acl/commands.go:50.2,51.9 2 1
github.com/echovault/echovault/internal/modules/acl/commands.go:51.9,53.3 1 0
github.com/echovault/echovault/internal/modules/acl/commands.go:55.2,57.30 3 1
github.com/echovault/echovault/internal/modules/acl/commands.go:57.30,58.38 1 1
github.com/echovault/echovault/internal/modules/acl/commands.go:58.38,61.9 3 1
github.com/echovault/echovault/internal/modules/acl/commands.go:65.2,65.16 1 1
github.com/echovault/echovault/internal/modules/acl/commands.go:65.16,67.3 1 1
github.com/echovault/echovault/internal/modules/acl/commands.go:70.2,74.18 3 1
github.com/echovault/echovault/internal/modules/acl/commands.go:74.18,76.3 1 1
github.com/echovault/echovault/internal/modules/acl/commands.go:76.8,78.3 1 0
github.com/echovault/echovault/internal/modules/acl/commands.go:79.2,79.21 1 1
github.com/echovault/echovault/internal/modules/acl/commands.go:79.21,81.3 1 0
github.com/echovault/echovault/internal/modules/acl/commands.go:82.2,82.17 1 1
github.com/echovault/echovault/internal/modules/acl/commands.go:82.17,84.3 1 0
github.com/echovault/echovault/internal/modules/acl/commands.go:86.2,87.29 2 1
github.com/echovault/echovault/internal/modules/acl/commands.go:87.29,89.3 1 1
github.com/echovault/echovault/internal/modules/acl/commands.go:92.2,93.51 2 1
github.com/echovault/echovault/internal/modules/acl/commands.go:93.51,94.22 1 1
github.com/echovault/echovault/internal/modules/acl/commands.go:94.22,96.12 2 0
github.com/echovault/echovault/internal/modules/acl/commands.go:98.3,98.49 1 1
github.com/echovault/echovault/internal/modules/acl/commands.go:100.2,100.51 1 1
github.com/echovault/echovault/internal/modules/acl/commands.go:100.51,101.22 1 1
github.com/echovault/echovault/internal/modules/acl/commands.go:101.22,103.12 2 0
github.com/echovault/echovault/internal/modules/acl/commands.go:105.3,105.49 1 1
github.com/echovault/echovault/internal/modules/acl/commands.go:109.2,110.48 2 1
github.com/echovault/echovault/internal/modules/acl/commands.go:110.48,111.21 1 1
github.com/echovault/echovault/internal/modules/acl/commands.go:111.21,113.12 2 0
github.com/echovault/echovault/internal/modules/acl/commands.go:115.3,115.47 1 1
github.com/echovault/echovault/internal/modules/acl/commands.go:117.2,117.48 1 1
github.com/echovault/echovault/internal/modules/acl/commands.go:117.48,118.21 1 1
github.com/echovault/echovault/internal/modules/acl/commands.go:118.21,120.12 2 0
github.com/echovault/echovault/internal/modules/acl/commands.go:122.3,122.47 1 1
github.com/echovault/echovault/internal/modules/acl/commands.go:126.2,127.79 2 1
github.com/echovault/echovault/internal/modules/acl/commands.go:127.79,128.37 1 1
github.com/echovault/echovault/internal/modules/acl/commands.go:128.37,130.4 1 1
github.com/echovault/echovault/internal/modules/acl/commands.go:132.2,133.30 2 1
github.com/echovault/echovault/internal/modules/acl/commands.go:133.30,134.10 1 1
github.com/echovault/echovault/internal/modules/acl/commands.go:135.100,137.53 1 1
github.com/echovault/echovault/internal/modules/acl/commands.go:138.53,140.52 1 1
github.com/echovault/echovault/internal/modules/acl/commands.go:141.52,143.52 1 1
github.com/echovault/echovault/internal/modules/acl/commands.go:148.2,150.54 2 1
github.com/echovault/echovault/internal/modules/acl/commands.go:150.54,152.3 1 1
github.com/echovault/echovault/internal/modules/acl/commands.go:153.2,153.54 1 1
github.com/echovault/echovault/internal/modules/acl/commands.go:153.54,155.3 1 1
github.com/echovault/echovault/internal/modules/acl/commands.go:157.2,159.25 2 1
github.com/echovault/echovault/internal/modules/acl/commands.go:162.67,163.29 1 1
github.com/echovault/echovault/internal/modules/acl/commands.go:163.29,165.3 1 1
github.com/echovault/echovault/internal/modules/acl/commands.go:167.2,171.35 3 1
github.com/echovault/echovault/internal/modules/acl/commands.go:171.35,172.36 1 1
github.com/echovault/echovault/internal/modules/acl/commands.go:172.36,173.48 1 1
github.com/echovault/echovault/internal/modules/acl/commands.go:173.48,175.5 1 1
github.com/echovault/echovault/internal/modules/acl/commands.go:176.4,176.12 1 1
github.com/echovault/echovault/internal/modules/acl/commands.go:178.3,178.50 1 1
github.com/echovault/echovault/internal/modules/acl/commands.go:178.50,179.51 1 1
github.com/echovault/echovault/internal/modules/acl/commands.go:179.51,182.5 1 1
github.com/echovault/echovault/internal/modules/acl/commands.go:186.2,186.30 1 1
github.com/echovault/echovault/internal/modules/acl/commands.go:186.30,189.34 3 1
github.com/echovault/echovault/internal/modules/acl/commands.go:189.34,192.4 2 1
github.com/echovault/echovault/internal/modules/acl/commands.go:193.3,194.28 2 1
github.com/echovault/echovault/internal/modules/acl/commands.go:194.28,196.24 2 1
github.com/echovault/echovault/internal/modules/acl/commands.go:196.24,198.5 1 1
github.com/echovault/echovault/internal/modules/acl/commands.go:200.3,200.26 1 1
github.com/echovault/echovault/internal/modules/acl/commands.go:203.2,203.30 1 1
github.com/echovault/echovault/internal/modules/acl/commands.go:203.30,205.46 2 1
github.com/echovault/echovault/internal/modules/acl/commands.go:205.46,206.54 1 1
github.com/echovault/echovault/internal/modules/acl/commands.go:206.54,208.38 2 1
github.com/echovault/echovault/internal/modules/acl/commands.go:208.38,210.30 2 1
github.com/echovault/echovault/internal/modules/acl/commands.go:210.30,212.7 1 1
github.com/echovault/echovault/internal/modules/acl/commands.go:214.5,214.28 1 1
github.com/echovault/echovault/internal/modules/acl/commands.go:219.2,219.85 1 1
github.com/echovault/echovault/internal/modules/acl/commands.go:222.69,224.9 2 1
github.com/echovault/echovault/internal/modules/acl/commands.go:224.9,226.3 1 0
github.com/echovault/echovault/internal/modules/acl/commands.go:227.2,228.33 2 1
github.com/echovault/echovault/internal/modules/acl/commands.go:228.33,230.3 1 1
github.com/echovault/echovault/internal/modules/acl/commands.go:231.2,232.25 2 1
github.com/echovault/echovault/internal/modules/acl/commands.go:235.71,237.9 2 1
github.com/echovault/echovault/internal/modules/acl/commands.go:237.9,239.3 1 0
github.com/echovault/echovault/internal/modules/acl/commands.go:240.2,240.56 1 1
github.com/echovault/echovault/internal/modules/acl/commands.go:240.56,242.3 1 0
github.com/echovault/echovault/internal/modules/acl/commands.go:243.2,243.42 1 1
github.com/echovault/echovault/internal/modules/acl/commands.go:246.71,247.29 1 1
github.com/echovault/echovault/internal/modules/acl/commands.go:247.29,249.3 1 1
github.com/echovault/echovault/internal/modules/acl/commands.go:250.2,251.9 2 1
github.com/echovault/echovault/internal/modules/acl/commands.go:251.9,253.3 1 0
github.com/echovault/echovault/internal/modules/acl/commands.go:254.2,254.75 1 1
github.com/echovault/echovault/internal/modules/acl/commands.go:254.75,256.3 1 0
github.com/echovault/echovault/internal/modules/acl/commands.go:257.2,257.42 1 1
github.com/echovault/echovault/internal/modules/acl/commands.go:260.70,262.9 2 1
github.com/echovault/echovault/internal/modules/acl/commands.go:262.9,264.3 1 0
github.com/echovault/echovault/internal/modules/acl/commands.go:265.2,266.74 2 1
github.com/echovault/echovault/internal/modules/acl/commands.go:269.68,270.29 1 1
github.com/echovault/echovault/internal/modules/acl/commands.go:270.29,272.3 1 0
github.com/echovault/echovault/internal/modules/acl/commands.go:273.2,274.9 2 1
github.com/echovault/echovault/internal/modules/acl/commands.go:274.9,276.3 1 0
github.com/echovault/echovault/internal/modules/acl/commands.go:277.2,279.33 3 1
github.com/echovault/echovault/internal/modules/acl/commands.go:279.33,282.19 2 1
github.com/echovault/echovault/internal/modules/acl/commands.go:282.19,284.4 1 1
github.com/echovault/echovault/internal/modules/acl/commands.go:284.9,286.4 1 1
github.com/echovault/echovault/internal/modules/acl/commands.go:288.3,288.22 1 1
github.com/echovault/echovault/internal/modules/acl/commands.go:288.22,290.4 1 1
github.com/echovault/echovault/internal/modules/acl/commands.go:292.3,292.18 1 1
github.com/echovault/echovault/internal/modules/acl/commands.go:292.18,294.4 1 1
github.com/echovault/echovault/internal/modules/acl/commands.go:296.3,296.43 1 1
github.com/echovault/echovault/internal/modules/acl/commands.go:296.43,297.61 1 1
github.com/echovault/echovault/internal/modules/acl/commands.go:297.61,299.5 1 1
github.com/echovault/echovault/internal/modules/acl/commands.go:300.4,300.58 1 1
github.com/echovault/echovault/internal/modules/acl/commands.go:300.58,302.5 1 1
github.com/echovault/echovault/internal/modules/acl/commands.go:305.3,305.52 1 1
github.com/echovault/echovault/internal/modules/acl/commands.go:305.52,306.23 1 1
github.com/echovault/echovault/internal/modules/acl/commands.go:306.23,308.13 2 1
github.com/echovault/echovault/internal/modules/acl/commands.go:310.4,310.39 1 1
github.com/echovault/echovault/internal/modules/acl/commands.go:313.3,313.52 1 1
github.com/echovault/echovault/internal/modules/acl/commands.go:313.52,314.23 1 1
github.com/echovault/echovault/internal/modules/acl/commands.go:314.23,316.13 2 0
github.com/echovault/echovault/internal/modules/acl/commands.go:318.4,318.39 1 1
github.com/echovault/echovault/internal/modules/acl/commands.go:321.3,321.49 1 1
github.com/echovault/echovault/internal/modules/acl/commands.go:321.49,322.22 1 1
github.com/echovault/echovault/internal/modules/acl/commands.go:322.22,324.13 2 1
github.com/echovault/echovault/internal/modules/acl/commands.go:326.4,326.37 1 1
github.com/echovault/echovault/internal/modules/acl/commands.go:329.3,329.49 1 1
github.com/echovault/echovault/internal/modules/acl/commands.go:329.49,330.22 1 1
github.com/echovault/echovault/internal/modules/acl/commands.go:330.22,332.13 2 0
github.com/echovault/echovault/internal/modules/acl/commands.go:334.4,334.37 1 1
github.com/echovault/echovault/internal/modules/acl/commands.go:337.3,337.45 1 1
github.com/echovault/echovault/internal/modules/acl/commands.go:337.45,338.52 1 1
github.com/echovault/echovault/internal/modules/acl/commands.go:338.52,340.13 2 1
github.com/echovault/echovault/internal/modules/acl/commands.go:342.4,342.41 1 1
github.com/echovault/echovault/internal/modules/acl/commands.go:345.3,345.45 1 1
github.com/echovault/echovault/internal/modules/acl/commands.go:345.45,346.52 1 1
github.com/echovault/echovault/internal/modules/acl/commands.go:346.52,348.5 1 0
github.com/echovault/echovault/internal/modules/acl/commands.go:351.3,351.55 1 1
github.com/echovault/echovault/internal/modules/acl/commands.go:351.55,353.4 1 1
github.com/echovault/echovault/internal/modules/acl/commands.go:355.3,355.55 1 1
github.com/echovault/echovault/internal/modules/acl/commands.go:355.55,357.4 1 1
github.com/echovault/echovault/internal/modules/acl/commands.go:358.3,358.54 1 1
github.com/echovault/echovault/internal/modules/acl/commands.go:361.2,362.25 2 1
github.com/echovault/echovault/internal/modules/acl/commands.go:365.68,366.30 1 0
github.com/echovault/echovault/internal/modules/acl/commands.go:366.30,368.3 1 0
github.com/echovault/echovault/internal/modules/acl/commands.go:370.2,371.9 2 0
github.com/echovault/echovault/internal/modules/acl/commands.go:371.9,373.3 1 0
github.com/echovault/echovault/internal/modules/acl/commands.go:375.2,379.16 4 0
github.com/echovault/echovault/internal/modules/acl/commands.go:379.16,381.3 1 0
github.com/echovault/echovault/internal/modules/acl/commands.go:383.2,383.15 1 0
github.com/echovault/echovault/internal/modules/acl/commands.go:383.15,384.35 1 0
github.com/echovault/echovault/internal/modules/acl/commands.go:384.35,386.4 1 0
github.com/echovault/echovault/internal/modules/acl/commands.go:389.2,393.20 3 0
github.com/echovault/echovault/internal/modules/acl/commands.go:393.20,394.59 1 0
github.com/echovault/echovault/internal/modules/acl/commands.go:394.59,396.4 1 0
github.com/echovault/echovault/internal/modules/acl/commands.go:399.2,399.37 1 0
github.com/echovault/echovault/internal/modules/acl/commands.go:399.37,400.59 1 0
github.com/echovault/echovault/internal/modules/acl/commands.go:400.59,402.4 1 0
github.com/echovault/echovault/internal/modules/acl/commands.go:406.2,406.29 1 0
github.com/echovault/echovault/internal/modules/acl/commands.go:406.29,410.31 3 0
github.com/echovault/echovault/internal/modules/acl/commands.go:410.31,411.35 1 0
github.com/echovault/echovault/internal/modules/acl/commands.go:411.35,414.54 2 0
github.com/echovault/echovault/internal/modules/acl/commands.go:414.54,416.6 1 0
github.com/echovault/echovault/internal/modules/acl/commands.go:416.11,419.6 1 0
github.com/echovault/echovault/internal/modules/acl/commands.go:420.5,420.10 1 0
github.com/echovault/echovault/internal/modules/acl/commands.go:424.3,424.17 1 0
github.com/echovault/echovault/internal/modules/acl/commands.go:424.17,426.4 1 0
github.com/echovault/echovault/internal/modules/acl/commands.go:429.2,429.42 1 0
github.com/echovault/echovault/internal/modules/acl/commands.go:432.68,433.29 1 0
github.com/echovault/echovault/internal/modules/acl/commands.go:433.29,435.3 1 0
github.com/echovault/echovault/internal/modules/acl/commands.go:437.2,438.9 2 0
github.com/echovault/echovault/internal/modules/acl/commands.go:438.9,440.3 1 0
github.com/echovault/echovault/internal/modules/acl/commands.go:442.2,446.16 4 0
github.com/echovault/echovault/internal/modules/acl/commands.go:446.16,448.3 1 0
github.com/echovault/echovault/internal/modules/acl/commands.go:450.2,450.15 1 0
github.com/echovault/echovault/internal/modules/acl/commands.go:450.15,451.35 1 0
github.com/echovault/echovault/internal/modules/acl/commands.go:451.35,453.4 1 0
github.com/echovault/echovault/internal/modules/acl/commands.go:456.2,458.20 2 0
github.com/echovault/echovault/internal/modules/acl/commands.go:458.20,461.17 2 0
github.com/echovault/echovault/internal/modules/acl/commands.go:461.17,463.4 1 0
github.com/echovault/echovault/internal/modules/acl/commands.go:464.3,465.17 2 0
github.com/echovault/echovault/internal/modules/acl/commands.go:465.17,467.4 1 0
github.com/echovault/echovault/internal/modules/acl/commands.go:470.2,470.37 1 0
github.com/echovault/echovault/internal/modules/acl/commands.go:470.37,473.17 2 0
github.com/echovault/echovault/internal/modules/acl/commands.go:473.17,475.4 1 0
github.com/echovault/echovault/internal/modules/acl/commands.go:476.3,477.17 2 0
github.com/echovault/echovault/internal/modules/acl/commands.go:477.17,479.4 1 0
github.com/echovault/echovault/internal/modules/acl/commands.go:482.2,483.16 2 0
github.com/echovault/echovault/internal/modules/acl/commands.go:483.16,485.3 1 0
github.com/echovault/echovault/internal/modules/acl/commands.go:487.2,487.42 1 0
github.com/echovault/echovault/internal/modules/acl/commands.go:490.36,500.84 1 1
github.com/echovault/echovault/internal/modules/acl/commands.go:500.84,506.5 1 1
github.com/echovault/echovault/internal/modules/acl/commands.go:515.84,521.5 1 1
github.com/echovault/echovault/internal/modules/acl/commands.go:530.86,536.7 1 1
github.com/echovault/echovault/internal/modules/acl/commands.go:545.86,551.7 1 1
github.com/echovault/echovault/internal/modules/acl/commands.go:560.86,566.7 1 1
github.com/echovault/echovault/internal/modules/acl/commands.go:575.86,581.7 1 1
github.com/echovault/echovault/internal/modules/acl/commands.go:591.86,597.7 1 1
github.com/echovault/echovault/internal/modules/acl/commands.go:606.86,612.7 1 1
github.com/echovault/echovault/internal/modules/acl/commands.go:621.86,627.7 1 1
github.com/echovault/echovault/internal/modules/acl/commands.go:639.86,645.7 1 0
github.com/echovault/echovault/internal/modules/acl/commands.go:654.86,660.7 1 0
github.com/echovault/echovault/internal/modules/acl/user.go:53.31,55.39 2 1
github.com/echovault/echovault/internal/modules/acl/user.go:55.39,57.3 1 1
github.com/echovault/echovault/internal/modules/acl/user.go:58.2,59.51 2 1
github.com/echovault/echovault/internal/modules/acl/user.go:59.51,61.3 1 1
github.com/echovault/echovault/internal/modules/acl/user.go:63.2,64.37 2 1
github.com/echovault/echovault/internal/modules/acl/user.go:64.37,66.3 1 1
github.com/echovault/echovault/internal/modules/acl/user.go:67.2,68.49 2 1
github.com/echovault/echovault/internal/modules/acl/user.go:68.49,70.3 1 1
github.com/echovault/echovault/internal/modules/acl/user.go:72.2,73.53 2 1
github.com/echovault/echovault/internal/modules/acl/user.go:73.53,75.3 1 1
github.com/echovault/echovault/internal/modules/acl/user.go:76.2,77.54 2 1
github.com/echovault/echovault/internal/modules/acl/user.go:77.54,79.3 1 1
github.com/echovault/echovault/internal/modules/acl/user.go:81.2,82.43 2 1
github.com/echovault/echovault/internal/modules/acl/user.go:82.43,84.3 1 1
github.com/echovault/echovault/internal/modules/acl/user.go:85.2,86.55 2 1
github.com/echovault/echovault/internal/modules/acl/user.go:86.55,88.3 1 1
github.com/echovault/echovault/internal/modules/acl/user.go:91.79,93.32 2 1
github.com/echovault/echovault/internal/modules/acl/user.go:93.32,94.24 1 1
github.com/echovault/echovault/internal/modules/acl/user.go:94.24,96.12 2 0
github.com/echovault/echovault/internal/modules/acl/user.go:98.3,98.25 1 1
github.com/echovault/echovault/internal/modules/acl/user.go:100.2,100.33 1 1
github.com/echovault/echovault/internal/modules/acl/user.go:100.33,101.17 1 1
github.com/echovault/echovault/internal/modules/acl/user.go:101.17,104.4 2 1
github.com/echovault/echovault/internal/modules/acl/user.go:105.3,105.25 1 1
github.com/echovault/echovault/internal/modules/acl/user.go:107.2,107.8 1 1
github.com/echovault/echovault/internal/modules/acl/user.go:110.50,111.26 1 1
github.com/echovault/echovault/internal/modules/acl/user.go:111.26,113.35 1 1
github.com/echovault/echovault/internal/modules/acl/user.go:113.35,115.4 1 1
github.com/echovault/echovault/internal/modules/acl/user.go:116.3,116.36 1 1
github.com/echovault/echovault/internal/modules/acl/user.go:116.36,118.4 1 1
github.com/echovault/echovault/internal/modules/acl/user.go:120.3,120.37 1 1
github.com/echovault/echovault/internal/modules/acl/user.go:120.37,126.12 3 1
github.com/echovault/echovault/internal/modules/acl/user.go:128.3,128.20 1 1
github.com/echovault/echovault/internal/modules/acl/user.go:128.20,129.84 1 1
github.com/echovault/echovault/internal/modules/acl/user.go:129.84,130.65 1 1
github.com/echovault/echovault/internal/modules/acl/user.go:130.65,132.6 1 1
github.com/echovault/echovault/internal/modules/acl/user.go:133.5,133.45 1 1
github.com/echovault/echovault/internal/modules/acl/user.go:135.4,135.12 1 1
github.com/echovault/echovault/internal/modules/acl/user.go:137.3,137.20 1 1
github.com/echovault/echovault/internal/modules/acl/user.go:137.20,138.84 1 1
github.com/echovault/echovault/internal/modules/acl/user.go:138.84,139.68 1 1
github.com/echovault/echovault/internal/modules/acl/user.go:139.68,141.6 1 1
github.com/echovault/echovault/internal/modules/acl/user.go:142.5,142.45 1 1
github.com/echovault/echovault/internal/modules/acl/user.go:144.4,144.12 1 1
github.com/echovault/echovault/internal/modules/acl/user.go:147.3,147.43 1 1
github.com/echovault/echovault/internal/modules/acl/user.go:147.43,150.12 3 1
github.com/echovault/echovault/internal/modules/acl/user.go:152.3,152.46 1 1
github.com/echovault/echovault/internal/modules/acl/user.go:152.46,154.12 2 1
github.com/echovault/echovault/internal/modules/acl/user.go:156.3,156.36 1 1
github.com/echovault/echovault/internal/modules/acl/user.go:156.36,157.21 1 1
github.com/echovault/echovault/internal/modules/acl/user.go:157.21,159.13 2 1
github.com/echovault/echovault/internal/modules/acl/user.go:161.4,161.21 1 1
github.com/echovault/echovault/internal/modules/acl/user.go:161.21,163.13 2 1
github.com/echovault/echovault/internal/modules/acl/user.go:167.3,167.40 1 1
github.com/echovault/echovault/internal/modules/acl/user.go:167.40,171.12 4 0
github.com/echovault/echovault/internal/modules/acl/user.go:173.3,173.93 1 1
github.com/echovault/echovault/internal/modules/acl/user.go:173.93,178.12 5 1
github.com/echovault/echovault/internal/modules/acl/user.go:180.3,180.57 1 1
github.com/echovault/echovault/internal/modules/acl/user.go:180.57,183.12 3 1
github.com/echovault/echovault/internal/modules/acl/user.go:185.3,185.57 1 1
github.com/echovault/echovault/internal/modules/acl/user.go:185.57,188.12 3 1
github.com/echovault/echovault/internal/modules/acl/user.go:191.3,191.44 1 1
github.com/echovault/echovault/internal/modules/acl/user.go:191.44,193.12 2 1
github.com/echovault/echovault/internal/modules/acl/user.go:195.3,195.36 1 1
github.com/echovault/echovault/internal/modules/acl/user.go:195.36,196.21 1 1
github.com/echovault/echovault/internal/modules/acl/user.go:196.21,198.13 2 1
github.com/echovault/echovault/internal/modules/acl/user.go:200.4,200.21 1 1
github.com/echovault/echovault/internal/modules/acl/user.go:200.21,202.13 2 1
github.com/echovault/echovault/internal/modules/acl/user.go:206.3,206.44 1 1
github.com/echovault/echovault/internal/modules/acl/user.go:206.44,209.12 3 1
github.com/echovault/echovault/internal/modules/acl/user.go:211.3,211.66 1 1
github.com/echovault/echovault/internal/modules/acl/user.go:211.66,212.21 1 1
github.com/echovault/echovault/internal/modules/acl/user.go:212.21,214.13 2 1
github.com/echovault/echovault/internal/modules/acl/user.go:216.4,216.21 1 1
github.com/echovault/echovault/internal/modules/acl/user.go:216.21,218.13 2 1
github.com/echovault/echovault/internal/modules/acl/user.go:224.2,224.26 1 1
github.com/echovault/echovault/internal/modules/acl/user.go:224.26,225.39 1 1
github.com/echovault/echovault/internal/modules/acl/user.go:225.39,228.4 2 1
github.com/echovault/echovault/internal/modules/acl/user.go:231.2,231.26 1 1
github.com/echovault/echovault/internal/modules/acl/user.go:231.26,233.42 1 1
github.com/echovault/echovault/internal/modules/acl/user.go:233.42,236.4 2 0
github.com/echovault/echovault/internal/modules/acl/user.go:238.3,238.43 1 1
github.com/echovault/echovault/internal/modules/acl/user.go:238.43,243.4 4 1
github.com/echovault/echovault/internal/modules/acl/user.go:245.3,245.42 1 1
github.com/echovault/echovault/internal/modules/acl/user.go:245.42,249.4 3 1
github.com/echovault/echovault/internal/modules/acl/user.go:251.3,251.46 1 1
github.com/echovault/echovault/internal/modules/acl/user.go:251.46,254.4 2 1
github.com/echovault/echovault/internal/modules/acl/user.go:256.2,256.12 1 1
github.com/echovault/echovault/internal/modules/acl/user.go:259.36,273.2 13 0
github.com/echovault/echovault/internal/modules/acl/user.go:275.38,288.2 12 0
github.com/echovault/echovault/internal/modules/acl/user.go:290.40,305.2 1 1
github.com/echovault/echovault/internal/modules/acl/user.go:307.46,308.24 1 1
github.com/echovault/echovault/internal/modules/acl/user.go:308.24,310.3 1 1
github.com/echovault/echovault/internal/modules/acl/user.go:311.2,311.26 1 1
github.com/echovault/echovault/internal/modules/connection/commands.go:24.68,25.29 1 1
github.com/echovault/echovault/internal/modules/connection/commands.go:26.10,27.54 1 1
github.com/echovault/echovault/internal/modules/connection/commands.go:28.9,29.34 1 1
github.com/echovault/echovault/internal/modules/connection/commands.go:30.9,31.94 1 1
github.com/echovault/echovault/internal/modules/connection/commands.go:35.36,45.84 1 1
github.com/echovault/echovault/internal/modules/connection/commands.go:45.84,51.5 1 0
github.com/echovault/echovault/internal/modules/generic/commands.go:33.67,35.16 2 1
github.com/echovault/echovault/internal/modules/generic/commands.go:35.16,37.3 1 0
github.com/echovault/echovault/internal/modules/generic/commands.go:39.2,46.16 7 1
github.com/echovault/echovault/internal/modules/generic/commands.go:46.16,48.3 1 1
github.com/echovault/echovault/internal/modules/generic/commands.go:52.2,52.17 1 1
github.com/echovault/echovault/internal/modules/generic/commands.go:52.17,53.17 1 1
github.com/echovault/echovault/internal/modules/generic/commands.go:53.17,55.4 1 1
github.com/echovault/echovault/internal/modules/generic/commands.go:55.9,57.4 1 1
github.com/echovault/echovault/internal/modules/generic/commands.go:60.2,60.45 1 1
github.com/echovault/echovault/internal/modules/generic/commands.go:60.45,62.17 1 1
github.com/echovault/echovault/internal/modules/generic/commands.go:62.17,64.4 1 1
github.com/echovault/echovault/internal/modules/generic/commands.go:65.8,65.52 1 1
github.com/echovault/echovault/internal/modules/generic/commands.go:65.52,67.16 1 1
github.com/echovault/echovault/internal/modules/generic/commands.go:67.16,69.4 1 1
github.com/echovault/echovault/internal/modules/generic/commands.go:72.2,74.17 1 1
github.com/echovault/echovault/internal/modules/generic/commands.go:74.17,76.3 1 0
github.com/echovault/echovault/internal/modules/generic/commands.go:79.2,79.29 1 1
github.com/echovault/echovault/internal/modules/generic/commands.go:79.29,81.3 1 1
github.com/echovault/echovault/internal/modules/generic/commands.go:83.2,83.17 1 1
github.com/echovault/echovault/internal/modules/generic/commands.go:86.68,88.16 2 1
github.com/echovault/echovault/internal/modules/generic/commands.go:88.16,90.3 1 0
github.com/echovault/echovault/internal/modules/generic/commands.go:92.2,95.41 2 1
github.com/echovault/echovault/internal/modules/generic/commands.go:95.41,96.15 1 1
github.com/echovault/echovault/internal/modules/generic/commands.go:96.15,98.4 1 1
github.com/echovault/echovault/internal/modules/generic/commands.go:102.2,102.65 1 1
github.com/echovault/echovault/internal/modules/generic/commands.go:102.65,104.3 1 0
github.com/echovault/echovault/internal/modules/generic/commands.go:106.2,106.42 1 1
github.com/echovault/echovault/internal/modules/generic/commands.go:109.67,111.16 2 1
github.com/echovault/echovault/internal/modules/generic/commands.go:111.16,113.3 1 0
github.com/echovault/echovault/internal/modules/generic/commands.go:114.2,117.16 3 1
github.com/echovault/echovault/internal/modules/generic/commands.go:117.16,119.3 1 1
github.com/echovault/echovault/internal/modules/generic/commands.go:121.2,123.51 2 1
github.com/echovault/echovault/internal/modules/generic/commands.go:126.68,128.16 2 1
github.com/echovault/echovault/internal/modules/generic/commands.go:128.16,130.3 1 0
github.com/echovault/echovault/internal/modules/generic/commands.go:132.2,133.74 2 1
github.com/echovault/echovault/internal/modules/generic/commands.go:133.74,134.19 1 1
github.com/echovault/echovault/internal/modules/generic/commands.go:134.19,136.12 2 1
github.com/echovault/echovault/internal/modules/generic/commands.go:138.3,138.41 1 1
github.com/echovault/echovault/internal/modules/generic/commands.go:141.2,143.41 2 1
github.com/echovault/echovault/internal/modules/generic/commands.go:143.41,144.24 1 1
github.com/echovault/echovault/internal/modules/generic/commands.go:144.24,146.12 2 1
github.com/echovault/echovault/internal/modules/generic/commands.go:148.3,148.96 1 1
github.com/echovault/echovault/internal/modules/generic/commands.go:151.2,151.19 1 1
github.com/echovault/echovault/internal/modules/generic/commands.go:154.67,156.16 2 1
github.com/echovault/echovault/internal/modules/generic/commands.go:156.16,158.3 1 0
github.com/echovault/echovault/internal/modules/generic/commands.go:159.2,160.60 2 1
github.com/echovault/echovault/internal/modules/generic/commands.go:160.60,161.14 1 1
github.com/echovault/echovault/internal/modules/generic/commands.go:161.14,162.12 1 1
github.com/echovault/echovault/internal/modules/generic/commands.go:164.3,165.17 2 1
github.com/echovault/echovault/internal/modules/generic/commands.go:165.17,167.12 2 0
github.com/echovault/echovault/internal/modules/generic/commands.go:169.3,169.13 1 1
github.com/echovault/echovault/internal/modules/generic/commands.go:171.2,171.51 1 1
github.com/echovault/echovault/internal/modules/generic/commands.go:174.71,176.16 2 1
github.com/echovault/echovault/internal/modules/generic/commands.go:176.16,178.3 1 0
github.com/echovault/echovault/internal/modules/generic/commands.go:180.2,183.16 3 1
github.com/echovault/echovault/internal/modules/generic/commands.go:183.16,185.3 1 1
github.com/echovault/echovault/internal/modules/generic/commands.go:187.2,188.31 2 1
github.com/echovault/echovault/internal/modules/generic/commands.go:188.31,190.3 1 1
github.com/echovault/echovault/internal/modules/generic/commands.go:192.2,194.30 2 1
github.com/echovault/echovault/internal/modules/generic/commands.go:197.74,199.16 2 1
github.com/echovault/echovault/internal/modules/generic/commands.go:199.16,201.3 1 0
github.com/echovault/echovault/internal/modules/generic/commands.go:203.2,206.16 3 1
github.com/echovault/echovault/internal/modules/generic/commands.go:206.16,208.3 1 1
github.com/echovault/echovault/internal/modules/generic/commands.go:210.2,212.31 2 1
github.com/echovault/echovault/internal/modules/generic/commands.go:212.31,214.3 1 1
github.com/echovault/echovault/internal/modules/generic/commands.go:216.2,217.57 2 1
github.com/echovault/echovault/internal/modules/generic/commands.go:217.57,219.3 1 1
github.com/echovault/echovault/internal/modules/generic/commands.go:221.2,221.47 1 1
github.com/echovault/echovault/internal/modules/generic/commands.go:224.67,226.16 2 1
github.com/echovault/echovault/internal/modules/generic/commands.go:226.16,228.3 1 0
github.com/echovault/echovault/internal/modules/generic/commands.go:230.2,235.16 4 1
github.com/echovault/echovault/internal/modules/generic/commands.go:235.16,237.3 1 1
github.com/echovault/echovault/internal/modules/generic/commands.go:239.2,241.31 2 1
github.com/echovault/echovault/internal/modules/generic/commands.go:241.31,243.3 1 1
github.com/echovault/echovault/internal/modules/generic/commands.go:245.2,246.50 2 1
github.com/echovault/echovault/internal/modules/generic/commands.go:246.50,248.3 1 1
github.com/echovault/echovault/internal/modules/generic/commands.go:250.2,250.12 1 1
github.com/echovault/echovault/internal/modules/generic/commands.go:250.12,252.3 1 0
github.com/echovault/echovault/internal/modules/generic/commands.go:254.2,254.47 1 1
github.com/echovault/echovault/internal/modules/generic/commands.go:257.70,259.16 2 1
github.com/echovault/echovault/internal/modules/generic/commands.go:259.16,261.3 1 0
github.com/echovault/echovault/internal/modules/generic/commands.go:263.2,268.16 4 1
github.com/echovault/echovault/internal/modules/generic/commands.go:268.16,270.3 1 1
github.com/echovault/echovault/internal/modules/generic/commands.go:271.2,272.53 2 1
github.com/echovault/echovault/internal/modules/generic/commands.go:272.53,274.3 1 1
github.com/echovault/echovault/internal/modules/generic/commands.go:276.2,276.16 1 1
github.com/echovault/echovault/internal/modules/generic/commands.go:276.16,278.3 1 0
github.com/echovault/echovault/internal/modules/generic/commands.go:280.2,280.30 1 1
github.com/echovault/echovault/internal/modules/generic/commands.go:280.30,283.3 2 1
github.com/echovault/echovault/internal/modules/generic/commands.go:285.2,287.44 2 1
github.com/echovault/echovault/internal/modules/generic/commands.go:288.12,289.39 1 1
github.com/echovault/echovault/internal/modules/generic/commands.go:289.39,291.4 1 1
github.com/echovault/echovault/internal/modules/generic/commands.go:292.3,292.57 1 1
github.com/echovault/echovault/internal/modules/generic/commands.go:293.12,294.39 1 1
github.com/echovault/echovault/internal/modules/generic/commands.go:294.39,296.4 1 1
github.com/echovault/echovault/internal/modules/generic/commands.go:297.3,297.57 1 1
github.com/echovault/echovault/internal/modules/generic/commands.go:298.12,299.39 1 1
github.com/echovault/echovault/internal/modules/generic/commands.go:299.39,301.4 1 1
github.com/echovault/echovault/internal/modules/generic/commands.go:302.3,302.39 1 1
github.com/echovault/echovault/internal/modules/generic/commands.go:302.39,304.4 1 1
github.com/echovault/echovault/internal/modules/generic/commands.go:305.3,305.57 1 1
github.com/echovault/echovault/internal/modules/generic/commands.go:306.12,307.39 1 1
github.com/echovault/echovault/internal/modules/generic/commands.go:307.39,308.40 1 1
github.com/echovault/echovault/internal/modules/generic/commands.go:308.40,310.5 1 1
github.com/echovault/echovault/internal/modules/generic/commands.go:311.4,311.58 1 1
github.com/echovault/echovault/internal/modules/generic/commands.go:313.3,313.57 1 1
github.com/echovault/echovault/internal/modules/generic/commands.go:314.10,315.82 1 1
github.com/echovault/echovault/internal/modules/generic/commands.go:318.2,318.30 1 1
github.com/echovault/echovault/internal/modules/generic/commands.go:321.72,323.16 2 1
github.com/echovault/echovault/internal/modules/generic/commands.go:323.16,325.3 1 0
github.com/echovault/echovault/internal/modules/generic/commands.go:327.2,332.16 4 1
github.com/echovault/echovault/internal/modules/generic/commands.go:332.16,334.3 1 1
github.com/echovault/echovault/internal/modules/generic/commands.go:335.2,336.55 2 1
github.com/echovault/echovault/internal/modules/generic/commands.go:336.55,338.3 1 1
github.com/echovault/echovault/internal/modules/generic/commands.go:340.2,340.16 1 1
github.com/echovault/echovault/internal/modules/generic/commands.go:340.16,342.3 1 0
github.com/echovault/echovault/internal/modules/generic/commands.go:344.2,344.30 1 1
github.com/echovault/echovault/internal/modules/generic/commands.go:344.30,347.3 2 1
github.com/echovault/echovault/internal/modules/generic/commands.go:349.2,351.44 2 1
github.com/echovault/echovault/internal/modules/generic/commands.go:352.12,353.39 1 1
github.com/echovault/echovault/internal/modules/generic/commands.go:353.39,355.4 1 1
github.com/echovault/echovault/internal/modules/generic/commands.go:356.3,356.57 1 1
github.com/echovault/echovault/internal/modules/generic/commands.go:357.12,358.39 1 1
github.com/echovault/echovault/internal/modules/generic/commands.go:358.39,360.4 1 1
github.com/echovault/echovault/internal/modules/generic/commands.go:361.3,361.57 1 1
github.com/echovault/echovault/internal/modules/generic/commands.go:362.12,363.39 1 1
github.com/echovault/echovault/internal/modules/generic/commands.go:363.39,365.4 1 1
github.com/echovault/echovault/internal/modules/generic/commands.go:366.3,366.39 1 1
github.com/echovault/echovault/internal/modules/generic/commands.go:366.39,368.4 1 1
github.com/echovault/echovault/internal/modules/generic/commands.go:369.3,369.57 1 1
github.com/echovault/echovault/internal/modules/generic/commands.go:370.12,371.39 1 1
github.com/echovault/echovault/internal/modules/generic/commands.go:371.39,372.40 1 1
github.com/echovault/echovault/internal/modules/generic/commands.go:372.40,374.5 1 1
github.com/echovault/echovault/internal/modules/generic/commands.go:375.4,375.58 1 1
github.com/echovault/echovault/internal/modules/generic/commands.go:377.3,377.57 1 1
github.com/echovault/echovault/internal/modules/generic/commands.go:378.10,379.82 1 1
github.com/echovault/echovault/internal/modules/generic/commands.go:382.2,382.30 1 1
github.com/echovault/echovault/internal/modules/generic/commands.go:385.36,554.2 1 1
github.com/echovault/echovault/internal/modules/generic/key_funcs.go:23.73,24.34 1 1
github.com/echovault/echovault/internal/modules/generic/key_funcs.go:24.34,26.3 1 1
github.com/echovault/echovault/internal/modules/generic/key_funcs.go:27.2,31.8 1 1
github.com/echovault/echovault/internal/modules/generic/key_funcs.go:34.74,35.25 1 1
github.com/echovault/echovault/internal/modules/generic/key_funcs.go:35.25,37.3 1 1
github.com/echovault/echovault/internal/modules/generic/key_funcs.go:38.2,39.30 2 1
github.com/echovault/echovault/internal/modules/generic/key_funcs.go:39.30,40.15 1 1
github.com/echovault/echovault/internal/modules/generic/key_funcs.go:40.15,42.4 1 1
github.com/echovault/echovault/internal/modules/generic/key_funcs.go:44.2,48.8 1 1
github.com/echovault/echovault/internal/modules/generic/key_funcs.go:51.73,52.19 1 1
github.com/echovault/echovault/internal/modules/generic/key_funcs.go:52.19,54.3 1 1
github.com/echovault/echovault/internal/modules/generic/key_funcs.go:55.2,59.8 1 1
github.com/echovault/echovault/internal/modules/generic/key_funcs.go:62.74,63.18 1 1
github.com/echovault/echovault/internal/modules/generic/key_funcs.go:63.18,65.3 1 1
github.com/echovault/echovault/internal/modules/generic/key_funcs.go:66.2,70.8 1 1
github.com/echovault/echovault/internal/modules/generic/key_funcs.go:73.73,74.18 1 1
github.com/echovault/echovault/internal/modules/generic/key_funcs.go:74.18,76.3 1 1
github.com/echovault/echovault/internal/modules/generic/key_funcs.go:77.2,81.8 1 1
github.com/echovault/echovault/internal/modules/generic/key_funcs.go:84.77,85.19 1 1
github.com/echovault/echovault/internal/modules/generic/key_funcs.go:85.19,87.3 1 1
github.com/echovault/echovault/internal/modules/generic/key_funcs.go:88.2,92.8 1 1
github.com/echovault/echovault/internal/modules/generic/key_funcs.go:95.80,96.19 1 1
github.com/echovault/echovault/internal/modules/generic/key_funcs.go:96.19,98.3 1 1
github.com/echovault/echovault/internal/modules/generic/key_funcs.go:99.2,103.8 1 1
github.com/echovault/echovault/internal/modules/generic/key_funcs.go:106.73,107.19 1 1
github.com/echovault/echovault/internal/modules/generic/key_funcs.go:107.19,109.3 1 1
github.com/echovault/echovault/internal/modules/generic/key_funcs.go:110.2,114.8 1 1
github.com/echovault/echovault/internal/modules/generic/key_funcs.go:117.76,118.34 1 1
github.com/echovault/echovault/internal/modules/generic/key_funcs.go:118.34,120.3 1 1
github.com/echovault/echovault/internal/modules/generic/key_funcs.go:121.2,125.8 1 1
github.com/echovault/echovault/internal/modules/generic/key_funcs.go:128.78,129.34 1 1
github.com/echovault/echovault/internal/modules/generic/key_funcs.go:129.34,131.3 1 1
github.com/echovault/echovault/internal/modules/generic/key_funcs.go:132.2,136.8 1 1
github.com/echovault/echovault/internal/modules/generic/utils.go:32.100,33.19 1 1
github.com/echovault/echovault/internal/modules/generic/utils.go:33.19,35.3 1 1
github.com/echovault/echovault/internal/modules/generic/utils.go:36.2,36.33 1 1
github.com/echovault/echovault/internal/modules/generic/utils.go:37.13,39.55 2 1
github.com/echovault/echovault/internal/modules/generic/utils.go:41.12,42.27 1 1
github.com/echovault/echovault/internal/modules/generic/utils.go:42.27,44.4 1 1
github.com/echovault/echovault/internal/modules/generic/utils.go:45.3,46.55 2 1
github.com/echovault/echovault/internal/modules/generic/utils.go:48.12,49.27 1 1
github.com/echovault/echovault/internal/modules/generic/utils.go:49.27,51.4 1 1
github.com/echovault/echovault/internal/modules/generic/utils.go:52.3,53.55 2 1
github.com/echovault/echovault/internal/modules/generic/utils.go:55.12,56.19 1 1
github.com/echovault/echovault/internal/modules/generic/utils.go:56.19,58.4 1 1
github.com/echovault/echovault/internal/modules/generic/utils.go:59.3,59.30 1 1
github.com/echovault/echovault/internal/modules/generic/utils.go:59.30,61.4 1 1
github.com/echovault/echovault/internal/modules/generic/utils.go:62.3,64.17 3 1
github.com/echovault/echovault/internal/modules/generic/utils.go:64.17,66.4 1 1
github.com/echovault/echovault/internal/modules/generic/utils.go:67.3,68.55 2 1
github.com/echovault/echovault/internal/modules/generic/utils.go:70.12,71.19 1 1
github.com/echovault/echovault/internal/modules/generic/utils.go:71.19,73.4 1 1
github.com/echovault/echovault/internal/modules/generic/utils.go:74.3,74.30 1 1
github.com/echovault/echovault/internal/modules/generic/utils.go:74.30,76.4 1 1
github.com/echovault/echovault/internal/modules/generic/utils.go:77.3,79.17 3 1
github.com/echovault/echovault/internal/modules/generic/utils.go:79.17,81.4 1 1
github.com/echovault/echovault/internal/modules/generic/utils.go:82.3,83.55 2 1
github.com/echovault/echovault/internal/modules/generic/utils.go:85.14,86.19 1 1
github.com/echovault/echovault/internal/modules/generic/utils.go:86.19,88.4 1 1
github.com/echovault/echovault/internal/modules/generic/utils.go:89.3,89.30 1 1
github.com/echovault/echovault/internal/modules/generic/utils.go:89.30,91.4 1 1
github.com/echovault/echovault/internal/modules/generic/utils.go:92.3,94.17 3 1
github.com/echovault/echovault/internal/modules/generic/utils.go:94.17,96.4 1 1
github.com/echovault/echovault/internal/modules/generic/utils.go:97.3,98.55 2 1
github.com/echovault/echovault/internal/modules/generic/utils.go:100.14,101.19 1 1
github.com/echovault/echovault/internal/modules/generic/utils.go:101.19,103.4 1 1
github.com/echovault/echovault/internal/modules/generic/utils.go:104.3,104.30 1 1
github.com/echovault/echovault/internal/modules/generic/utils.go:104.30,106.4 1 1
github.com/echovault/echovault/internal/modules/generic/utils.go:107.3,109.17 3 1
github.com/echovault/echovault/internal/modules/generic/utils.go:109.17,111.4 1 1
github.com/echovault/echovault/internal/modules/generic/utils.go:112.3,113.55 2 1
github.com/echovault/echovault/internal/modules/generic/utils.go:115.10,116.96 1 1
github.com/echovault/echovault/internal/modules/hash/commands.go:28.68,30.16 2 1
github.com/echovault/echovault/internal/modules/hash/commands.go:30.16,32.3 1 0
github.com/echovault/echovault/internal/modules/hash/commands.go:34.2,38.36 4 1
github.com/echovault/echovault/internal/modules/hash/commands.go:38.36,40.3 1 1
github.com/echovault/echovault/internal/modules/hash/commands.go:42.2,42.49 1 1
github.com/echovault/echovault/internal/modules/hash/commands.go:42.49,44.3 1 1
github.com/echovault/echovault/internal/modules/hash/commands.go:46.2,46.16 1 1
github.com/echovault/echovault/internal/modules/hash/commands.go:46.16,47.17 1 1
github.com/echovault/echovault/internal/modules/hash/commands.go:47.17,49.4 1 0
github.com/echovault/echovault/internal/modules/hash/commands.go:50.3,50.95 1 1
github.com/echovault/echovault/internal/modules/hash/commands.go:50.95,52.4 1 0
github.com/echovault/echovault/internal/modules/hash/commands.go:53.3,53.59 1 1
github.com/echovault/echovault/internal/modules/hash/commands.go:56.2,57.9 2 1
github.com/echovault/echovault/internal/modules/hash/commands.go:57.9,59.3 1 1
github.com/echovault/echovault/internal/modules/hash/commands.go:61.2,62.36 2 1
github.com/echovault/echovault/internal/modules/hash/commands.go:62.36,63.53 1 1
github.com/echovault/echovault/internal/modules/hash/commands.go:63.53,64.26 1 1
github.com/echovault/echovault/internal/modules/hash/commands.go:64.26,67.5 2 1
github.com/echovault/echovault/internal/modules/hash/commands.go:68.4,68.12 1 1
github.com/echovault/echovault/internal/modules/hash/commands.go:70.3,71.13 2 1
github.com/echovault/echovault/internal/modules/hash/commands.go:73.2,73.91 1 1
github.com/echovault/echovault/internal/modules/hash/commands.go:73.91,75.3 1 0
github.com/echovault/echovault/internal/modules/hash/commands.go:77.2,77.51 1 1
github.com/echovault/echovault/internal/modules/hash/commands.go:80.68,82.16 2 1
github.com/echovault/echovault/internal/modules/hash/commands.go:82.16,84.3 1 0
github.com/echovault/echovault/internal/modules/hash/commands.go:86.2,90.16 4 1
github.com/echovault/echovault/internal/modules/hash/commands.go:90.16,92.3 1 1
github.com/echovault/echovault/internal/modules/hash/commands.go:94.2,95.9 2 1
github.com/echovault/echovault/internal/modules/hash/commands.go:95.9,97.3 1 1
github.com/echovault/echovault/internal/modules/hash/commands.go:99.2,102.31 3 1
github.com/echovault/echovault/internal/modules/hash/commands.go:102.31,104.19 2 1
github.com/echovault/echovault/internal/modules/hash/commands.go:104.19,106.12 2 1
github.com/echovault/echovault/internal/modules/hash/commands.go:108.3,108.34 1 1
github.com/echovault/echovault/internal/modules/hash/commands.go:108.34,110.12 2 1
github.com/echovault/echovault/internal/modules/hash/commands.go:112.3,112.31 1 1
github.com/echovault/echovault/internal/modules/hash/commands.go:112.31,114.12 2 1
github.com/echovault/echovault/internal/modules/hash/commands.go:116.3,116.35 1 1
github.com/echovault/echovault/internal/modules/hash/commands.go:116.35,119.12 3 1
github.com/echovault/echovault/internal/modules/hash/commands.go:121.3,121.32 1 0
github.com/echovault/echovault/internal/modules/hash/commands.go:124.2,124.25 1 1
github.com/echovault/echovault/internal/modules/hash/commands.go:127.71,129.16 2 1
github.com/echovault/echovault/internal/modules/hash/commands.go:129.16,131.3 1 0
github.com/echovault/echovault/internal/modules/hash/commands.go:133.2,137.16 4 1
github.com/echovault/echovault/internal/modules/hash/commands.go:137.16,139.3 1 1
github.com/echovault/echovault/internal/modules/hash/commands.go:141.2,142.9 2 1
github.com/echovault/echovault/internal/modules/hash/commands.go:142.9,144.3 1 1
github.com/echovault/echovault/internal/modules/hash/commands.go:146.2,149.31 3 1
github.com/echovault/echovault/internal/modules/hash/commands.go:149.31,151.19 2 1
github.com/echovault/echovault/internal/modules/hash/commands.go:151.19,153.12 2 1
github.com/echovault/echovault/internal/modules/hash/commands.go:155.3,155.34 1 1
github.com/echovault/echovault/internal/modules/hash/commands.go:155.34,157.12 2 1
github.com/echovault/echovault/internal/modules/hash/commands.go:159.3,159.35 1 1
github.com/echovault/echovault/internal/modules/hash/commands.go:159.35,162.12 3 1
github.com/echovault/echovault/internal/modules/hash/commands.go:164.3,164.31 1 1
github.com/echovault/echovault/internal/modules/hash/commands.go:164.31,166.12 2 1
github.com/echovault/echovault/internal/modules/hash/commands.go:168.3,168.18 1 0
[...]
github.com/echovault/echovault/echovault/echovault.go:407.3,407.35 1 1
github.com/echovault/echovault/echovault/echovault.go:411.58,413.23 1 1
github.com/echovault/echovault/echovault/echovault.go:413.23,415.3 1 1
github.com/echovault/echovault/echovault/echovault.go:417.2,423.6 4 1
github.com/echovault/echovault/echovault/echovault.go:423.6,426.43 2 1
github.com/echovault/echovault/echovault/echovault.go:426.43,429.9 2 0
github.com/echovault/echovault/echovault/echovault.go:432.3,432.17 1 1
github.com/echovault/echovault/echovault/echovault.go:432.17,434.9 2 0
github.com/echovault/echovault/echovault/echovault.go:437.3,439.43 2 1
github.com/echovault/echovault/echovault/echovault.go:439.43,440.9 1 0
github.com/echovault/echovault/echovault/echovault.go:443.3,443.17 1 1
github.com/echovault/echovault/echovault/echovault.go:443.17,444.87 1 0
github.com/echovault/echovault/echovault/echovault.go:444.87,446.5 1 0
github.com/echovault/echovault/echovault/echovault.go:447.4,447.12 1 0
github.com/echovault/echovault/echovault/echovault.go:450.3,453.20 2 1
github.com/echovault/echovault/echovault/echovault.go:453.20,454.12 1 0
github.com/echovault/echovault/echovault/echovault.go:457.3,457.28 1 1
github.com/echovault/echovault/echovault/echovault.go:457.28,459.12 2 1
github.com/echovault/echovault/echovault/echovault.go:463.3,464.7 2 0
github.com/echovault/echovault/echovault/echovault.go:464.7,466.41 1 0
github.com/echovault/echovault/echovault/echovault.go:466.41,468.19 2 0
github.com/echovault/echovault/echovault/echovault.go:468.19,470.6 1 0
github.com/echovault/echovault/echovault/echovault.go:471.5,471.10 1 0
github.com/echovault/echovault/echovault/echovault.go:473.4,474.21 2 0
github.com/echovault/echovault/echovault/echovault.go:474.21,475.10 1 0
github.com/echovault/echovault/echovault/echovault.go:477.4,477.27 1 0
github.com/echovault/echovault/echovault/echovault.go:481.2,481.37 1 0
github.com/echovault/echovault/echovault/echovault.go:481.37,483.3 1 0
github.com/echovault/echovault/echovault/echovault.go:491.34,493.2 1 1
github.com/echovault/echovault/echovault/echovault.go:496.47,497.38 1 0
github.com/echovault/echovault/echovault/echovault.go:497.38,499.3 1 0
github.com/echovault/echovault/echovault/echovault.go:501.2,501.12 1 0
github.com/echovault/echovault/echovault/echovault.go:501.12,502.27 1 0
github.com/echovault/echovault/echovault/echovault.go:502.27,504.53 1 0
github.com/echovault/echovault/echovault/echovault.go:504.53,506.5 1 0
github.com/echovault/echovault/echovault/echovault.go:507.4,507.10 1 0
github.com/echovault/echovault/echovault/echovault.go:510.3,510.62 1 0
github.com/echovault/echovault/echovault/echovault.go:510.62,512.4 1 0
github.com/echovault/echovault/echovault/echovault.go:515.2,515.12 1 0
github.com/echovault/echovault/echovault/echovault.go:518.42,520.2 1 0
github.com/echovault/echovault/echovault/echovault.go:522.43,524.2 1 0
github.com/echovault/echovault/echovault/echovault.go:526.56,528.2 1 0
github.com/echovault/echovault/echovault/echovault.go:531.56,533.2 1 0
github.com/echovault/echovault/echovault/echovault.go:535.44,537.2 1 0
github.com/echovault/echovault/echovault/echovault.go:539.45,541.2 1 0
github.com/echovault/echovault/echovault/echovault.go:544.45,545.40 1 0
github.com/echovault/echovault/echovault/echovault.go:545.40,547.3 1 0
github.com/echovault/echovault/echovault/echovault.go:548.2,548.12 1 0
github.com/echovault/echovault/echovault/echovault.go:548.12,549.55 1 0
github.com/echovault/echovault/echovault/echovault.go:549.55,551.4 1 0
github.com/echovault/echovault/echovault/echovault.go:553.2,553.12 1 0
github.com/echovault/echovault/echovault/echovault.go:558.37,559.26 1 0
github.com/echovault/echovault/echovault/echovault.go:559.26,562.3 2 0
github.com/echovault/echovault/echovault/echovault.go:565.45,582.2 2 1
github.com/echovault/echovault/echovault/keyspace.go:32.67,38.27 4 1
github.com/echovault/echovault/echovault/keyspace.go:38.27,41.3 2 1
github.com/echovault/echovault/echovault/keyspace.go:43.2,43.15 1 1
github.com/echovault/echovault/echovault/keyspace.go:46.58,51.9 4 1
github.com/echovault/echovault/echovault/keyspace.go:51.9,53.3 1 0
github.com/echovault/echovault/echovault/keyspace.go:55.2,55.23 1 1
github.com/echovault/echovault/echovault/keyspace.go:58.95,64.27 4 1
github.com/echovault/echovault/echovault/keyspace.go:64.27,66.10 2 1
github.com/echovault/echovault/echovault/keyspace.go:66.10,68.12 2 1
github.com/echovault/echovault/echovault/keyspace.go:71.3,71.83 1 1
github.com/echovault/echovault/echovault/keyspace.go:71.83,72.29 1 0
github.com/echovault/echovault/echovault/keyspace.go:72.29,75.19 2 0
github.com/echovault/echovault/echovault/keyspace.go:75.19,77.6 1 0
github.com/echovault/echovault/echovault/keyspace.go:78.10,78.65 1 0
github.com/echovault/echovault/echovault/keyspace.go:78.65,81.19 2 0
github.com/echovault/echovault/echovault/keyspace.go:81.19,83.6 1 0
github.com/echovault/echovault/echovault/keyspace.go:84.10,84.66 1 0
github.com/echovault/echovault/echovault/keyspace.go:84.66,89.5 1 0
github.com/echovault/echovault/echovault/keyspace.go:90.4,91.12 2 0
github.com/echovault/echovault/echovault/keyspace.go:94.3,94.28 1 1
github.com/echovault/echovault/echovault/keyspace.go:98.2,98.46 1 1
github.com/echovault/echovault/echovault/keyspace.go:98.46,99.61 1 1
github.com/echovault/echovault/echovault/keyspace.go:99.61,101.4 1 0
github.com/echovault/echovault/echovault/keyspace.go:104.2,104.15 1 1
github.com/echovault/echovault/echovault/keyspace.go:107.95,111.115 3 1
github.com/echovault/echovault/echovault/keyspace.go:111.115,113.3 1 0
github.com/echovault/echovault/echovault/keyspace.go:115.2,115.34 1 1
github.com/echovault/echovault/echovault/keyspace.go:115.34,117.37 2 1
github.com/echovault/echovault/echovault/keyspace.go:117.37,119.4 1 1
github.com/echovault/echovault/echovault/keyspace.go:120.3,124.28 2 1
github.com/echovault/echovault/echovault/keyspace.go:124.28,126.4 1 1
github.com/echovault/echovault/echovault/keyspace.go:130.2,130.63 1 1
github.com/echovault/echovault/echovault/keyspace.go:130.63,131.31 1 1
github.com/echovault/echovault/echovault/keyspace.go:131.31,133.18 2 1
github.com/echovault/echovault/echovault/keyspace.go:133.18,135.5 1 0
github.com/echovault/echovault/echovault/keyspace.go:139.2,139.12 1 1
github.com/echovault/echovault/echovault/keyspace.go:142.101,153.55 5 1
github.com/echovault/echovault/echovault/keyspace.go:153.55,155.3 1 1
github.com/echovault/echovault/echovault/keyspace.go:156.2,159.11 2 1
github.com/echovault/echovault/echovault/keyspace.go:159.11,160.44 1 1
github.com/echovault/echovault/echovault/keyspace.go:160.44,162.18 2 1
github.com/echovault/echovault/echovault/keyspace.go:162.18,164.5 1 0
github.com/echovault/echovault/echovault/keyspace.go:169.54,176.97 4 1
github.com/echovault/echovault/echovault/keyspace.go:176.97,178.3 1 1
github.com/echovault/echovault/echovault/keyspace.go:181.2,181.9 1 1
github.com/echovault/echovault/echovault/keyspace.go:182.108,183.36 1 0
github.com/echovault/echovault/echovault/keyspace.go:184.108,185.36 1 0
github.com/echovault/echovault/echovault/keyspace.go:188.2,190.12 2 1
github.com/echovault/echovault/echovault/keyspace.go:193.60,195.6 1 0
github.com/echovault/echovault/echovault/keyspace.go:195.6,196.83 1 0
github.com/echovault/echovault/echovault/keyspace.go:196.83,198.9 2 0
github.com/echovault/echovault/echovault/keyspace.go:201.2,202.33 2 0
github.com/echovault/echovault/echovault/keyspace.go:202.33,204.3 1 0
github.com/echovault/echovault/echovault/keyspace.go:205.2,206.13 2 0
github.com/echovault/echovault/echovault/keyspace.go:211.86,212.27 1 1
github.com/echovault/echovault/echovault/keyspace.go:212.27,214.84 1 1
github.com/echovault/echovault/echovault/keyspace.go:214.84,216.4 1 1
github.com/echovault/echovault/echovault/keyspace.go:218.3,218.35 1 1
github.com/echovault/echovault/echovault/keyspace.go:218.35,220.4 1 1
github.com/echovault/echovault/echovault/keyspace.go:221.3,221.56 1 0
github.com/echovault/echovault/echovault/keyspace.go:222.29,225.34 3 0
github.com/echovault/echovault/echovault/keyspace.go:226.29,229.34 3 0
github.com/echovault/echovault/echovault/keyspace.go:230.30,232.51 2 0
github.com/echovault/echovault/echovault/keyspace.go:232.51,234.5 1 0
github.com/echovault/echovault/echovault/keyspace.go:235.4,235.34 1 0
github.com/echovault/echovault/echovault/keyspace.go:236.30,238.51 2 0
github.com/echovault/echovault/echovault/keyspace.go:238.51,240.5 1 0
github.com/echovault/echovault/echovault/keyspace.go:241.4,241.34 1 0
github.com/echovault/echovault/echovault/keyspace.go:243.3,243.55 1 0
github.com/echovault/echovault/echovault/keyspace.go:243.55,245.4 1 0
github.com/echovault/echovault/echovault/keyspace.go:247.2,247.12 1 0
github.com/echovault/echovault/echovault/keyspace.go:251.71,253.34 1 0
github.com/echovault/echovault/echovault/keyspace.go:253.34,255.3 1 0
github.com/echovault/echovault/echovault/keyspace.go:258.2,261.50 3 0
github.com/echovault/echovault/echovault/keyspace.go:261.50,263.3 1 0
github.com/echovault/echovault/echovault/keyspace.go:265.2,267.50 3 0
github.com/echovault/echovault/echovault/keyspace.go:267.50,269.3 1 0
github.com/echovault/echovault/echovault/keyspace.go:273.2,275.9 3 0
github.com/echovault/echovault/echovault/keyspace.go:276.125,281.7 3 0
github.com/echovault/echovault/echovault/keyspace.go:281.7,283.40 1 0
github.com/echovault/echovault/echovault/keyspace.go:283.40,285.5 1 0
github.com/echovault/echovault/echovault/keyspace.go:287.4,288.29 2 0
github.com/echovault/echovault/echovault/keyspace.go:288.29,290.49 1 0
github.com/echovault/echovault/echovault/keyspace.go:290.49,292.6 1 0
github.com/echovault/echovault/echovault/keyspace.go:293.10,293.65 1 0
github.com/echovault/echovault/echovault/keyspace.go:293.65,295.63 1 0
github.com/echovault/echovault/echovault/keyspace.go:295.63,297.6 1 0
github.com/echovault/echovault/echovault/keyspace.go:301.4,304.52 3 0
github.com/echovault/echovault/echovault/keyspace.go:304.52,306.5 1 0
github.com/echovault/echovault/echovault/keyspace.go:308.125,313.7 3 0
github.com/echovault/echovault/echovault/keyspace.go:313.7,315.40 1 0
github.com/echovault/echovault/echovault/keyspace.go:315.40,317.5 1 0
github.com/echovault/echovault/echovault/keyspace.go:319.4,320.29 2 0
github.com/echovault/echovault/echovault/keyspace.go:320.29,322.49 1 0
github.com/echovault/echovault/echovault/keyspace.go:322.49,324.6 1 0
github.com/echovault/echovault/echovault/keyspace.go:325.10,325.65 1 0
github.com/echovault/echovault/echovault/keyspace.go:325.65,328.63 1 0
github.com/echovault/echovault/echovault/keyspace.go:328.63,330.6 1 0
github.com/echovault/echovault/echovault/keyspace.go:334.4,337.52 3 0
github.com/echovault/echovault/echovault/keyspace.go:337.52,339.5 1 0
github.com/echovault/echovault/echovault/keyspace.go:341.105,344.7 1 0
github.com/echovault/echovault/echovault/keyspace.go:344.7,347.30 2 0
github.com/echovault/echovault/echovault/keyspace.go:347.30,351.5 3 0
github.com/echovault/echovault/echovault/keyspace.go:353.4,354.37 2 0
github.com/echovault/echovault/echovault/keyspace.go:354.37,355.17 1 0
github.com/echovault/echovault/echovault/keyspace.go:355.17,356.31 1 0
github.com/echovault/echovault/echovault/keyspace.go:356.31,358.51 1 0
github.com/echovault/echovault/echovault/keyspace.go:358.51,360.8 1 0
github.com/echovault/echovault/echovault/keyspace.go:361.12,361.67 1 0
github.com/echovault/echovault/echovault/keyspace.go:361.67,362.65 1 0
github.com/echovault/echovault/echovault/keyspace.go:362.65,364.8 1 0
github.com/echovault/echovault/echovault/keyspace.go:367.6,370.54 3 0
github.com/echovault/echovault/echovault/keyspace.go:370.54,372.7 1 0
github.com/echovault/echovault/echovault/keyspace.go:374.5,374.10 1 0
github.com/echovault/echovault/echovault/keyspace.go:377.106,380.7 1 0
github.com/echovault/echovault/echovault/keyspace.go:380.7,387.29 5 0
github.com/echovault/echovault/echovault/keyspace.go:387.29,389.49 1 0
github.com/echovault/echovault/echovault/keyspace.go:389.49,391.6 1 0
github.com/echovault/echovault/echovault/keyspace.go:392.10,392.65 1 0
github.com/echovault/echovault/echovault/keyspace.go:392.65,393.63 1 0
github.com/echovault/echovault/echovault/keyspace.go:393.63,395.6 1 0
github.com/echovault/echovault/echovault/keyspace.go:399.4,402.52 3 0
github.com/echovault/echovault/echovault/keyspace.go:402.52,404.5 1 0
github.com/echovault/echovault/echovault/keyspace.go:406.10,407.13 1 0
github.com/echovault/echovault/echovault/keyspace.go:416.77,418.57 1 1
github.com/echovault/echovault/echovault/keyspace.go:418.57,420.3 1 0
github.com/echovault/echovault/echovault/keyspace.go:422.2,427.50 3 1
github.com/echovault/echovault/echovault/keyspace.go:427.50,429.3 1 0
github.com/echovault/echovault/echovault/keyspace.go:430.2,437.33 6 1
github.com/echovault/echovault/echovault/keyspace.go:437.33,438.7 1 0
github.com/echovault/echovault/echovault/keyspace.go:438.7,442.35 3 0
github.com/echovault/echovault/echovault/keyspace.go:442.35,444.10 2 0
github.com/echovault/echovault/echovault/keyspace.go:448.2,453.25 4 1
github.com/echovault/echovault/echovault/keyspace.go:453.25,456.28 2 0
github.com/echovault/echovault/echovault/keyspace.go:456.28,457.46 1 0
github.com/echovault/echovault/echovault/keyspace.go:457.46,459.5 1 0
github.com/echovault/echovault/echovault/keyspace.go:460.9,460.64 1 0
github.com/echovault/echovault/echovault/keyspace.go:460.64,461.60 1 0
github.com/echovault/echovault/echovault/keyspace.go:461.60,463.5 1 0
github.com/echovault/echovault/echovault/keyspace.go:468.2,468.21 1 1
github.com/echovault/echovault/echovault/keyspace.go:468.21,470.3 1 1
github.com/echovault/echovault/echovault/keyspace.go:472.2,475.58 2 0
github.com/echovault/echovault/echovault/keyspace.go:475.58,479.3 2 0
github.com/echovault/echovault/echovault/keyspace.go:481.2,481.12 1 0
github.com/echovault/echovault/echovault/modules.go:27.75,30.42 3 1
github.com/echovault/echovault/echovault/modules.go:30.42,31.46 1 1
github.com/echovault/echovault/echovault/modules.go:31.46,33.4 1 1
github.com/echovault/echovault/echovault/modules.go:35.2,35.72 1 1
github.com/echovault/echovault/echovault/modules.go:38.125,58.37 1 1
github.com/echovault/echovault/echovault/modules.go:58.37,62.4 3 1
github.com/echovault/echovault/echovault/modules.go:66.137,68.16 2 1
github.com/echovault/echovault/echovault/modules.go:68.16,70.3 1 0
github.com/echovault/echovault/echovault/modules.go:72.2,72.19 1 1
github.com/echovault/echovault/echovault/modules.go:72.19,74.3 1 0
github.com/echovault/echovault/echovault/modules.go:76.2,77.16 2 1
github.com/echovault/echovault/echovault/modules.go:77.16,79.3 1 1
github.com/echovault/echovault/echovault/modules.go:81.2,85.16 4 1
github.com/echovault/echovault/echovault/modules.go:85.16,87.3 1 1
github.com/echovault/echovault/echovault/modules.go:88.2,89.8 2 1
github.com/echovault/echovault/echovault/modules.go:89.8,92.3 2 1
github.com/echovault/echovault/echovault/modules.go:94.2,94.51 1 1
github.com/echovault/echovault/echovault/modules.go:94.51,97.87 1 1
github.com/echovault/echovault/echovault/modules.go:97.87,99.4 1 0
github.com/echovault/echovault/echovault/modules.go:103.2,103.50 1 1
github.com/echovault/echovault/echovault/modules.go:103.50,104.7 1 1
github.com/echovault/echovault/echovault/modules.go:104.7,105.42 1 1
github.com/echovault/echovault/echovault/modules.go:105.42,107.10 2 1
github.com/echovault/echovault/echovault/modules.go:112.2,112.43 1 1
github.com/echovault/echovault/echovault/modules.go:112.43,114.17 2 1
github.com/echovault/echovault/echovault/modules.go:114.17,116.4 1 1
github.com/echovault/echovault/echovault/modules.go:118.3,118.62 1 1
github.com/echovault/echovault/echovault/modules.go:118.62,120.4 1 1
github.com/echovault/echovault/echovault/modules.go:122.3,124.18 2 1
github.com/echovault/echovault/echovault/modules.go:128.2,128.32 1 1
github.com/echovault/echovault/echovault/modules.go:128.32,131.17 3 1
github.com/echovault/echovault/echovault/modules.go:131.17,133.4 1 0
github.com/echovault/echovault/echovault/modules.go:134.3,134.18 1 1
github.com/echovault/echovault/echovault/modules.go:138.2,138.34 1 0
github.com/echovault/echovault/echovault/modules.go:138.34,141.3 2 0
github.com/echovault/echovault/echovault/modules.go:143.2,143.72 1 0
github.com/echovault/echovault/echovault/plugin.go:37.72,41.41 3 1
github.com/echovault/echovault/echovault/plugin.go:41.41,42.37 1 1
github.com/echovault/echovault/echovault/plugin.go:42.37,44.4 1 1
github.com/echovault/echovault/echovault/plugin.go:45.3,45.44 1 0
github.com/echovault/echovault/echovault/plugin.go:48.2,49.16 2 1
github.com/echovault/echovault/echovault/plugin.go:49.16,51.3 1 0
github.com/echovault/echovault/echovault/plugin.go:53.2,54.16 2 1
github.com/echovault/echovault/echovault/plugin.go:54.16,56.3 1 0
github.com/echovault/echovault/echovault/plugin.go:57.2,58.9 2 1
github.com/echovault/echovault/echovault/plugin.go:58.9,60.3 1 0
github.com/echovault/echovault/echovault/plugin.go:62.2,63.16 2 1
github.com/echovault/echovault/echovault/plugin.go:63.16,65.3 1 0
github.com/echovault/echovault/echovault/plugin.go:66.2,67.9 2 1
github.com/echovault/echovault/echovault/plugin.go:67.9,69.3 1 0
github.com/echovault/echovault/echovault/plugin.go:71.2,72.16 2 1
github.com/echovault/echovault/echovault/plugin.go:72.16,74.3 1 0
github.com/echovault/echovault/echovault/plugin.go:75.2,76.9 2 1
github.com/echovault/echovault/echovault/plugin.go:76.9,78.3 1 0
github.com/echovault/echovault/echovault/plugin.go:80.2,81.16 2 1
github.com/echovault/echovault/echovault/plugin.go:81.16,83.3 1 0
github.com/echovault/echovault/echovault/plugin.go:84.2,85.9 2 1
github.com/echovault/echovault/echovault/plugin.go:85.9,87.3 1 0
github.com/echovault/echovault/echovault/plugin.go:89.2,90.16 2 1
github.com/echovault/echovault/echovault/plugin.go:90.16,92.3 1 0
github.com/echovault/echovault/echovault/plugin.go:93.2,94.9 2 1
github.com/echovault/echovault/echovault/plugin.go:94.9,96.3 1 0
github.com/echovault/echovault/echovault/plugin.go:98.2,99.16 2 1
github.com/echovault/echovault/echovault/plugin.go:99.16,101.3 1 0
github.com/echovault/echovault/echovault/plugin.go:102.2,110.9 2 1
github.com/echovault/echovault/echovault/plugin.go:110.9,112.3 1 0
github.com/echovault/echovault/echovault/plugin.go:115.2,115.91 1 1
github.com/echovault/echovault/echovault/plugin.go:115.91,117.3 1 1
github.com/echovault/echovault/echovault/plugin.go:120.2,123.31 1 1
github.com/echovault/echovault/echovault/plugin.go:123.31,126.36 2 1
github.com/echovault/echovault/echovault/plugin.go:126.36,128.5 1 1
github.com/echovault/echovault/echovault/plugin.go:129.4,129.15 1 1
github.com/echovault/echovault/echovault/plugin.go:134.83,136.18 2 0
github.com/echovault/echovault/echovault/plugin.go:136.18,138.5 1 0
github.com/echovault/echovault/echovault/plugin.go:139.4,143.10 1 0
github.com/echovault/echovault/echovault/plugin.go:145.72,154.4 1 1
github.com/echovault/echovault/echovault/plugin.go:157.2,157.12 1 1
github.com/echovault/echovault/echovault/plugin.go:165.54,168.91 3 1
github.com/echovault/echovault/echovault/plugin.go:168.91,170.3 1 1
github.com/echovault/echovault/echovault/plugin.go:176.49,180.42 4 1
github.com/echovault/echovault/echovault/plugin.go:180.42,181.61 1 1
github.com/echovault/echovault/echovault/plugin.go:181.61,183.4 1 1
github.com/echovault/echovault/echovault/plugin.go:183.6,185.4 1 1
github.com/echovault/echovault/echovault/plugin.go:187.2,187.16 1 1
github.com/echovault/echovault/echovault/test_helpers.go:9.35,16.2 2 1
github.com/echovault/echovault/echovault/test_helpers.go:18.95,19.82 1 1
github.com/echovault/echovault/echovault/test_helpers.go:19.82,21.3 1 0
github.com/echovault/echovault/echovault/test_helpers.go:22.2,22.12 1 1
github.com/echovault/echovault/echovault/test_helpers.go:25.95,28.2 2 1
